<?xml version="1.0" encoding="UTF-8"?>
<!-- Generated by org.testng.reporters.JUnitXMLReporter -->
<testsuite hostname="connsol4" ignored="0" name="AppointmentListingTestCaseXml" tests="1" failures="0" timestamp="12 Jun 2018 13:10:15 GMT" time="0.25" errors="0">
  <testcase name="@BeforeClass setup" time="0.031" classname="com.clovedental.scripts.AppointmentListingTestCase">
    <failure type="org.openqa.selenium.ElementNotInteractableException" message="Element &amp;lt;span id=&amp;quot;username&amp;quot; class=&amp;quot;pull-right username&amp;quot;&amp;gt; is not reachable by keyboard
Build info: version: &amp;apos;3.11.0&amp;apos;, revision: &amp;apos;e59cfb3&amp;apos;, time: &amp;apos;2018-03-11T20:33:15.31Z&amp;apos;
System info: host: &amp;apos;CONNSOL4&amp;apos;, ip: &amp;apos;192.168.1.227&amp;apos;, os.name: &amp;apos;Windows 8.1&amp;apos;, os.arch: &amp;apos;amd64&amp;apos;, os.version: &amp;apos;6.3&amp;apos;, java.version: &amp;apos;1.8.0_161&amp;apos;
Driver info: org.openqa.selenium.firefox.FirefoxDriver
Capabilities {acceptInsecureCerts: true, browserName: firefox, browserVersion: 59.0.3, javascriptEnabled: true, moz:accessibilityChecks: false, moz:headless: false, moz:processID: 412, moz:profile: C:\Users\insys.connsol4\App..., moz:useNonSpecCompliantPointerOrigin: false, moz:webdriverClick: true, pageLoadStrategy: normal, platform: XP, platformName: XP, platformVersion: 6.3, rotatable: false, timeouts: {implicit: 0, pageLoad: 300000, script: 30000}}
Session ID: 3e0b2970-4011-4223-8c1e-2aaedd8e55db">
      <![CDATA[org.openqa.selenium.ElementNotInteractableException: Element <span id="username" class="pull-right username"> is not reachable by keyboard
Build info: version: '3.11.0', revision: 'e59cfb3', time: '2018-03-11T20:33:15.31Z'
System info: host: 'CONNSOL4', ip: '192.168.1.227', os.name: 'Windows 8.1', os.arch: 'amd64', os.version: '6.3', java.version: '1.8.0_161'
Driver info: org.openqa.selenium.firefox.FirefoxDriver
Capabilities {acceptInsecureCerts: true, browserName: firefox, browserVersion: 59.0.3, javascriptEnabled: true, moz:accessibilityChecks: false, moz:headless: false, moz:processID: 412, moz:profile: C:\Users\insys.connsol4\App..., moz:useNonSpecCompliantPointerOrigin: false, moz:webdriverClick: true, pageLoadStrategy: normal, platform: XP, platformName: XP, platformVersion: 6.3, rotatable: false, timeouts: {implicit: 0, pageLoad: 300000, script: 30000}}
Session ID: 3e0b2970-4011-4223-8c1e-2aaedd8e55db
at org.openqa.selenium.remote.http.W3CHttpResponseCodec.createException(W3CHttpResponseCodec.java:187)
at org.openqa.selenium.remote.http.W3CHttpResponseCodec.decode(W3CHttpResponseCodec.java:122)
at org.openqa.selenium.remote.http.W3CHttpResponseCodec.decode(W3CHttpResponseCodec.java:49)
at org.openqa.selenium.remote.HttpCommandExecutor.execute(HttpCommandExecutor.java:158)
at org.openqa.selenium.remote.service.DriverCommandExecutor.execute(DriverCommandExecutor.java:83)
at org.openqa.selenium.remote.RemoteWebDriver.execute(RemoteWebDriver.java:545)
at org.openqa.selenium.remote.RemoteWebElement.execute(RemoteWebElement.java:279)
at org.openqa.selenium.remote.RemoteWebElement.sendKeys(RemoteWebElement.java:100)
at org.openqa.selenium.support.pagefactory.internal.LocatingElementHandler.invoke(LocatingElementHandler.java:51)
at com.sun.proxy.$Proxy12.sendKeys(Unknown Source)
at com.clovedental.pageobject.AppointmnetAdd.LoginPage.login(LoginPage.java:32)
at com.clovedental.scripts.AppointmentListingTestCase.setup(AppointmentListingTestCase.java:69)
... Removed 34 stack frames]]>
    </failure>
  </testcase> <!-- @BeforeClass setup -->
  <testcase name="@BeforeMethod verifyAppointmentListHomePage" time="0.0" classname="com.clovedental.scripts.AppointmentListingTestCase">
    <skipped/>
  </testcase> <!-- @BeforeMethod verifyAppointmentListHomePage -->
  <testcase name="@AfterMethod verifyDoctorDashboard" time="0.0" classname="com.clovedental.scripts.AppointmentListingTestCase">
    <skipped/>
  </testcase> <!-- @AfterMethod verifyDoctorDashboard -->
  <testcase name="@AfterClass tearDown" time="0.0" classname="com.clovedental.scripts.AppointmentListingTestCase">
    <skipped/>
  </testcase> <!-- @AfterClass tearDown -->
  <testcase name="verifyAllEleOnAppListHp" time="0.0" classname="com.clovedental.scripts.AppointmentListingTestCase">
    <skipped/>
  </testcase> <!-- verifyAllEleOnAppListHp -->
</testsuite> <!-- AppointmentListingTestCaseXml -->
