<?xml version="1.0" encoding="UTF-8"?>
<!-- Generated by org.testng.reporters.JUnitXMLReporter -->
<testsuite hostname="connsol4" ignored="0" name="AppointmentAddTestCase" tests="34" failures="5" timestamp="12 Jun 2018 12:20:32 GMT" time="1114.217" errors="0">
  <testcase name="verificationOfAllElements" time="3.797" classname="com.clovedental.scripts.AppointmentAddTestCase"/>
  <testcase name="bookingAnNewAppointment" time="16.556" classname="com.clovedental.scripts.AppointmentAddTestCase"/>
  <testcase name="verificationAlreadyBookedSlotOfDoctor" time="14.918" classname="com.clovedental.scripts.AppointmentAddTestCase"/>
  <testcase name="checkingWithoutEnteringAnyDataAndSave" time="5.593" classname="com.clovedental.scripts.AppointmentAddTestCase"/>
  <testcase name="verifyingCancelBtn" time="3.56" classname="com.clovedental.scripts.AppointmentAddTestCase"/>
  <testcase name="verifyingResetBtn" time="3.701" classname="com.clovedental.scripts.AppointmentAddTestCase"/>
  <testcase name="verificationOfByDefaultTimeInTimeSlot" time="0.693" classname="com.clovedental.scripts.AppointmentAddTestCase"/>
  <testcase name="selectFutureDateAndVerifyingTheTimeSlotByDefaultTime" time="10.511" classname="com.clovedental.scripts.AppointmentAddTestCase"/>
  <testcase name="verificationOfAutoSelectingPatientFromSuggestion" time="2.679" classname="com.clovedental.scripts.AppointmentAddTestCase"/>
  <testcase name="checkAfterAutoSelectEditable" time="2.894" classname="com.clovedental.scripts.AppointmentAddTestCase"/>
  <testcase name="verifyByDefaultTimeInDurationTime" time="0.028" classname="com.clovedental.scripts.AppointmentAddTestCase">
    <failure type="java.lang.AssertionError" message="expected [30] but found []">
      <![CDATA[java.lang.AssertionError: expected [30] but found []
at com.clovedental.pageobject.AppointmnetAdd.AppointmentPage.verifyDurationTime(AppointmentPage.java:427)
at com.clovedental.scripts.AppointmentAddTestCase.verifyByDefaultTimeInDurationTime(AppointmentAddTestCase.java:176)
... Removed 31 stack frames]]>
    </failure>
  </testcase> <!-- verifyByDefaultTimeInDurationTime -->
  <testcase name="bookingAnAppointmentByUsingSchedulaerCalender" time="39.699" classname="com.clovedental.scripts.AppointmentAddTestCase">
    <failure type="org.openqa.selenium.TimeoutException" message="Expected condition failed: waiting for element to be clickable: Proxy element for: DefaultElementLocator &amp;apos;By.xpath: //div[@style=&amp;apos;width: 891px; left: 890px; top: 0px;&amp;apos;]//div[text()=&amp;apos;17:00-19:00&amp;apos;]&amp;apos; (tried for 30 second(s) with 500 milliseconds interval)">
      <![CDATA[org.openqa.selenium.TimeoutException: Expected condition failed: waiting for element to be clickable: Proxy element for: DefaultElementLocator 'By.xpath: //div[@style='width: 891px; left: 890px; top: 0px;']//div[text()='17:00-19:00']' (tried for 30 second(s) with 500 milliseconds interval)
at org.openqa.selenium.support.ui.WebDriverWait.timeoutException(WebDriverWait.java:81)
at org.openqa.selenium.support.ui.FluentWait.until(FluentWait.java:271)
at pageobjects.utils.PCDriver.waitForElementToBeClickable(PCDriver.java:181)
at com.clovedental.pageobject.AppointmnetAdd.AppointmentSchedulerCalenderPage.bookingAppThroughSchedular(AppointmentSchedulerCalenderPage.java:66)
at com.clovedental.scripts.AppointmentAddTestCase.bookingAnAppointmentByUsingSchedulaerCalender(AppointmentAddTestCase.java:182)
Caused by: org.openqa.selenium.NoSuchElementException: Unable to locate element: //div[@style='width: 891px; left: 890px; top: 0px;']//div[text()='17:00-19:00']
For documentation on this error, please visit: http://seleniumhq.org/exceptions/no_such_element.html
Build info: version: '3.11.0', revision: 'e59cfb3', time: '2018-03-11T20:33:15.31Z'
System info: host: 'CONNSOL4', ip: '192.168.1.227', os.name: 'Windows 8.1', os.arch: 'amd64', os.version: '6.3', java.version: '1.8.0_161'
Driver info: org.openqa.selenium.firefox.FirefoxDriver
Capabilities {acceptInsecureCerts: true, browserName: firefox, browserVersion: 59.0.3, javascriptEnabled: true, moz:accessibilityChecks: false, moz:headless: false, moz:processID: 6784, moz:profile: C:\Users\insys.connsol4\App..., moz:useNonSpecCompliantPointerOrigin: false, moz:webdriverClick: true, pageLoadStrategy: normal, platform: XP, platformName: XP, platformVersion: 6.3, rotatable: false, timeouts: {implicit: 0, pageLoad: 300000, script: 30000}}
Session ID: b0c83798-88b5-41cf-84f7-f5a0056c6914
*** Element info: {Using=xpath, value=//div[@style='width: 891px; left: 890px; top: 0px;']//div[text()='17:00-19:00']}
at org.openqa.selenium.remote.http.W3CHttpResponseCodec.createException(W3CHttpResponseCodec.java:187)
at org.openqa.selenium.remote.http.W3CHttpResponseCodec.decode(W3CHttpResponseCodec.java:122)
at org.openqa.selenium.remote.http.W3CHttpResponseCodec.decode(W3CHttpResponseCodec.java:49)
at org.openqa.selenium.remote.HttpCommandExecutor.execute(HttpCommandExecutor.java:158)
at org.openqa.selenium.remote.service.DriverCommandExecutor.execute(DriverCommandExecutor.java:83)
at org.openqa.selenium.remote.RemoteWebDriver.execute(RemoteWebDriver.java:545)
at org.openqa.selenium.remote.RemoteWebDriver.findElement(RemoteWebDriver.java:319)
at org.openqa.selenium.remote.RemoteWebDriver.findElementByXPath(RemoteWebDriver.java:421)
at org.openqa.selenium.By$ByXPath.findElement(By.java:361)
at org.openqa.selenium.remote.RemoteWebDriver.findElement(RemoteWebDriver.java:311)
at org.openqa.selenium.support.pagefactory.DefaultElementLocator.findElement(DefaultElementLocator.java:69)
at org.openqa.selenium.support.pagefactory.internal.LocatingElementHandler.invoke(LocatingElementHandler.java:38)
at com.sun.proxy.$Proxy12.isDisplayed(Unknown Source)
at org.openqa.selenium.support.ui.ExpectedConditions.elementIfVisible(ExpectedConditions.java:315)
at org.openqa.selenium.support.ui.ExpectedConditions.access$100(ExpectedConditions.java:44)
at org.openqa.selenium.support.ui.ExpectedConditions$10.apply(ExpectedConditions.java:301)
at org.openqa.selenium.support.ui.ExpectedConditions$10.apply(ExpectedConditions.java:298)
at org.openqa.selenium.support.ui.ExpectedConditions$23.apply(ExpectedConditions.java:686)
at org.openqa.selenium.support.ui.ExpectedConditions$23.apply(ExpectedConditions.java:682)
at org.openqa.selenium.support.ui.FluentWait.until(FluentWait.java:248)
... 28 more
... Removed 28 stack frames]]>
    </failure>
  </testcase> <!-- bookingAnAppointmentByUsingSchedulaerCalender -->
  <testcase name="verrifyMobileStartWithZero" time="16.587" classname="com.clovedental.scripts.AppointmentAddTestCase"/>
  <testcase name="verifyWithInvalidEmailId" time="5.869" classname="com.clovedental.scripts.AppointmentAddTestCase"/>
  <testcase name="checkingFirstoperatoryByDEfaultSelectedOrNot" time="0.082" classname="com.clovedental.scripts.AppointmentAddTestCase"/>
  <testcase name="sameTimeTwoAppointmentIsNotPosibleOnSameOperatory" time="8.122" classname="com.clovedental.scripts.AppointmentAddTestCase"/>
  <testcase name="verifyAfterClickingOnGoToSchedulerBtn" time="1.087" classname="com.clovedental.scripts.AppointmentAddTestCase"/>
  <testcase name="checkingAfterClickingOnGoToSchedulerYEsBtn" time="3.02" classname="com.clovedental.scripts.AppointmentAddTestCase"/>
  <testcase name="checkingTextualBoxIsApperedOrNotAfterClickingOnOtherFromChiefComplaints" time="0.661" classname="com.clovedental.scripts.AppointmentAddTestCase"/>
  <testcase name="verifyIfBothOperatoryWillBeBookedThenThatTimeFromTimeSlotIsDisable" time="37.61" classname="com.clovedental.scripts.AppointmentAddTestCase"/>
  <testcase name="verifiTentativeCheckbox" time="0.226" classname="com.clovedental.scripts.AppointmentAddTestCase">
    <failure type="org.openqa.selenium.ElementClickInterceptedException" message="Element &amp;lt;input id=&amp;quot;appTentativeEvent&amp;quot; name=&amp;quot;appTentativeEvent&amp;quot; type=&amp;quot;checkbox&amp;quot;&amp;gt; is not clickable at point (848.2833251953125,408.41668701171875) because another element &amp;lt;span class=&amp;quot;ui-icon ui-icon-checkbox-off ui-icon-shadow&amp;quot;&amp;gt; obscures it
Build info: version: &amp;apos;3.11.0&amp;apos;, revision: &amp;apos;e59cfb3&amp;apos;, time: &amp;apos;2018-03-11T20:33:15.31Z&amp;apos;
System info: host: &amp;apos;CONNSOL4&amp;apos;, ip: &amp;apos;192.168.1.227&amp;apos;, os.name: &amp;apos;Windows 8.1&amp;apos;, os.arch: &amp;apos;amd64&amp;apos;, os.version: &amp;apos;6.3&amp;apos;, java.version: &amp;apos;1.8.0_161&amp;apos;
Driver info: org.openqa.selenium.firefox.FirefoxDriver
Capabilities {acceptInsecureCerts: true, browserName: firefox, browserVersion: 59.0.3, javascriptEnabled: true, moz:accessibilityChecks: false, moz:headless: false, moz:processID: 6784, moz:profile: C:\Users\insys.connsol4\App..., moz:useNonSpecCompliantPointerOrigin: false, moz:webdriverClick: true, pageLoadStrategy: normal, platform: XP, platformName: XP, platformVersion: 6.3, rotatable: false, timeouts: {implicit: 0, pageLoad: 300000, script: 30000}}
Session ID: b0c83798-88b5-41cf-84f7-f5a0056c6914">
      <![CDATA[org.openqa.selenium.ElementClickInterceptedException: Element <input id="appTentativeEvent" name="appTentativeEvent" type="checkbox"> is not clickable at point (848.2833251953125,408.41668701171875) because another element <span class="ui-icon ui-icon-checkbox-off ui-icon-shadow"> obscures it
Build info: version: '3.11.0', revision: 'e59cfb3', time: '2018-03-11T20:33:15.31Z'
System info: host: 'CONNSOL4', ip: '192.168.1.227', os.name: 'Windows 8.1', os.arch: 'amd64', os.version: '6.3', java.version: '1.8.0_161'
Driver info: org.openqa.selenium.firefox.FirefoxDriver
Capabilities {acceptInsecureCerts: true, browserName: firefox, browserVersion: 59.0.3, javascriptEnabled: true, moz:accessibilityChecks: false, moz:headless: false, moz:processID: 6784, moz:profile: C:\Users\insys.connsol4\App..., moz:useNonSpecCompliantPointerOrigin: false, moz:webdriverClick: true, pageLoadStrategy: normal, platform: XP, platformName: XP, platformVersion: 6.3, rotatable: false, timeouts: {implicit: 0, pageLoad: 300000, script: 30000}}
Session ID: b0c83798-88b5-41cf-84f7-f5a0056c6914
at org.openqa.selenium.remote.http.W3CHttpResponseCodec.createException(W3CHttpResponseCodec.java:187)
at org.openqa.selenium.remote.http.W3CHttpResponseCodec.decode(W3CHttpResponseCodec.java:122)
at org.openqa.selenium.remote.http.W3CHttpResponseCodec.decode(W3CHttpResponseCodec.java:49)
at org.openqa.selenium.remote.HttpCommandExecutor.execute(HttpCommandExecutor.java:158)
at org.openqa.selenium.remote.service.DriverCommandExecutor.execute(DriverCommandExecutor.java:83)
at org.openqa.selenium.remote.RemoteWebDriver.execute(RemoteWebDriver.java:545)
at org.openqa.selenium.remote.RemoteWebElement.execute(RemoteWebElement.java:279)
at org.openqa.selenium.remote.RemoteWebElement.click(RemoteWebElement.java:83)
at org.openqa.selenium.support.pagefactory.internal.LocatingElementHandler.invoke(LocatingElementHandler.java:51)
at com.sun.proxy.$Proxy12.click(Unknown Source)
at com.clovedental.pageobject.AppointmnetAdd.AppointmentPage.checkBehaviourOfTentativeCheckBox(AppointmentPage.java:530)
at com.clovedental.scripts.AppointmentAddTestCase.verifiTentativeCheckbox(AppointmentAddTestCase.java:266)
... Removed 32 stack frames]]>
    </failure>
  </testcase> <!-- verifiTentativeCheckbox -->
  <testcase name="verifyAllWebElementOnEventAdd" time="5.575" classname="com.clovedental.scripts.AppointmentAddTestCase"/>
  <testcase name="checkingWithoutMandatoryFields" time="9.85" classname="com.clovedental.scripts.AppointmentAddTestCase"/>
  <testcase name="impactOfTitle" time="55.734" classname="com.clovedental.scripts.AppointmentAddTestCase">
    <failure type="org.openqa.selenium.NoSuchElementException" message="Unable to locate element: //span[contains(text(),&amp;apos;himalaya&amp;apos;)]
For documentation on this error, please visit: http://seleniumhq.org/exceptions/no_such_element.html
Build info: version: &amp;apos;3.11.0&amp;apos;, revision: &amp;apos;e59cfb3&amp;apos;, time: &amp;apos;2018-03-11T20:33:15.31Z&amp;apos;
System info: host: &amp;apos;CONNSOL4&amp;apos;, ip: &amp;apos;192.168.1.227&amp;apos;, os.name: &amp;apos;Windows 8.1&amp;apos;, os.arch: &amp;apos;amd64&amp;apos;, os.version: &amp;apos;6.3&amp;apos;, java.version: &amp;apos;1.8.0_161&amp;apos;
Driver info: org.openqa.selenium.firefox.FirefoxDriver
Capabilities {acceptInsecureCerts: true, browserName: firefox, browserVersion: 59.0.3, javascriptEnabled: true, moz:accessibilityChecks: false, moz:headless: false, moz:processID: 6784, moz:profile: C:\Users\insys.connsol4\App..., moz:useNonSpecCompliantPointerOrigin: false, moz:webdriverClick: true, pageLoadStrategy: normal, platform: XP, platformName: XP, platformVersion: 6.3, rotatable: false, timeouts: {implicit: 0, pageLoad: 300000, script: 30000}}
Session ID: b0c83798-88b5-41cf-84f7-f5a0056c6914
*** Element info: {Using=xpath, value=//span[contains(text(),&amp;apos;himalaya&amp;apos;)]}">
      <![CDATA[org.openqa.selenium.NoSuchElementException: Unable to locate element: //span[contains(text(),'himalaya')]
For documentation on this error, please visit: http://seleniumhq.org/exceptions/no_such_element.html
Build info: version: '3.11.0', revision: 'e59cfb3', time: '2018-03-11T20:33:15.31Z'
System info: host: 'CONNSOL4', ip: '192.168.1.227', os.name: 'Windows 8.1', os.arch: 'amd64', os.version: '6.3', java.version: '1.8.0_161'
Driver info: org.openqa.selenium.firefox.FirefoxDriver
Capabilities {acceptInsecureCerts: true, browserName: firefox, browserVersion: 59.0.3, javascriptEnabled: true, moz:accessibilityChecks: false, moz:headless: false, moz:processID: 6784, moz:profile: C:\Users\insys.connsol4\App..., moz:useNonSpecCompliantPointerOrigin: false, moz:webdriverClick: true, pageLoadStrategy: normal, platform: XP, platformName: XP, platformVersion: 6.3, rotatable: false, timeouts: {implicit: 0, pageLoad: 300000, script: 30000}}
Session ID: b0c83798-88b5-41cf-84f7-f5a0056c6914
*** Element info: {Using=xpath, value=//span[contains(text(),'himalaya')]}
at org.openqa.selenium.remote.http.W3CHttpResponseCodec.createException(W3CHttpResponseCodec.java:187)
at org.openqa.selenium.remote.http.W3CHttpResponseCodec.decode(W3CHttpResponseCodec.java:122)
at org.openqa.selenium.remote.http.W3CHttpResponseCodec.decode(W3CHttpResponseCodec.java:49)
at org.openqa.selenium.remote.HttpCommandExecutor.execute(HttpCommandExecutor.java:158)
at org.openqa.selenium.remote.service.DriverCommandExecutor.execute(DriverCommandExecutor.java:83)
at org.openqa.selenium.remote.RemoteWebDriver.execute(RemoteWebDriver.java:545)
at org.openqa.selenium.remote.RemoteWebDriver.findElement(RemoteWebDriver.java:319)
at org.openqa.selenium.remote.RemoteWebDriver.findElementByXPath(RemoteWebDriver.java:421)
at org.openqa.selenium.By$ByXPath.findElement(By.java:361)
at org.openqa.selenium.remote.RemoteWebDriver.findElement(RemoteWebDriver.java:311)
at com.clovedental.pageobject.AppointmnetAdd.ClinicEventsPage.verifyTitleDisplayOnEventlist(ClinicEventsPage.java:125)
at com.clovedental.scripts.AppointmentAddTestCase.impactOfTitle(AppointmentAddTestCase.java:305)
... Removed 28 stack frames]]>
    </failure>
  </testcase> <!-- impactOfTitle -->
  <testcase name="verifyBehaviourOfClinicDrpDwnOnEvent" time="4.401" classname="com.clovedental.scripts.AppointmentAddTestCase"/>
  <testcase name="verifyBehaviourOfDoctorDrpDwnOnEvent" time="5.461" classname="com.clovedental.scripts.AppointmentAddTestCase"/>
  <testcase name="verifyBehaviourOfCategoryDrpDwnOnEvent" time="4.772" classname="com.clovedental.scripts.AppointmentAddTestCase"/>
  <testcase name="behaviourOfEventType" time="4.629" classname="com.clovedental.scripts.AppointmentAddTestCase"/>
  <testcase name="verifyDocIfAlreadyAppOnSameTime" time="0.0" classname="com.clovedental.scripts.AppointmentAddTestCase">
    <skipped/>
  </testcase> <!-- verifyDocIfAlreadyAppOnSameTime -->
  <testcase name="invalidTimeDuation" time="11.512" classname="com.clovedental.scripts.AppointmentAddTestCase"/>
  <testcase name="verifyResetBtn" time="3.875" classname="com.clovedental.scripts.AppointmentAddTestCase"/>
  <testcase name="verifyCancelBtn" time="7.436" classname="com.clovedental.scripts.AppointmentAddTestCase"/>
  <testcase name="behaviourOfDateCalOnEvent" time="3.868" classname="com.clovedental.scripts.AppointmentAddTestCase"/>
  <testcase name="verifyEventTimeWhichNotAvailableOnScheduler" time="56.999" classname="com.clovedental.scripts.AppointmentAddTestCase">
    <failure type="java.lang.AssertionError" message="expected [true] but found [false]">
      <![CDATA[java.lang.AssertionError: expected [true] but found [false]
at com.clovedental.pageobject.AppointmnetAdd.AppointmentSchedulerCalenderPage.timeSlotWhichIsNotAvailableOnwscheduler(AppointmentSchedulerCalenderPage.java:184)
at com.clovedental.scripts.AppointmentAddTestCase.verifyEventTimeWhichNotAvailableOnScheduler(AppointmentAddTestCase.java:406)
... Removed 29 stack frames]]>
    </failure>
  </testcase> <!-- verifyEventTimeWhichNotAvailableOnScheduler -->
</testsuite> <!-- AppointmentAddTestCase -->
