<?xml version="1.0" encoding="UTF-8"?>
<!-- Generated by org.testng.reporters.JUnitReportReporter -->
<<<<<<< HEAD
<testsuite hostname="DESKTOP-52UKSVS" name="com.prm.scripts.MiscellaneousCallTestCase" tests="8" failures="0" timestamp="29 Apr 2020 09:22:05 GMT" time="344.680" errors="0">
  <testcase name="checkedMiscellaneousAddAndListUi" time="49.489" classname="com.prm.scripts.MiscellaneousCallTestCase"/>
  <testcase name="addAnotherMiscellaneousCall" time="41.710" classname="com.prm.scripts.MiscellaneousCallTestCase"/>
  <testcase name="checkAllButtonOnMiscellaneousCallList" time="30.916" classname="com.prm.scripts.MiscellaneousCallTestCase"/>
  <testcase name="verifyDataAfterSelectFilter" time="31.689" classname="com.prm.scripts.MiscellaneousCallTestCase"/>
  <testcase name="checkValidationMsgsInNewMiscellaneousCall" time="59.505" classname="com.prm.scripts.MiscellaneousCallTestCase"/>
  <testcase name="checkAllButtonOnNewMiscellaneousCall" time="68.389" classname="com.prm.scripts.MiscellaneousCallTestCase"/>
  <testcase name="addMiscellaneousCall" time="35.989" classname="com.prm.scripts.MiscellaneousCallTestCase"/>
  <testcase name="verifyMultipleDataAfterSelectFilter" time="26.993" classname="com.prm.scripts.MiscellaneousCallTestCase"/>
=======
<testsuite hostname="IS-FLX5-UJ" failures="1" tests="8" name="com.prm.scripts.MiscellaneousCallTestCase" time="363.251" errors="0" timestamp="04 Apr 2023 07:53:46 GMT" skipped="0">
  <testcase classname="com.prm.scripts.MiscellaneousCallTestCase" name="verifyDateFilter" time="21.488"/>
  <testcase classname="com.prm.scripts.MiscellaneousCallTestCase" name="verifyNameMobileSearchFilter" time="90.126"/>
  <testcase classname="com.prm.scripts.MiscellaneousCallTestCase" name="checkedMiscellaneousAddAndListUi" time="24.060"/>
  <testcase classname="com.prm.scripts.MiscellaneousCallTestCase" name="addMiscellaneousCall" time="12.739">
    <failure message="expected [false] but found [true]" type="java.lang.AssertionError">
      <![CDATA[java.lang.AssertionError: expected [false] but found [true]
at org.testng.Assert.fail(Assert.java:96)
at org.testng.Assert.failNotEquals(Assert.java:776)
at org.testng.Assert.assertFalse(Assert.java:65)
at org.testng.Assert.assertFalse(Assert.java:75)
at com.prm.docdashboard.pageobject.MiscellaneousCallListingPage.checkDateTimeMainList(MiscellaneousCallListingPage.java:177)
at com.prm.scripts.MiscellaneousCallTestCase.addMiscellaneousCall(MiscellaneousCallTestCase.java:159)
at java.base/jdk.internal.reflect.NativeMethodAccessorImpl.invoke0(Native Method)
at java.base/jdk.internal.reflect.NativeMethodAccessorImpl.invoke(NativeMethodAccessorImpl.java:77)
at java.base/jdk.internal.reflect.DelegatingMethodAccessorImpl.invoke(DelegatingMethodAccessorImpl.java:43)
at java.base/java.lang.reflect.Method.invoke(Method.java:568)
at org.testng.internal.MethodInvocationHelper.invokeMethod(MethodInvocationHelper.java:124)
at org.testng.internal.Invoker.invokeMethod(Invoker.java:583)
at org.testng.internal.Invoker.invokeTestMethod(Invoker.java:719)
at org.testng.internal.Invoker.invokeTestMethods(Invoker.java:989)
at org.testng.internal.TestMethodWorker.invokeTestMethods(TestMethodWorker.java:125)
at org.testng.internal.TestMethodWorker.run(TestMethodWorker.java:109)
at org.testng.TestRunner.privateRun(TestRunner.java:648)
at org.testng.TestRunner.run(TestRunner.java:505)
at org.testng.SuiteRunner.runTest(SuiteRunner.java:455)
at org.testng.SuiteRunner.runSequentially(SuiteRunner.java:450)
at org.testng.SuiteRunner.privateRun(SuiteRunner.java:415)
at org.testng.SuiteRunner.run(SuiteRunner.java:364)
at org.testng.SuiteRunnerWorker.runSuite(SuiteRunnerWorker.java:52)
at org.testng.SuiteRunnerWorker.run(SuiteRunnerWorker.java:84)
at org.testng.TestNG.runSuitesSequentially(TestNG.java:1208)
at org.testng.TestNG.runSuitesLocally(TestNG.java:1137)
at org.testng.TestNG.runSuites(TestNG.java:1049)
at org.testng.TestNG.run(TestNG.java:1017)
at org.testng.remote.AbstractRemoteTestNG.run(AbstractRemoteTestNG.java:115)
at org.testng.remote.RemoteTestNG.initAndRun(RemoteTestNG.java:251)
at org.testng.remote.RemoteTestNG.main(RemoteTestNG.java:77)
]]>
    </failure>
  </testcase> <!-- addMiscellaneousCall -->
  <testcase classname="com.prm.scripts.MiscellaneousCallTestCase" name="checkValidationMsgsInNewMiscellaneousCall" time="22.133"/>
  <testcase classname="com.prm.scripts.MiscellaneousCallTestCase" name="checkAllButtonOnNewMiscellaneousCall" time="18.579"/>
  <testcase classname="com.prm.scripts.MiscellaneousCallTestCase" name="checkAllButtonOnMiscellaneousCallList" time="24.306"/>
  <testcase classname="com.prm.scripts.MiscellaneousCallTestCase" name="verifyDropDownFilterOnListing" time="149.820"/>
>>>>>>> umesh_productSales_Event
</testsuite> <!-- com.prm.scripts.MiscellaneousCallTestCase -->
