<?xml version="1.0" encoding="UTF-8"?>
<!-- Generated by org.testng.reporters.JUnitXMLReporter -->
<testsuite ignored="7" hostname="IS-FLX5-UJ" failures="3" tests="3" name="Miscellaneous Call(failed)(failed)(failed)(failed)" time="85.258" errors="0" timestamp="30 Mar 2023 12:23:19 GMT">
  <testcase classname="com.prm.scripts.MiscellaneousCallTestCase" name="addMiscellaneousCall" time="16.024">
    <failure type="org.openqa.selenium.NoSuchElementException" message="no such element: Unable to locate element: {&amp;quot;method&amp;quot;:&amp;quot;xpath&amp;quot;,&amp;quot;selector&amp;quot;:&amp;quot;//span[contains(text(),&amp;apos;Call details added successfully!&amp;apos;)]&amp;quot;}
  (Session info: chrome=107.0.5304.107)
For documentation on this error, please visit: http://seleniumhq.org/exceptions/no_such_element.html
Build info: version: &amp;apos;3.14.0&amp;apos;, revision: &amp;apos;aacccce0&amp;apos;, time: &amp;apos;2018-08-02T20:19:58.91Z&amp;apos;
System info: host: &amp;apos;IS-FLX5-UJ&amp;apos;, ip: &amp;apos;192.168.230.234&amp;apos;, os.name: &amp;apos;Windows 11&amp;apos;, os.arch: &amp;apos;amd64&amp;apos;, os.version: &amp;apos;10.0&amp;apos;, java.version: &amp;apos;17.0.4&amp;apos;
Driver info: org.openqa.selenium.chrome.ChromeDriver
Capabilities {acceptInsecureCerts: false, browserName: chrome, browserVersion: 107.0.5304.107, chrome: {chromedriverVersion: 107.0.5304.62 (1eec40d3a576..., userDataDir: C:\Users\UMESHJ~1\AppData\L...}, goog:chromeOptions: {debuggerAddress: localhost:64330}, javascriptEnabled: true, networkConnectionEnabled: false, pageLoadStrategy: normal, platform: WINDOWS, platformName: WINDOWS, proxy: Proxy(), setWindowRect: true, strictFileInteractability: false, timeouts: {implicit: 0, pageLoad: 300000, script: 30000}, unhandledPromptBehavior: dismiss and notify, webauthn:extension:credBlob: true, webauthn:extension:largeBlob: true, webauthn:virtualAuthenticators: true}
Session ID: df244b056279927d144a2cd6c62b3067
*** Element info: {Using=xpath, value=//span[contains(text(),&amp;apos;Call details added successfully!&amp;apos;)]}">
      <![CDATA[org.openqa.selenium.NoSuchElementException: no such element: Unable to locate element: {"method":"xpath","selector":"//span[contains(text(),'Call details added successfully!')]"}
  (Session info: chrome=107.0.5304.107)
For documentation on this error, please visit: http://seleniumhq.org/exceptions/no_such_element.html
Build info: version: '3.14.0', revision: 'aacccce0', time: '2018-08-02T20:19:58.91Z'
System info: host: 'IS-FLX5-UJ', ip: '192.168.230.234', os.name: 'Windows 11', os.arch: 'amd64', os.version: '10.0', java.version: '17.0.4'
Driver info: org.openqa.selenium.chrome.ChromeDriver
Capabilities {acceptInsecureCerts: false, browserName: chrome, browserVersion: 107.0.5304.107, chrome: {chromedriverVersion: 107.0.5304.62 (1eec40d3a576..., userDataDir: C:\Users\UMESHJ~1\AppData\L...}, goog:chromeOptions: {debuggerAddress: localhost:64330}, javascriptEnabled: true, networkConnectionEnabled: false, pageLoadStrategy: normal, platform: WINDOWS, platformName: WINDOWS, proxy: Proxy(), setWindowRect: true, strictFileInteractability: false, timeouts: {implicit: 0, pageLoad: 300000, script: 30000}, unhandledPromptBehavior: dismiss and notify, webauthn:extension:credBlob: true, webauthn:extension:largeBlob: true, webauthn:virtualAuthenticators: true}
Session ID: df244b056279927d144a2cd6c62b3067
*** Element info: {Using=xpath, value=//span[contains(text(),'Call details added successfully!')]}
at org.openqa.selenium.remote.http.W3CHttpResponseCodec.createException(W3CHttpResponseCodec.java:187)
at org.openqa.selenium.remote.http.W3CHttpResponseCodec.decode(W3CHttpResponseCodec.java:122)
at org.openqa.selenium.remote.http.W3CHttpResponseCodec.decode(W3CHttpResponseCodec.java:49)
at org.openqa.selenium.remote.HttpCommandExecutor.execute(HttpCommandExecutor.java:158)
at org.openqa.selenium.remote.service.DriverCommandExecutor.execute(DriverCommandExecutor.java:83)
at org.openqa.selenium.remote.RemoteWebDriver.execute(RemoteWebDriver.java:548)
at org.openqa.selenium.remote.RemoteWebDriver.findElement(RemoteWebDriver.java:322)
at org.openqa.selenium.remote.RemoteWebDriver.findElementByXPath(RemoteWebDriver.java:424)
at org.openqa.selenium.By$ByXPath.findElement(By.java:353)
at org.openqa.selenium.remote.RemoteWebDriver.findElement(RemoteWebDriver.java:314)
at org.openqa.selenium.support.pagefactory.DefaultElementLocator.findElement(DefaultElementLocator.java:69)
at org.openqa.selenium.support.pagefactory.internal.LocatingElementHandler.invoke(LocatingElementHandler.java:38)
at jdk.proxy2/jdk.proxy2.$Proxy13.isDisplayed(Unknown Source)
at com.prm.docdashboard.pageobject.MiscellaneousCallListingPage.checkedWebElementDisplayed(MiscellaneousCallListingPage.java:423)
at com.prm.docdashboard.pageobject.MiscellaneousCallListingPage.verifySuccessfullMessage(MiscellaneousCallListingPage.java:212)
at com.prm.scripts.MiscellaneousCallTestCase.addMiscellaneousCall(MiscellaneousCallTestCase.java:155)
... Removed 30 stack frames]]>
    </failure>
  </testcase> <!-- addMiscellaneousCall -->
  <testcase classname="com.prm.scripts.MiscellaneousCallTestCase" name="addAnotherMiscellaneousCall" time="17.22">
    <failure type="org.openqa.selenium.NoSuchElementException" message="no such element: Unable to locate element: {&amp;quot;method&amp;quot;:&amp;quot;xpath&amp;quot;,&amp;quot;selector&amp;quot;:&amp;quot;//span[text()=&amp;apos;30-03-23&amp;apos;]/../../following-sibling::td[text()=&amp;apos;1133344335&amp;apos;]/following-sibling::td[text()=&amp;apos;Seema&amp;apos;]&amp;quot;}
  (Session info: chrome=107.0.5304.107)
For documentation on this error, please visit: http://seleniumhq.org/exceptions/no_such_element.html
Build info: version: &amp;apos;3.14.0&amp;apos;, revision: &amp;apos;aacccce0&amp;apos;, time: &amp;apos;2018-08-02T20:19:58.91Z&amp;apos;
System info: host: &amp;apos;IS-FLX5-UJ&amp;apos;, ip: &amp;apos;192.168.230.234&amp;apos;, os.name: &amp;apos;Windows 11&amp;apos;, os.arch: &amp;apos;amd64&amp;apos;, os.version: &amp;apos;10.0&amp;apos;, java.version: &amp;apos;17.0.4&amp;apos;
Driver info: org.openqa.selenium.chrome.ChromeDriver
Capabilities {acceptInsecureCerts: false, browserName: chrome, browserVersion: 107.0.5304.107, chrome: {chromedriverVersion: 107.0.5304.62 (1eec40d3a576..., userDataDir: C:\Users\UMESHJ~1\AppData\L...}, goog:chromeOptions: {debuggerAddress: localhost:64330}, javascriptEnabled: true, networkConnectionEnabled: false, pageLoadStrategy: normal, platform: WINDOWS, platformName: WINDOWS, proxy: Proxy(), setWindowRect: true, strictFileInteractability: false, timeouts: {implicit: 0, pageLoad: 300000, script: 30000}, unhandledPromptBehavior: dismiss and notify, webauthn:extension:credBlob: true, webauthn:extension:largeBlob: true, webauthn:virtualAuthenticators: true}
Session ID: df244b056279927d144a2cd6c62b3067
*** Element info: {Using=xpath, value=//span[text()=&amp;apos;30-03-23&amp;apos;]/../../following-sibling::td[text()=&amp;apos;1133344335&amp;apos;]/following-sibling::td[text()=&amp;apos;Seema&amp;apos;]}">
      <![CDATA[org.openqa.selenium.NoSuchElementException: no such element: Unable to locate element: {"method":"xpath","selector":"//span[text()='30-03-23']/../../following-sibling::td[text()='1133344335']/following-sibling::td[text()='Seema']"}
  (Session info: chrome=107.0.5304.107)
For documentation on this error, please visit: http://seleniumhq.org/exceptions/no_such_element.html
Build info: version: '3.14.0', revision: 'aacccce0', time: '2018-08-02T20:19:58.91Z'
System info: host: 'IS-FLX5-UJ', ip: '192.168.230.234', os.name: 'Windows 11', os.arch: 'amd64', os.version: '10.0', java.version: '17.0.4'
Driver info: org.openqa.selenium.chrome.ChromeDriver
Capabilities {acceptInsecureCerts: false, browserName: chrome, browserVersion: 107.0.5304.107, chrome: {chromedriverVersion: 107.0.5304.62 (1eec40d3a576..., userDataDir: C:\Users\UMESHJ~1\AppData\L...}, goog:chromeOptions: {debuggerAddress: localhost:64330}, javascriptEnabled: true, networkConnectionEnabled: false, pageLoadStrategy: normal, platform: WINDOWS, platformName: WINDOWS, proxy: Proxy(), setWindowRect: true, strictFileInteractability: false, timeouts: {implicit: 0, pageLoad: 300000, script: 30000}, unhandledPromptBehavior: dismiss and notify, webauthn:extension:credBlob: true, webauthn:extension:largeBlob: true, webauthn:virtualAuthenticators: true}
Session ID: df244b056279927d144a2cd6c62b3067
*** Element info: {Using=xpath, value=//span[text()='30-03-23']/../../following-sibling::td[text()='1133344335']/following-sibling::td[text()='Seema']}
at org.openqa.selenium.remote.http.W3CHttpResponseCodec.createException(W3CHttpResponseCodec.java:187)
at org.openqa.selenium.remote.http.W3CHttpResponseCodec.decode(W3CHttpResponseCodec.java:122)
at org.openqa.selenium.remote.http.W3CHttpResponseCodec.decode(W3CHttpResponseCodec.java:49)
at org.openqa.selenium.remote.HttpCommandExecutor.execute(HttpCommandExecutor.java:158)
at org.openqa.selenium.remote.service.DriverCommandExecutor.execute(DriverCommandExecutor.java:83)
at org.openqa.selenium.remote.RemoteWebDriver.execute(RemoteWebDriver.java:548)
at org.openqa.selenium.remote.RemoteWebDriver.findElement(RemoteWebDriver.java:322)
at org.openqa.selenium.remote.RemoteWebDriver.findElementByXPath(RemoteWebDriver.java:424)
at org.openqa.selenium.By$ByXPath.findElement(By.java:353)
at org.openqa.selenium.remote.RemoteWebDriver.findElement(RemoteWebDriver.java:314)
at com.prm.docdashboard.pageobject.MiscellaneousCallListingPage.miscellaneousCallList(MiscellaneousCallListingPage.java:195)
at com.prm.scripts.MiscellaneousCallTestCase.addAnotherMiscellaneousCall(MiscellaneousCallTestCase.java:266)
... Removed 30 stack frames]]>
    </failure>
  </testcase> <!-- addAnotherMiscellaneousCall -->
  <testcase classname="com.prm.scripts.MiscellaneousCallTestCase" name="verifyDataAfterSelectFilter" time="33.534">
    <failure type="org.openqa.selenium.NoSuchElementException" message="Cannot locate element with text: Seema
For documentation on this error, please visit: http://seleniumhq.org/exceptions/no_such_element.html
Build info: version: &amp;apos;3.14.0&amp;apos;, revision: &amp;apos;aacccce0&amp;apos;, time: &amp;apos;2018-08-02T20:19:58.91Z&amp;apos;
System info: host: &amp;apos;IS-FLX5-UJ&amp;apos;, ip: &amp;apos;192.168.230.234&amp;apos;, os.name: &amp;apos;Windows 11&amp;apos;, os.arch: &amp;apos;amd64&amp;apos;, os.version: &amp;apos;10.0&amp;apos;, java.version: &amp;apos;17.0.4&amp;apos;
Driver info: driver.version: PCDriver">
      <![CDATA[org.openqa.selenium.NoSuchElementException: Cannot locate element with text: Seema
For documentation on this error, please visit: http://seleniumhq.org/exceptions/no_such_element.html
Build info: version: '3.14.0', revision: 'aacccce0', time: '2018-08-02T20:19:58.91Z'
System info: host: 'IS-FLX5-UJ', ip: '192.168.230.234', os.name: 'Windows 11', os.arch: 'amd64', os.version: '10.0', java.version: '17.0.4'
Driver info: driver.version: PCDriver
at org.openqa.selenium.support.ui.Select.selectByVisibleText(Select.java:151)
at com.prm.pageobjects.utils.PCDriver.selectFromDropDownByVisibleText(PCDriver.java:207)
at com.prm.docdashboard.pageobject.MiscellaneousCallListingPage.selectCallerName(MiscellaneousCallListingPage.java:292)
at com.prm.scripts.MiscellaneousCallTestCase.verifyDataAfterSelectFilter(MiscellaneousCallTestCase.java:313)
... Removed 25 stack frames]]>
    </failure>
  </testcase> <!-- verifyDataAfterSelectFilter -->
  <testcase classname="com.prm.scripts.MiscellaneousCallTestCase" name="checkAllButtonOnMiscellaneousCallList" time="0.0">
    <ignored/>
  </testcase> <!-- checkAllButtonOnMiscellaneousCallList -->
  <testcase classname="com.prm.scripts.MiscellaneousCallTestCase" name="verifyDateFilter" time="0.0">
    <ignored/>
  </testcase> <!-- verifyDateFilter -->
  <testcase classname="com.prm.scripts.MiscellaneousCallTestCase" name="checkValidationMsgsInNewMiscellaneousCall" time="0.0">
    <ignored/>
  </testcase> <!-- checkValidationMsgsInNewMiscellaneousCall -->
  <testcase classname="com.prm.scripts.MiscellaneousCallTestCase" name="verifyNameMobileSearchFilter" time="0.0">
    <ignored/>
  </testcase> <!-- verifyNameMobileSearchFilter -->
  <testcase classname="com.prm.scripts.MiscellaneousCallTestCase" name="checkAllButtonOnNewMiscellaneousCall" time="0.0">
    <ignored/>
  </testcase> <!-- checkAllButtonOnNewMiscellaneousCall -->
  <testcase classname="com.prm.scripts.MiscellaneousCallTestCase" name="checkedMiscellaneousAddAndListUi" time="0.0">
    <ignored/>
  </testcase> <!-- checkedMiscellaneousAddAndListUi -->
  <testcase classname="com.prm.scripts.MiscellaneousCallTestCase" name="verifyMultipleDataAfterSelectFilter" time="0.0">
    <ignored/>
  </testcase> <!-- verifyMultipleDataAfterSelectFilter -->
</testsuite> <!-- Miscellaneous Call(failed)(failed)(failed)(failed) -->
