<?xml version="1.0" encoding="UTF-8"?>
<!-- Generated by org.testng.reporters.JUnitXMLReporter -->
<<<<<<< HEAD
<testsuite ignored="7" hostname="IS-FLX5-VV" failures="0" tests="1" name="Default test" time="71.82" errors="0" timestamp="25 Apr 2023 09:34:05 GMT">
  <testcase classname="com.prm.scripts.AppointmentAddEConsultTestCase" name="bookNewAppointmentEConsult" time="30.478"/>
  <testcase classname="com.prm.scripts.AppointmentAddEConsultTestCase" name="editAppointmentWithInvaidHours" time="0.0">
    <ignored/>
  </testcase> <!-- editAppointmentWithInvaidHours -->
  <testcase classname="com.prm.scripts.AppointmentAddEConsultTestCase" name="deleteAppointment" time="0.0">
    <ignored/>
  </testcase> <!-- deleteAppointment -->
  <testcase classname="com.prm.scripts.AppointmentAddEConsultTestCase" name="editAppointment" time="0.0">
    <ignored/>
  </testcase> <!-- editAppointment -->
  <testcase classname="com.prm.scripts.AppointmentAddEConsultTestCase" name="validateAutoSelectPatientFromSuggestion" time="0.0">
    <ignored/>
  </testcase> <!-- validateAutoSelectPatientFromSuggestion -->
  <testcase classname="com.prm.scripts.AppointmentAddEConsultTestCase" name="appointmentEConsultPage" time="0.0">
    <ignored/>
  </testcase> <!-- appointmentEConsultPage -->
  <testcase classname="com.prm.scripts.AppointmentAddEConsultTestCase" name="mandatoryFields" time="0.0">
    <ignored/>
  </testcase> <!-- mandatoryFields -->
  <testcase classname="com.prm.scripts.AppointmentAddEConsultTestCase" name="verifyAlreadyBookedDoctorSlot" time="0.0">
    <ignored/>
  </testcase> <!-- verifyAlreadyBookedDoctorSlot -->
=======
<testsuite ignored="6" hostname="DESKTOP-S2MF7MK" failures="1" tests="1" name="Default test" time="87.046" errors="0" timestamp="20 Apr 2023 19:14:10 GMT">
  <testcase classname="com.prm.scripts.PrescriptionTestCase" name="addPrescription" time="54.374">
    <failure type="org.openqa.selenium.NoSuchElementException" message="Unable to locate element: //td[text()=&amp;apos;Dr. reddy4&amp;apos;]/../td[text()=&amp;apos;sup.head&amp;apos;]
For documentation on this error, please visit: http://seleniumhq.org/exceptions/no_such_element.html
Build info: version: &amp;apos;3.14.0&amp;apos;, revision: &amp;apos;aacccce0&amp;apos;, time: &amp;apos;2018-08-02T20:19:58.91Z&amp;apos;
System info: host: &amp;apos;DESKTOP-S2MF7MK&amp;apos;, ip: &amp;apos;192.168.0.109&amp;apos;, os.name: &amp;apos;Windows 10&amp;apos;, os.arch: &amp;apos;amd64&amp;apos;, os.version: &amp;apos;10.0&amp;apos;, java.version: &amp;apos;15.0.1&amp;apos;
Driver info: org.openqa.selenium.firefox.FirefoxDriver
Capabilities {acceptInsecureCerts: true, browserName: firefox, browserVersion: 112.0.1, javascriptEnabled: true, moz:accessibilityChecks: false, moz:buildID: 20230414125621, moz:geckodriverVersion: 0.23.0, moz:headless: false, moz:platformVersion: 10.0, moz:processID: 8616, moz:profile: C:\Users\Nikhil\AppData\Loc..., moz:shutdownTimeout: 60000, moz:useNonSpecCompliantPointerOrigin: false, moz:webdriverClick: true, moz:windowless: false, pageLoadStrategy: normal, platform: WINDOWS, platformName: WINDOWS, proxy: Proxy(), setWindowRect: true, strictFileInteractability: false, timeouts: {implicit: 0, pageLoad: 300000, script: 30000}, unhandledPromptBehavior: dismiss and notify}
Session ID: 5394fb0a-6637-4363-b289-2c3d773d771d
*** Element info: {Using=xpath, value=//td[text()=&amp;apos;Dr. reddy4&amp;apos;]/../td[text()=&amp;apos;sup.head&amp;apos;]}">
      <![CDATA[org.openqa.selenium.NoSuchElementException: Unable to locate element: //td[text()='Dr. reddy4']/../td[text()='sup.head']
For documentation on this error, please visit: http://seleniumhq.org/exceptions/no_such_element.html
Build info: version: '3.14.0', revision: 'aacccce0', time: '2018-08-02T20:19:58.91Z'
System info: host: 'DESKTOP-S2MF7MK', ip: '192.168.0.109', os.name: 'Windows 10', os.arch: 'amd64', os.version: '10.0', java.version: '15.0.1'
Driver info: org.openqa.selenium.firefox.FirefoxDriver
Capabilities {acceptInsecureCerts: true, browserName: firefox, browserVersion: 112.0.1, javascriptEnabled: true, moz:accessibilityChecks: false, moz:buildID: 20230414125621, moz:geckodriverVersion: 0.23.0, moz:headless: false, moz:platformVersion: 10.0, moz:processID: 8616, moz:profile: C:\Users\Nikhil\AppData\Loc..., moz:shutdownTimeout: 60000, moz:useNonSpecCompliantPointerOrigin: false, moz:webdriverClick: true, moz:windowless: false, pageLoadStrategy: normal, platform: WINDOWS, platformName: WINDOWS, proxy: Proxy(), setWindowRect: true, strictFileInteractability: false, timeouts: {implicit: 0, pageLoad: 300000, script: 30000}, unhandledPromptBehavior: dismiss and notify}
Session ID: 5394fb0a-6637-4363-b289-2c3d773d771d
*** Element info: {Using=xpath, value=//td[text()='Dr. reddy4']/../td[text()='sup.head']}
at java.base/jdk.internal.reflect.NativeConstructorAccessorImpl.newInstance0(Native Method)
at java.base/jdk.internal.reflect.NativeConstructorAccessorImpl.newInstance(NativeConstructorAccessorImpl.java:64)
at java.base/jdk.internal.reflect.DelegatingConstructorAccessorImpl.newInstance(DelegatingConstructorAccessorImpl.java:45)
at java.base/java.lang.reflect.Constructor.newInstanceWithCaller(Constructor.java:500)
at java.base/java.lang.reflect.Constructor.newInstance(Constructor.java:481)
at org.openqa.selenium.remote.http.W3CHttpResponseCodec.createException(W3CHttpResponseCodec.java:187)
at org.openqa.selenium.remote.http.W3CHttpResponseCodec.decode(W3CHttpResponseCodec.java:122)
at org.openqa.selenium.remote.http.W3CHttpResponseCodec.decode(W3CHttpResponseCodec.java:49)
at org.openqa.selenium.remote.HttpCommandExecutor.execute(HttpCommandExecutor.java:158)
at org.openqa.selenium.remote.service.DriverCommandExecutor.execute(DriverCommandExecutor.java:83)
at org.openqa.selenium.remote.RemoteWebDriver.execute(RemoteWebDriver.java:548)
at org.openqa.selenium.remote.RemoteWebDriver.findElement(RemoteWebDriver.java:322)
at org.openqa.selenium.remote.RemoteWebDriver.findElementByXPath(RemoteWebDriver.java:424)
at org.openqa.selenium.By$ByXPath.findElement(By.java:353)
at org.openqa.selenium.remote.RemoteWebDriver.findElement(RemoteWebDriver.java:314)
at com.prm.patientdashboard.pageobject.PrescriptionListingPage.prescriptionInMainList(PrescriptionListingPage.java:134)
at com.prm.scripts.PrescriptionTestCase.addPrescription(PrescriptionTestCase.java:220)
at java.base/jdk.internal.reflect.NativeMethodAccessorImpl.invoke0(Native Method)
at java.base/jdk.internal.reflect.NativeMethodAccessorImpl.invoke(NativeMethodAccessorImpl.java:64)
at java.base/jdk.internal.reflect.DelegatingMethodAccessorImpl.invoke(DelegatingMethodAccessorImpl.java:43)
at java.base/java.lang.reflect.Method.invoke(Method.java:564)
at org.testng.internal.MethodInvocationHelper.invokeMethod(MethodInvocationHelper.java:124)
at org.testng.internal.Invoker.invokeMethod(Invoker.java:583)
at org.testng.internal.Invoker.invokeTestMethod(Invoker.java:719)
at org.testng.internal.Invoker.invokeTestMethods(Invoker.java:989)
at org.testng.internal.TestMethodWorker.invokeTestMethods(TestMethodWorker.java:125)
at org.testng.internal.TestMethodWorker.run(TestMethodWorker.java:109)
at org.testng.TestRunner.privateRun(TestRunner.java:648)
at org.testng.TestRunner.run(TestRunner.java:505)
at org.testng.SuiteRunner.runTest(SuiteRunner.java:455)
at org.testng.SuiteRunner.runSequentially(SuiteRunner.java:450)
at org.testng.SuiteRunner.privateRun(SuiteRunner.java:415)
at org.testng.SuiteRunner.run(SuiteRunner.java:364)
at org.testng.SuiteRunnerWorker.runSuite(SuiteRunnerWorker.java:52)
at org.testng.SuiteRunnerWorker.run(SuiteRunnerWorker.java:84)
at org.testng.TestNG.runSuitesSequentially(TestNG.java:1208)
at org.testng.TestNG.runSuitesLocally(TestNG.java:1137)
at org.testng.TestNG.runSuites(TestNG.java:1049)
at org.testng.TestNG.run(TestNG.java:1017)
at org.testng.remote.AbstractRemoteTestNG.run(AbstractRemoteTestNG.java:115)
at org.testng.remote.RemoteTestNG.initAndRun(RemoteTestNG.java:251)
at org.testng.remote.RemoteTestNG.main(RemoteTestNG.java:77)
]]>
    </failure>
  </testcase> <!-- addPrescription -->
  <testcase classname="com.prm.scripts.PrescriptionTestCase" name="editPrescription" time="0.0">
    <ignored/>
  </testcase> <!-- editPrescription -->
  <testcase classname="com.prm.scripts.PrescriptionTestCase" name="checkedPrescriptionAddAndPrescriptionListingUi" time="0.0">
    <ignored/>
  </testcase> <!-- checkedPrescriptionAddAndPrescriptionListingUi -->
  <testcase classname="com.prm.scripts.PrescriptionTestCase" name="validationMsgAddPrescriptionPage" time="0.0">
    <ignored/>
  </testcase> <!-- validationMsgAddPrescriptionPage -->
  <testcase classname="com.prm.scripts.PrescriptionTestCase" name="deletePrescriptionFromInputList" time="0.0">
    <ignored/>
  </testcase> <!-- deletePrescriptionFromInputList -->
  <testcase classname="com.prm.scripts.PrescriptionTestCase" name="deletePrescriptionFromPrescriptionListing" time="0.0">
    <ignored/>
  </testcase> <!-- deletePrescriptionFromPrescriptionListing -->
  <testcase classname="com.prm.scripts.PrescriptionTestCase" name="checkedPrescriptionListingAfterAddPrescription" time="0.0">
    <ignored/>
  </testcase> <!-- checkedPrescriptionListingAfterAddPrescription -->
>>>>>>> feature/LwoFilePrescription
</testsuite> <!-- Default test -->
