<?xml version="1.0" encoding="UTF-8"?>
<!-- Generated by org.testng.reporters.JUnitXMLReporter -->
<testsuite ignored="26" hostname="IS-FLX5-UJ" failures="1" tests="4" name="ByScannerEventTestCases" time="15.184" errors="0" timestamp="22 Mar 2023 08:49:47 GMT">
  <testcase classname="com.prm.scripts.EventTestCase" name="@AfterMethod statusOfScripts" time="1.366">
    <failure type="org.openqa.selenium.ElementClickInterceptedException" message="element click intercepted: Element &amp;lt;a id=&amp;quot;brand_logo&amp;quot; class=&amp;quot;navbar-brand ui-link&amp;quot; data-ajax=&amp;quot;false&amp;quot; href=&amp;quot;home.shtml&amp;quot;&amp;gt;...&amp;lt;/a&amp;gt; is not clickable at point (73, 35). Other element would receive the click: &amp;lt;div class=&amp;quot;modal fade dueAppointmentModal in&amp;quot; id=&amp;quot;dueApptModal&amp;quot; tabindex=&amp;quot;-1&amp;quot; role=&amp;quot;dialog&amp;quot; data-keyboard=&amp;quot;false&amp;quot; aria-labelledby=&amp;quot;dueApptLabel&amp;quot; data-backdrop=&amp;quot;static&amp;quot; style=&amp;quot;display: block;&amp;quot;&amp;gt;...&amp;lt;/div&amp;gt;
  (Session info: chrome=107.0.5304.107)
Build info: version: &amp;apos;3.14.0&amp;apos;, revision: &amp;apos;aacccce0&amp;apos;, time: &amp;apos;2018-08-02T20:19:58.91Z&amp;apos;
System info: host: &amp;apos;IS-FLX5-UJ&amp;apos;, ip: &amp;apos;192.168.0.212&amp;apos;, os.name: &amp;apos;Windows 11&amp;apos;, os.arch: &amp;apos;amd64&amp;apos;, os.version: &amp;apos;10.0&amp;apos;, java.version: &amp;apos;17.0.4&amp;apos;
Driver info: org.openqa.selenium.chrome.ChromeDriver
Capabilities {acceptInsecureCerts: false, browserName: chrome, browserVersion: 107.0.5304.107, chrome: {chromedriverVersion: 107.0.5304.62 (1eec40d3a576..., userDataDir: C:\Users\UMESHJ~1\AppData\L...}, goog:chromeOptions: {debuggerAddress: localhost:52701}, javascriptEnabled: true, networkConnectionEnabled: false, pageLoadStrategy: normal, platform: WINDOWS, platformName: WINDOWS, proxy: Proxy(), setWindowRect: true, strictFileInteractability: false, timeouts: {implicit: 0, pageLoad: 300000, script: 30000}, unhandledPromptBehavior: dismiss and notify, webauthn:extension:credBlob: true, webauthn:extension:largeBlob: true, webauthn:virtualAuthenticators: true}
Session ID: 5b2d37da1c55cbcad799005d55452492">
      <![CDATA[org.openqa.selenium.ElementClickInterceptedException: element click intercepted: Element <a id="brand_logo" class="navbar-brand ui-link" data-ajax="false" href="home.shtml">...</a> is not clickable at point (73, 35). Other element would receive the click: <div class="modal fade dueAppointmentModal in" id="dueApptModal" tabindex="-1" role="dialog" data-keyboard="false" aria-labelledby="dueApptLabel" data-backdrop="static" style="display: block;">...</div>
  (Session info: chrome=107.0.5304.107)
Build info: version: '3.14.0', revision: 'aacccce0', time: '2018-08-02T20:19:58.91Z'
System info: host: 'IS-FLX5-UJ', ip: '192.168.0.212', os.name: 'Windows 11', os.arch: 'amd64', os.version: '10.0', java.version: '17.0.4'
Driver info: org.openqa.selenium.chrome.ChromeDriver
Capabilities {acceptInsecureCerts: false, browserName: chrome, browserVersion: 107.0.5304.107, chrome: {chromedriverVersion: 107.0.5304.62 (1eec40d3a576..., userDataDir: C:\Users\UMESHJ~1\AppData\L...}, goog:chromeOptions: {debuggerAddress: localhost:52701}, javascriptEnabled: true, networkConnectionEnabled: false, pageLoadStrategy: normal, platform: WINDOWS, platformName: WINDOWS, proxy: Proxy(), setWindowRect: true, strictFileInteractability: false, timeouts: {implicit: 0, pageLoad: 300000, script: 30000}, unhandledPromptBehavior: dismiss and notify, webauthn:extension:credBlob: true, webauthn:extension:largeBlob: true, webauthn:virtualAuthenticators: true}
Session ID: 5b2d37da1c55cbcad799005d55452492
at org.openqa.selenium.remote.http.W3CHttpResponseCodec.createException(W3CHttpResponseCodec.java:187)
at org.openqa.selenium.remote.http.W3CHttpResponseCodec.decode(W3CHttpResponseCodec.java:122)
at org.openqa.selenium.remote.http.W3CHttpResponseCodec.decode(W3CHttpResponseCodec.java:49)
at org.openqa.selenium.remote.HttpCommandExecutor.execute(HttpCommandExecutor.java:158)
at org.openqa.selenium.remote.service.DriverCommandExecutor.execute(DriverCommandExecutor.java:83)
at org.openqa.selenium.remote.RemoteWebDriver.execute(RemoteWebDriver.java:548)
at org.openqa.selenium.remote.RemoteWebElement.execute(RemoteWebElement.java:276)
at org.openqa.selenium.remote.RemoteWebElement.click(RemoteWebElement.java:83)
at org.openqa.selenium.support.pagefactory.internal.LocatingElementHandler.invoke(LocatingElementHandler.java:51)
at jdk.proxy2/jdk.proxy2.$Proxy13.click(Unknown Source)
at com.prm.docdashboard.pageobject.BasePage.backTODoctorDashboard(BasePage.java:79)
at com.prm.scripts.EventTestCase.statusOfScripts(EventTestCase.java:1356)
... Removed 36 stack frames]]>
    </failure>
  </testcase> <!-- @AfterMethod statusOfScripts -->
  <testcase classname="com.prm.scripts.EventTestCase" name="verifyByScannerEvent" time="6.891">
    <failure type="org.openqa.selenium.ElementClickInterceptedException" message="element click intercepted: Element &amp;lt;span id=&amp;quot;dashBoardAppointmentAdd&amp;quot;&amp;gt;...&amp;lt;/span&amp;gt; is not clickable at point (253, 333). Other element would receive the click: &amp;lt;div class=&amp;quot;modal fade dueAppointmentModal in&amp;quot; id=&amp;quot;dueApptModal&amp;quot; tabindex=&amp;quot;-1&amp;quot; role=&amp;quot;dialog&amp;quot; data-keyboard=&amp;quot;false&amp;quot; aria-labelledby=&amp;quot;dueApptLabel&amp;quot; data-backdrop=&amp;quot;static&amp;quot; style=&amp;quot;display: block;&amp;quot;&amp;gt;...&amp;lt;/div&amp;gt;
  (Session info: chrome=107.0.5304.107)
Build info: version: &amp;apos;3.14.0&amp;apos;, revision: &amp;apos;aacccce0&amp;apos;, time: &amp;apos;2018-08-02T20:19:58.91Z&amp;apos;
System info: host: &amp;apos;IS-FLX5-UJ&amp;apos;, ip: &amp;apos;192.168.0.212&amp;apos;, os.name: &amp;apos;Windows 11&amp;apos;, os.arch: &amp;apos;amd64&amp;apos;, os.version: &amp;apos;10.0&amp;apos;, java.version: &amp;apos;17.0.4&amp;apos;
Driver info: org.openqa.selenium.chrome.ChromeDriver
Capabilities {acceptInsecureCerts: false, browserName: chrome, browserVersion: 107.0.5304.107, chrome: {chromedriverVersion: 107.0.5304.62 (1eec40d3a576..., userDataDir: C:\Users\UMESHJ~1\AppData\L...}, goog:chromeOptions: {debuggerAddress: localhost:52701}, javascriptEnabled: true, networkConnectionEnabled: false, pageLoadStrategy: normal, platform: WINDOWS, platformName: WINDOWS, proxy: Proxy(), setWindowRect: true, strictFileInteractability: false, timeouts: {implicit: 0, pageLoad: 300000, script: 30000}, unhandledPromptBehavior: dismiss and notify, webauthn:extension:credBlob: true, webauthn:extension:largeBlob: true, webauthn:virtualAuthenticators: true}
Session ID: 5b2d37da1c55cbcad799005d55452492">
      <![CDATA[org.openqa.selenium.ElementClickInterceptedException: element click intercepted: Element <span id="dashBoardAppointmentAdd">...</span> is not clickable at point (253, 333). Other element would receive the click: <div class="modal fade dueAppointmentModal in" id="dueApptModal" tabindex="-1" role="dialog" data-keyboard="false" aria-labelledby="dueApptLabel" data-backdrop="static" style="display: block;">...</div>
  (Session info: chrome=107.0.5304.107)
Build info: version: '3.14.0', revision: 'aacccce0', time: '2018-08-02T20:19:58.91Z'
System info: host: 'IS-FLX5-UJ', ip: '192.168.0.212', os.name: 'Windows 11', os.arch: 'amd64', os.version: '10.0', java.version: '17.0.4'
Driver info: org.openqa.selenium.chrome.ChromeDriver
Capabilities {acceptInsecureCerts: false, browserName: chrome, browserVersion: 107.0.5304.107, chrome: {chromedriverVersion: 107.0.5304.62 (1eec40d3a576..., userDataDir: C:\Users\UMESHJ~1\AppData\L...}, goog:chromeOptions: {debuggerAddress: localhost:52701}, javascriptEnabled: true, networkConnectionEnabled: false, pageLoadStrategy: normal, platform: WINDOWS, platformName: WINDOWS, proxy: Proxy(), setWindowRect: true, strictFileInteractability: false, timeouts: {implicit: 0, pageLoad: 300000, script: 30000}, unhandledPromptBehavior: dismiss and notify, webauthn:extension:credBlob: true, webauthn:extension:largeBlob: true, webauthn:virtualAuthenticators: true}
Session ID: 5b2d37da1c55cbcad799005d55452492
at org.openqa.selenium.remote.http.W3CHttpResponseCodec.createException(W3CHttpResponseCodec.java:187)
at org.openqa.selenium.remote.http.W3CHttpResponseCodec.decode(W3CHttpResponseCodec.java:122)
at org.openqa.selenium.remote.http.W3CHttpResponseCodec.decode(W3CHttpResponseCodec.java:49)
at org.openqa.selenium.remote.HttpCommandExecutor.execute(HttpCommandExecutor.java:158)
at org.openqa.selenium.remote.service.DriverCommandExecutor.execute(DriverCommandExecutor.java:83)
at org.openqa.selenium.remote.RemoteWebDriver.execute(RemoteWebDriver.java:548)
at org.openqa.selenium.remote.RemoteWebElement.execute(RemoteWebElement.java:276)
at org.openqa.selenium.remote.RemoteWebElement.click(RemoteWebElement.java:83)
at org.openqa.selenium.support.pagefactory.internal.LocatingElementHandler.invoke(LocatingElementHandler.java:51)
at jdk.proxy2/jdk.proxy2.$Proxy13.click(Unknown Source)
at com.prm.docdashboard.pageobject.DoctorDashBoard.clickonAppointmentAdd(DoctorDashBoard.java:101)
at com.prm.scripts.EventTestCase.verifyByScannerEvent(EventTestCase.java:965)
... Removed 33 stack frames]]>
    </failure>
  </testcase> <!-- verifyByScannerEvent -->
  <testcase classname="com.prm.scripts.EventTestCase" name="verifyAddingEventOnLastScannerAvailable" time="0.0">
    <skipped/>
  </testcase> <!-- verifyAddingEventOnLastScannerAvailable -->
  <testcase classname="com.prm.scripts.EventTestCase" name="verifyUpdateByScannerEvent" time="0.0">
    <skipped/>
  </testcase> <!-- verifyUpdateByScannerEvent -->
  <testcase classname="com.prm.scripts.EventTestCase" name="verifyDeleteByScannerEvent" time="0.0">
    <skipped/>
  </testcase> <!-- verifyDeleteByScannerEvent -->
  <testcase classname="com.prm.scripts.EventTestCase" name="verifyDeleteByRoomEvent" time="0.0">
    <ignored/>
  </testcase> <!-- verifyDeleteByRoomEvent -->
  <testcase classname="com.prm.scripts.EventTestCase" name="verifyAddEventFromEventListingAndRedirection" time="0.0">
    <ignored/>
  </testcase> <!-- verifyAddEventFromEventListingAndRedirection -->
  <testcase classname="com.prm.scripts.EventTestCase" name="verifyElementOnEventList" time="0.0">
    <ignored/>
  </testcase> <!-- verifyElementOnEventList -->
  <testcase classname="com.prm.scripts.EventTestCase" name="verifyAddEventIfAppointmentAlreadyBookedForTime" time="0.0">
    <ignored/>
  </testcase> <!-- verifyAddEventIfAppointmentAlreadyBookedForTime -->
  <testcase classname="com.prm.scripts.EventTestCase" name="verifyDocEventIfAlreadyEventOnSameTime" time="0.0">
    <ignored/>
  </testcase> <!-- verifyDocEventIfAlreadyEventOnSameTime -->
  <testcase classname="com.prm.scripts.EventTestCase" name="verifyAddingByDoctorEvent" time="0.0">
    <ignored/>
  </testcase> <!-- verifyAddingByDoctorEvent -->
  <testcase classname="com.prm.scripts.EventTestCase" name="verifyResetBtnOnEventListing" time="0.0">
    <ignored/>
  </testcase> <!-- verifyResetBtnOnEventListing -->
  <testcase classname="com.prm.scripts.EventTestCase" name="verifyByRoomEvent" time="0.0">
    <ignored/>
  </testcase> <!-- verifyByRoomEvent -->
  <testcase classname="com.prm.scripts.EventTestCase" name="verifyCancelAndResetBtnWorkingOnAddEvent" time="0.0">
    <ignored/>
  </testcase> <!-- verifyCancelAndResetBtnWorkingOnAddEvent -->
  <testcase classname="com.prm.scripts.EventTestCase" name="verifyHoursMinsutesAndDurationValidation" time="0.0">
    <ignored/>
  </testcase> <!-- verifyHoursMinsutesAndDurationValidation -->
  <testcase classname="com.prm.scripts.EventTestCase" name="checkingWithoutMandatoryFields" time="0.0">
    <ignored/>
  </testcase> <!-- checkingWithoutMandatoryFields -->
  <testcase classname="com.prm.scripts.EventTestCase" name="addingEventForPastTime" time="0.0">
    <ignored/>
  </testcase> <!-- addingEventForPastTime -->
  <testcase classname="com.prm.scripts.EventTestCase" name="verifyEventTypeFilterWithDateFilter" time="0.0">
    <ignored/>
  </testcase> <!-- verifyEventTypeFilterWithDateFilter -->
  <testcase classname="com.prm.scripts.EventTestCase" name="verifyCategoryFilterWithDateAndTypeFilter" time="0.0">
    <ignored/>
  </testcase> <!-- verifyCategoryFilterWithDateAndTypeFilter -->
  <testcase classname="com.prm.scripts.EventTestCase" name="checkFrmDateIsNotLaterToToDate" time="0.0">
    <ignored/>
  </testcase> <!-- checkFrmDateIsNotLaterToToDate -->
  <testcase classname="com.prm.scripts.EventTestCase" name="verifyUpdateDoctorEvent" time="0.0">
    <ignored/>
  </testcase> <!-- verifyUpdateDoctorEvent -->
  <testcase classname="com.prm.scripts.EventTestCase" name="verifyDoctorFilterWithDateFilterOnEventList" time="0.0">
    <ignored/>
  </testcase> <!-- verifyDoctorFilterWithDateFilterOnEventList -->
  <testcase classname="com.prm.scripts.EventTestCase" name="verifyAddEventIfTentativeAppointmentAlreadyBookedForTime" time="0.0">
    <ignored/>
  </testcase> <!-- verifyAddEventIfTentativeAppointmentAlreadyBookedForTime -->
  <testcase classname="com.prm.scripts.EventTestCase" name="verifyUpdateByRoomEvent" time="0.0">
    <ignored/>
  </testcase> <!-- verifyUpdateByRoomEvent -->
  <testcase classname="com.prm.scripts.EventTestCase" name="verifyDeleteByOperatoryEvent" time="0.0">
    <ignored/>
  </testcase> <!-- verifyDeleteByOperatoryEvent -->
  <testcase classname="com.prm.scripts.EventTestCase" name="verifyAddingEventOnLastOpearatoryAvailable" time="0.0">
    <ignored/>
  </testcase> <!-- verifyAddingEventOnLastOpearatoryAvailable -->
  <testcase classname="com.prm.scripts.EventTestCase" name="verifyDeleteDoctorEvent" time="0.0">
    <ignored/>
  </testcase> <!-- verifyDeleteDoctorEvent -->
  <testcase classname="com.prm.scripts.EventTestCase" name="verifyFrmAndToDateFilter" time="0.0">
    <ignored/>
  </testcase> <!-- verifyFrmAndToDateFilter -->
  <testcase classname="com.prm.scripts.EventTestCase" name="verifyByOperatoryEvent" time="0.0">
    <ignored/>
  </testcase> <!-- verifyByOperatoryEvent -->
  <testcase classname="com.prm.scripts.EventTestCase" name="verifyUpdateByOperatoryEvent" time="0.0">
    <ignored/>
  </testcase> <!-- verifyUpdateByOperatoryEvent -->
  <testcase classname="com.prm.scripts.EventTestCase" name="verifyAllWebElementOnEventAdd" time="0.0">
    <ignored/>
  </testcase> <!-- verifyAllWebElementOnEventAdd -->
</testsuite> <!-- ByScannerEventTestCases -->
