<?xml version="1.0" encoding="UTF-8"?>
<!-- Generated by org.testng.reporters.JUnitXMLReporter -->
<testsuite ignored="22" hostname="IS-FLX5-UJ" failures="4" tests="8" name="EventListing" time="252.803" errors="0" timestamp="22 Mar 2023 08:54:00 GMT">
  <testcase classname="com.prm.scripts.EventTestCase" name="verifyElementOnEventList" time="8.856"/>
  <testcase classname="com.prm.scripts.EventTestCase" name="verifyAddEventFromEventListingAndRedirection" time="12.807">
    <failure type="org.openqa.selenium.StaleElementReferenceException" message="stale element reference: element is not attached to the page document
  (Session info: chrome=107.0.5304.107)
For documentation on this error, please visit: http://seleniumhq.org/exceptions/stale_element_reference.html
Build info: version: &amp;apos;3.14.0&amp;apos;, revision: &amp;apos;aacccce0&amp;apos;, time: &amp;apos;2018-08-02T20:19:58.91Z&amp;apos;
System info: host: &amp;apos;IS-FLX5-UJ&amp;apos;, ip: &amp;apos;192.168.0.212&amp;apos;, os.name: &amp;apos;Windows 11&amp;apos;, os.arch: &amp;apos;amd64&amp;apos;, os.version: &amp;apos;10.0&amp;apos;, java.version: &amp;apos;17.0.4&amp;apos;
Driver info: org.openqa.selenium.chrome.ChromeDriver
Capabilities {acceptInsecureCerts: false, browserName: chrome, browserVersion: 107.0.5304.107, chrome: {chromedriverVersion: 107.0.5304.62 (1eec40d3a576..., userDataDir: C:\Users\UMESHJ~1\AppData\L...}, goog:chromeOptions: {debuggerAddress: localhost:52771}, javascriptEnabled: true, networkConnectionEnabled: false, pageLoadStrategy: normal, platform: WINDOWS, platformName: WINDOWS, proxy: Proxy(), setWindowRect: true, strictFileInteractability: false, timeouts: {implicit: 0, pageLoad: 300000, script: 30000}, unhandledPromptBehavior: dismiss and notify, webauthn:extension:credBlob: true, webauthn:extension:largeBlob: true, webauthn:virtualAuthenticators: true}
Session ID: f3f335d3b41858e10043ab27be3ad310">
      <![CDATA[org.openqa.selenium.StaleElementReferenceException: stale element reference: element is not attached to the page document
  (Session info: chrome=107.0.5304.107)
For documentation on this error, please visit: http://seleniumhq.org/exceptions/stale_element_reference.html
Build info: version: '3.14.0', revision: 'aacccce0', time: '2018-08-02T20:19:58.91Z'
System info: host: 'IS-FLX5-UJ', ip: '192.168.0.212', os.name: 'Windows 11', os.arch: 'amd64', os.version: '10.0', java.version: '17.0.4'
Driver info: org.openqa.selenium.chrome.ChromeDriver
Capabilities {acceptInsecureCerts: false, browserName: chrome, browserVersion: 107.0.5304.107, chrome: {chromedriverVersion: 107.0.5304.62 (1eec40d3a576..., userDataDir: C:\Users\UMESHJ~1\AppData\L...}, goog:chromeOptions: {debuggerAddress: localhost:52771}, javascriptEnabled: true, networkConnectionEnabled: false, pageLoadStrategy: normal, platform: WINDOWS, platformName: WINDOWS, proxy: Proxy(), setWindowRect: true, strictFileInteractability: false, timeouts: {implicit: 0, pageLoad: 300000, script: 30000}, unhandledPromptBehavior: dismiss and notify, webauthn:extension:credBlob: true, webauthn:extension:largeBlob: true, webauthn:virtualAuthenticators: true}
Session ID: f3f335d3b41858e10043ab27be3ad310
at org.openqa.selenium.remote.http.W3CHttpResponseCodec.createException(W3CHttpResponseCodec.java:187)
at org.openqa.selenium.remote.http.W3CHttpResponseCodec.decode(W3CHttpResponseCodec.java:122)
at org.openqa.selenium.remote.http.W3CHttpResponseCodec.decode(W3CHttpResponseCodec.java:49)
at org.openqa.selenium.remote.HttpCommandExecutor.execute(HttpCommandExecutor.java:158)
at org.openqa.selenium.remote.service.DriverCommandExecutor.execute(DriverCommandExecutor.java:83)
at org.openqa.selenium.remote.RemoteWebDriver.execute(RemoteWebDriver.java:548)
at org.openqa.selenium.remote.RemoteWebElement.execute(RemoteWebElement.java:276)
at org.openqa.selenium.remote.RemoteWebElement.isDisplayed(RemoteWebElement.java:317)
at org.openqa.selenium.support.pagefactory.internal.LocatingElementHandler.invoke(LocatingElementHandler.java:51)
at jdk.proxy2/jdk.proxy2.$Proxy13.isDisplayed(Unknown Source)
at org.openqa.selenium.support.ui.ExpectedConditions.elementIfVisible(ExpectedConditions.java:315)
at org.openqa.selenium.support.ui.ExpectedConditions.access$100(ExpectedConditions.java:44)
at org.openqa.selenium.support.ui.ExpectedConditions$10.apply(ExpectedConditions.java:301)
at org.openqa.selenium.support.ui.ExpectedConditions$10.apply(ExpectedConditions.java:298)
at org.openqa.selenium.support.ui.ExpectedConditions$23.apply(ExpectedConditions.java:686)
at org.openqa.selenium.support.ui.ExpectedConditions$23.apply(ExpectedConditions.java:682)
at org.openqa.selenium.support.ui.FluentWait.until(FluentWait.java:260)
at com.prm.pageobjects.utils.PCDriver.waitForElementToBeClickable(PCDriver.java:170)
at com.prm.docdashboard.pageobject.EventPage.enterTitleName(EventPage.java:193)
at com.prm.scripts.EventTestCase.verifyAddEventFromEventListingAndRedirection(EventTestCase.java:1213)
... Removed 33 stack frames]]>
    </failure>
  </testcase> <!-- verifyAddEventFromEventListingAndRedirection -->
  <testcase classname="com.prm.scripts.EventTestCase" name="checkFrmDateIsNotLaterToToDate" time="14.824"/>
  <testcase classname="com.prm.scripts.EventTestCase" name="verifyResetBtnOnEventListing" time="14.813"/>
  <testcase classname="com.prm.scripts.EventTestCase" name="verifyFrmAndToDateFilter" time="19.35"/>
  <testcase classname="com.prm.scripts.EventTestCase" name="verifyDoctorFilterWithDateFilterOnEventList" time="11.357">
    <failure type="org.openqa.selenium.NoSuchElementException" message="no such element: Unable to locate element: {&amp;quot;method&amp;quot;:&amp;quot;xpath&amp;quot;,&amp;quot;selector&amp;quot;:&amp;quot;//ul[@class=&amp;apos;menu fnt_cali&amp;apos;]/li[text()=&amp;apos;Sup Zonehead&amp;apos;]&amp;quot;}
  (Session info: chrome=107.0.5304.107)
For documentation on this error, please visit: http://seleniumhq.org/exceptions/no_such_element.html
Build info: version: &amp;apos;3.14.0&amp;apos;, revision: &amp;apos;aacccce0&amp;apos;, time: &amp;apos;2018-08-02T20:19:58.91Z&amp;apos;
System info: host: &amp;apos;IS-FLX5-UJ&amp;apos;, ip: &amp;apos;192.168.0.212&amp;apos;, os.name: &amp;apos;Windows 11&amp;apos;, os.arch: &amp;apos;amd64&amp;apos;, os.version: &amp;apos;10.0&amp;apos;, java.version: &amp;apos;17.0.4&amp;apos;
Driver info: org.openqa.selenium.chrome.ChromeDriver
Capabilities {acceptInsecureCerts: false, browserName: chrome, browserVersion: 107.0.5304.107, chrome: {chromedriverVersion: 107.0.5304.62 (1eec40d3a576..., userDataDir: C:\Users\UMESHJ~1\AppData\L...}, goog:chromeOptions: {debuggerAddress: localhost:52918}, javascriptEnabled: true, networkConnectionEnabled: false, pageLoadStrategy: normal, platform: WINDOWS, platformName: WINDOWS, proxy: Proxy(), setWindowRect: true, strictFileInteractability: false, timeouts: {implicit: 0, pageLoad: 300000, script: 30000}, unhandledPromptBehavior: dismiss and notify, webauthn:extension:credBlob: true, webauthn:extension:largeBlob: true, webauthn:virtualAuthenticators: true}
Session ID: 7310d86bd8a53cb180c2471b7425626b
*** Element info: {Using=xpath, value=//ul[@class=&amp;apos;menu fnt_cali&amp;apos;]/li[text()=&amp;apos;Sup Zonehead&amp;apos;]}">
      <![CDATA[org.openqa.selenium.NoSuchElementException: no such element: Unable to locate element: {"method":"xpath","selector":"//ul[@class='menu fnt_cali']/li[text()='Sup Zonehead']"}
  (Session info: chrome=107.0.5304.107)
For documentation on this error, please visit: http://seleniumhq.org/exceptions/no_such_element.html
Build info: version: '3.14.0', revision: 'aacccce0', time: '2018-08-02T20:19:58.91Z'
System info: host: 'IS-FLX5-UJ', ip: '192.168.0.212', os.name: 'Windows 11', os.arch: 'amd64', os.version: '10.0', java.version: '17.0.4'
Driver info: org.openqa.selenium.chrome.ChromeDriver
Capabilities {acceptInsecureCerts: false, browserName: chrome, browserVersion: 107.0.5304.107, chrome: {chromedriverVersion: 107.0.5304.62 (1eec40d3a576..., userDataDir: C:\Users\UMESHJ~1\AppData\L...}, goog:chromeOptions: {debuggerAddress: localhost:52918}, javascriptEnabled: true, networkConnectionEnabled: false, pageLoadStrategy: normal, platform: WINDOWS, platformName: WINDOWS, proxy: Proxy(), setWindowRect: true, strictFileInteractability: false, timeouts: {implicit: 0, pageLoad: 300000, script: 30000}, unhandledPromptBehavior: dismiss and notify, webauthn:extension:credBlob: true, webauthn:extension:largeBlob: true, webauthn:virtualAuthenticators: true}
Session ID: 7310d86bd8a53cb180c2471b7425626b
*** Element info: {Using=xpath, value=//ul[@class='menu fnt_cali']/li[text()='Sup Zonehead']}
at org.openqa.selenium.remote.http.W3CHttpResponseCodec.createException(W3CHttpResponseCodec.java:187)
at org.openqa.selenium.remote.http.W3CHttpResponseCodec.decode(W3CHttpResponseCodec.java:122)
at org.openqa.selenium.remote.http.W3CHttpResponseCodec.decode(W3CHttpResponseCodec.java:49)
at org.openqa.selenium.remote.HttpCommandExecutor.execute(HttpCommandExecutor.java:158)
at org.openqa.selenium.remote.service.DriverCommandExecutor.execute(DriverCommandExecutor.java:83)
at org.openqa.selenium.remote.RemoteWebDriver.execute(RemoteWebDriver.java:548)
at org.openqa.selenium.remote.RemoteWebDriver.findElement(RemoteWebDriver.java:322)
at org.openqa.selenium.remote.RemoteWebDriver.findElementByXPath(RemoteWebDriver.java:424)
at org.openqa.selenium.By$ByXPath.findElement(By.java:353)
at org.openqa.selenium.remote.RemoteWebDriver.findElement(RemoteWebDriver.java:314)
at com.prm.docdashboard.pageobject.EventListingPage.selectDoctor(EventListingPage.java:153)
at com.prm.scripts.EventTestCase.verifyDoctorFilterWithDateFilterOnEventList(EventTestCase.java:1274)
... Removed 29 stack frames]]>
    </failure>
  </testcase> <!-- verifyDoctorFilterWithDateFilterOnEventList -->
  <testcase classname="com.prm.scripts.EventTestCase" name="verifyEventTypeFilterWithDateFilter" time="20.609">
    <failure type="java.lang.IndexOutOfBoundsException" message="Index -1 out of bounds for length 0">
      <![CDATA[java.lang.IndexOutOfBoundsException: Index -1 out of bounds for length 0
at java.base/jdk.internal.util.Preconditions.outOfBounds(Preconditions.java:64)
at java.base/jdk.internal.util.Preconditions.outOfBoundsCheckIndex(Preconditions.java:70)
at java.base/jdk.internal.util.Preconditions.checkIndex(Preconditions.java:266)
at java.base/java.util.Objects.checkIndex(Objects.java:359)
at java.base/java.util.ArrayList.get(ArrayList.java:427)
at com.prm.docdashboard.pageobject.EventListingPage.verifyFilterEventTypeInEventList(EventListingPage.java:362)
at com.prm.scripts.EventTestCase.verifyEventTypeFilterWithDateFilter(EventTestCase.java:1306)
... Removed 25 stack frames]]>
    </failure>
  </testcase> <!-- verifyEventTypeFilterWithDateFilter -->
  <testcase classname="com.prm.scripts.EventTestCase" name="verifyCategoryFilterWithDateAndTypeFilter" time="19.962">
    <failure type="java.lang.IndexOutOfBoundsException" message="Index -1 out of bounds for length 0">
      <![CDATA[java.lang.IndexOutOfBoundsException: Index -1 out of bounds for length 0
at java.base/jdk.internal.util.Preconditions.outOfBounds(Preconditions.java:64)
at java.base/jdk.internal.util.Preconditions.outOfBoundsCheckIndex(Preconditions.java:70)
at java.base/jdk.internal.util.Preconditions.checkIndex(Preconditions.java:266)
at java.base/java.util.Objects.checkIndex(Objects.java:359)
at java.base/java.util.ArrayList.get(ArrayList.java:427)
at com.prm.docdashboard.pageobject.EventListingPage.verifyFilterEventTypeInEventList(EventListingPage.java:362)
at com.prm.scripts.EventTestCase.verifyCategoryFilterWithDateAndTypeFilter(EventTestCase.java:1327)
... Removed 25 stack frames]]>
    </failure>
  </testcase> <!-- verifyCategoryFilterWithDateAndTypeFilter -->
  <testcase classname="com.prm.scripts.EventTestCase" name="verifyDeleteByRoomEvent" time="0.0">
    <ignored/>
  </testcase> <!-- verifyDeleteByRoomEvent -->
  <testcase classname="com.prm.scripts.EventTestCase" name="verifyDeleteByScannerEvent" time="0.0">
    <ignored/>
  </testcase> <!-- verifyDeleteByScannerEvent -->
  <testcase classname="com.prm.scripts.EventTestCase" name="verifyUpdateDoctorEvent" time="0.0">
    <ignored/>
  </testcase> <!-- verifyUpdateDoctorEvent -->
  <testcase classname="com.prm.scripts.EventTestCase" name="verifyUpdateByScannerEvent" time="0.0">
    <ignored/>
  </testcase> <!-- verifyUpdateByScannerEvent -->
  <testcase classname="com.prm.scripts.EventTestCase" name="verifyAddEventIfTentativeAppointmentAlreadyBookedForTime" time="0.0">
    <ignored/>
  </testcase> <!-- verifyAddEventIfTentativeAppointmentAlreadyBookedForTime -->
  <testcase classname="com.prm.scripts.EventTestCase" name="verifyUpdateByRoomEvent" time="0.0">
    <ignored/>
  </testcase> <!-- verifyUpdateByRoomEvent -->
  <testcase classname="com.prm.scripts.EventTestCase" name="verifyAddEventIfAppointmentAlreadyBookedForTime" time="0.0">
    <ignored/>
  </testcase> <!-- verifyAddEventIfAppointmentAlreadyBookedForTime -->
  <testcase classname="com.prm.scripts.EventTestCase" name="verifyDeleteByOperatoryEvent" time="0.0">
    <ignored/>
  </testcase> <!-- verifyDeleteByOperatoryEvent -->
  <testcase classname="com.prm.scripts.EventTestCase" name="verifyDocEventIfAlreadyEventOnSameTime" time="0.0">
    <ignored/>
  </testcase> <!-- verifyDocEventIfAlreadyEventOnSameTime -->
  <testcase classname="com.prm.scripts.EventTestCase" name="verifyAddingEventOnLastOpearatoryAvailable" time="0.0">
    <ignored/>
  </testcase> <!-- verifyAddingEventOnLastOpearatoryAvailable -->
  <testcase classname="com.prm.scripts.EventTestCase" name="verifyDeleteDoctorEvent" time="0.0">
    <ignored/>
  </testcase> <!-- verifyDeleteDoctorEvent -->
  <testcase classname="com.prm.scripts.EventTestCase" name="verifyAddingEventOnLastScannerAvailable" time="0.0">
    <ignored/>
  </testcase> <!-- verifyAddingEventOnLastScannerAvailable -->
  <testcase classname="com.prm.scripts.EventTestCase" name="verifyByOperatoryEvent" time="0.0">
    <ignored/>
  </testcase> <!-- verifyByOperatoryEvent -->
  <testcase classname="com.prm.scripts.EventTestCase" name="verifyUpdateByOperatoryEvent" time="0.0">
    <ignored/>
  </testcase> <!-- verifyUpdateByOperatoryEvent -->
  <testcase classname="com.prm.scripts.EventTestCase" name="verifyAddingByDoctorEvent" time="0.0">
    <ignored/>
  </testcase> <!-- verifyAddingByDoctorEvent -->
  <testcase classname="com.prm.scripts.EventTestCase" name="verifyByRoomEvent" time="0.0">
    <ignored/>
  </testcase> <!-- verifyByRoomEvent -->
  <testcase classname="com.prm.scripts.EventTestCase" name="verifyAllWebElementOnEventAdd" time="0.0">
    <ignored/>
  </testcase> <!-- verifyAllWebElementOnEventAdd -->
  <testcase classname="com.prm.scripts.EventTestCase" name="verifyCancelAndResetBtnWorkingOnAddEvent" time="0.0">
    <ignored/>
  </testcase> <!-- verifyCancelAndResetBtnWorkingOnAddEvent -->
  <testcase classname="com.prm.scripts.EventTestCase" name="verifyHoursMinsutesAndDurationValidation" time="0.0">
    <ignored/>
  </testcase> <!-- verifyHoursMinsutesAndDurationValidation -->
  <testcase classname="com.prm.scripts.EventTestCase" name="checkingWithoutMandatoryFields" time="0.0">
    <ignored/>
  </testcase> <!-- checkingWithoutMandatoryFields -->
  <testcase classname="com.prm.scripts.EventTestCase" name="addingEventForPastTime" time="0.0">
    <ignored/>
  </testcase> <!-- addingEventForPastTime -->
  <testcase classname="com.prm.scripts.EventTestCase" name="verifyByScannerEvent" time="0.0">
    <ignored/>
  </testcase> <!-- verifyByScannerEvent -->
</testsuite> <!-- EventListing -->
