<html>
<head>
<title>TestNG:  Test</title>
<link href="../testng.css" rel="stylesheet" type="text/css" />
<link href="../my-testng.css" rel="stylesheet" type="text/css" />

<style type="text/css">
.log { display: none;} 
.stack-trace { display: none;} 
</style>
<script type="text/javascript">
<!--
function flip(e) {
  current = e.style.display;
  if (current == 'block') {
    e.style.display = 'none';
    return 0;
  }
  else {
    e.style.display = 'block';
    return 1;
  }
}

function toggleBox(szDivId, elem, msg1, msg2)
{
  var res = -1;  if (document.getElementById) {
    res = flip(document.getElementById(szDivId));
  }
  else if (document.all) {
    // this is the way old msie versions work
    res = flip(document.all[szDivId]);
  }
  if(elem) {
    if(res == 0) elem.innerHTML = msg1; else elem.innerHTML = msg2;
  }

}

function toggleAllBoxes() {
  if (document.getElementsByTagName) {
    d = document.getElementsByTagName('div');
    for (i = 0; i < d.length; i++) {
      if (d[i].className == 'log') {
        flip(d[i]);
      }
    }
  }
}

// -->
</script>

</head>
<body>
<h2 align='center'>Test</h2><table border='1' align="center">
<tr>
<td>Tests passed/Failed/Skipped:</td><td>0/0/25</td>
</tr><tr>
<td>Started on:</td><td>Wed Jun 13 13:13:49 IST 2018</td>
</tr>
<tr><td>Total time:</td><td>0 seconds (408 ms)</td>
</tr><tr>
<td>Included groups:</td><td></td>
</tr><tr>
<td>Excluded groups:</td><td></td>
</tr>
</table><p/>
<small><i>(Hover the method name to see the test class name)</i></small><p/>
<table width='100%' border='1' class='invocation-failed'>
<tr><td colspan='4' align='center'><b>FAILED CONFIGURATIONS</b></td></tr>
<tr><td><b>Test method</b></td>
<td width="30%"><b>Exception</b></td>
<td width="10%"><b>Time (seconds)</b></td>
<td><b>Instance</b></td>
</tr>
<tr>
<td title='com.clovedental.scripts.AppointmentListingTestCase.setup()'><b>setup</b><br>Test class: com.clovedental.scripts.AppointmentListingTestCase</td>
<td><div><pre>org.openqa.selenium.NoSuchSessionException: Session ID is null. Using WebDriver after calling quit()?
Build info: version: &apos;3.11.0&apos;, revision: &apos;e59cfb3&apos;, time: &apos;2018-03-11T20:33:15.31Z&apos;
System info: host: &apos;CONNSOL4&apos;, ip: &apos;192.168.1.227&apos;, os.name: &apos;Windows 8.1&apos;, os.arch: &apos;amd64&apos;, os.version: &apos;6.3&apos;, java.version: &apos;1.8.0_161&apos;
Driver info: driver.version: PCDriver
	at org.openqa.selenium.remote.HttpCommandExecutor.execute(HttpCommandExecutor.java:125)
	at org.openqa.selenium.remote.service.DriverCommandExecutor.execute(DriverCommandExecutor.java:83)
	at org.openqa.selenium.remote.RemoteWebDriver.execute(RemoteWebDriver.java:545)
	at org.openqa.selenium.remote.RemoteWebDriver.executeScript(RemoteWebDriver.java:482)
	at pageobjects.utils.PCDriver$1.apply(PCDriver.java:167)
	at pageobjects.utils.PCDriver$1.apply(PCDriver.java:1)
	at org.openqa.selenium.support.ui.FluentWait.until(FluentWait.java:248)
	at pageobjects.utils.PCDriver.waitForPageLoad(PCDriver.java:171)
	at com.clovedental.pageobject.AppointmnetAdd.LoginPage.login(LoginPage.java:30)
	at com.clovedental.scripts.AppointmentListingTestCase.setup(AppointmentListingTestCase.java:69)
... Removed 27 stack frames</pre></div><a href='#' onClick='toggleBox("stack-trace1600594643", this, "Click to show all stack frames", "Click to hide stack frames")'>Click to show all stack frames</a>
<div class='stack-trace' id='stack-trace1600594643'><pre>org.openqa.selenium.NoSuchSessionException: Session ID is null. Using WebDriver after calling quit()?
Build info: version: &apos;3.11.0&apos;, revision: &apos;e59cfb3&apos;, time: &apos;2018-03-11T20:33:15.31Z&apos;
System info: host: &apos;CONNSOL4&apos;, ip: &apos;192.168.1.227&apos;, os.name: &apos;Windows 8.1&apos;, os.arch: &apos;amd64&apos;, os.version: &apos;6.3&apos;, java.version: &apos;1.8.0_161&apos;
Driver info: driver.version: PCDriver
	at org.openqa.selenium.remote.HttpCommandExecutor.execute(HttpCommandExecutor.java:125)
	at org.openqa.selenium.remote.service.DriverCommandExecutor.execute(DriverCommandExecutor.java:83)
	at org.openqa.selenium.remote.RemoteWebDriver.execute(RemoteWebDriver.java:545)
	at org.openqa.selenium.remote.RemoteWebDriver.executeScript(RemoteWebDriver.java:482)
	at pageobjects.utils.PCDriver$1.apply(PCDriver.java:167)
	at pageobjects.utils.PCDriver$1.apply(PCDriver.java:1)
	at org.openqa.selenium.support.ui.FluentWait.until(FluentWait.java:248)
	at pageobjects.utils.PCDriver.waitForPageLoad(PCDriver.java:171)
	at com.clovedental.pageobject.AppointmnetAdd.LoginPage.login(LoginPage.java:30)
	at com.clovedental.scripts.AppointmentListingTestCase.setup(AppointmentListingTestCase.java:69)
	at sun.reflect.NativeMethodAccessorImpl.invoke0(Native Method)
	at sun.reflect.NativeMethodAccessorImpl.invoke(NativeMethodAccessorImpl.java:62)
	at sun.reflect.DelegatingMethodAccessorImpl.invoke(DelegatingMethodAccessorImpl.java:43)
	at java.lang.reflect.Method.invoke(Method.java:498)
	at org.testng.internal.MethodInvocationHelper.invokeMethod(MethodInvocationHelper.java:124)
	at org.testng.internal.MethodInvocationHelper.invokeMethodConsideringTimeout(MethodInvocationHelper.java:59)
	at org.testng.internal.Invoker.invokeConfigurationMethod(Invoker.java:455)
	at org.testng.internal.Invoker.invokeConfigurations(Invoker.java:222)
	at org.testng.internal.Invoker.invokeConfigurations(Invoker.java:142)
	at org.testng.internal.TestMethodWorker.invokeBeforeClassMethods(TestMethodWorker.java:168)
	at org.testng.internal.TestMethodWorker.run(TestMethodWorker.java:105)
	at org.testng.TestRunner.privateRun(TestRunner.java:648)
	at org.testng.TestRunner.run(TestRunner.java:505)
	at org.testng.SuiteRunner.runTest(SuiteRunner.java:455)
	at org.testng.SuiteRunner.runSequentially(SuiteRunner.java:450)
	at org.testng.SuiteRunner.privateRun(SuiteRunner.java:415)
	at org.testng.SuiteRunner.run(SuiteRunner.java:364)
	at org.testng.SuiteRunnerWorker.runSuite(SuiteRunnerWorker.java:52)
	at org.testng.SuiteRunnerWorker.run(SuiteRunnerWorker.java:84)
	at org.testng.TestNG.runSuitesSequentially(TestNG.java:1208)
	at org.testng.TestNG.runSuitesSequentially(TestNG.java:1204)
	at org.testng.TestNG.runSuitesLocally(TestNG.java:1137)
	at org.testng.TestNG.runSuites(TestNG.java:1049)
	at org.testng.TestNG.run(TestNG.java:1017)
	at org.testng.remote.AbstractRemoteTestNG.run(AbstractRemoteTestNG.java:114)
	at org.testng.remote.RemoteTestNG.initAndRun(RemoteTestNG.java:251)
	at org.testng.remote.RemoteTestNG.main(RemoteTestNG.java:77)
</pre></div></td>
<td>0</td>
<td>com.clovedental.scripts.AppointmentListingTestCase@42b3b079</td></tr>
</table><p>
<table width='100%' border='1' class='invocation-skipped'>
<tr><td colspan='4' align='center'><b>SKIPPED CONFIGURATIONS</b></td></tr>
<tr><td><b>Test method</b></td>
<td width="30%"><b>Exception</b></td>
<td width="10%"><b>Time (seconds)</b></td>
<td><b>Instance</b></td>
</tr>
<tr>
<td title='com.clovedental.scripts.AppointmentListingTestCase.verifyAppointmentListHomePage()'><b>verifyAppointmentListHomePage</b><br>Test class: com.clovedental.scripts.AppointmentListingTestCase<br>Test method: @@It will redirect to the Appointment list home page@@</td>
<td></td>
<td>0</td>
<td>com.clovedental.scripts.AppointmentListingTestCase@42b3b079</td></tr>
<tr>
<td title='com.clovedental.scripts.AppointmentListingTestCase.verifyAppointmentListHomePage()'><b>verifyAppointmentListHomePage</b><br>Test class: com.clovedental.scripts.AppointmentListingTestCase<br>Test method: @@It will redirect to the Appointment list home page@@</td>
<td></td>
<td>0</td>
<td>com.clovedental.scripts.AppointmentListingTestCase@42b3b079</td></tr>
<tr>
<td title='com.clovedental.scripts.AppointmentListingTestCase.verifyAppointmentListHomePage()'><b>verifyAppointmentListHomePage</b><br>Test class: com.clovedental.scripts.AppointmentListingTestCase<br>Test method: @@It will redirect to the Appointment list home page@@</td>
<td></td>
<td>0</td>
<td>com.clovedental.scripts.AppointmentListingTestCase@42b3b079</td></tr>
<tr>
<td title='com.clovedental.scripts.AppointmentListingTestCase.verifyAppointmentListHomePage()'><b>verifyAppointmentListHomePage</b><br>Test class: com.clovedental.scripts.AppointmentListingTestCase<br>Test method: @@It will redirect to the Appointment list home page@@</td>
<td></td>
<td>0</td>
<td>com.clovedental.scripts.AppointmentListingTestCase@42b3b079</td></tr>
<tr>
<td title='com.clovedental.scripts.AppointmentListingTestCase.verifyAppointmentListHomePage()'><b>verifyAppointmentListHomePage</b><br>Test class: com.clovedental.scripts.AppointmentListingTestCase<br>Test method: @@It will redirect to the Appointment list home page@@</td>
<td></td>
<td>0</td>
<td>com.clovedental.scripts.AppointmentListingTestCase@42b3b079</td></tr>
<tr>
<td title='com.clovedental.scripts.AppointmentListingTestCase.verifyAppointmentListHomePage()'><b>verifyAppointmentListHomePage</b><br>Test class: com.clovedental.scripts.AppointmentListingTestCase<br>Test method: @@It will redirect to the Appointment list home page@@</td>
<td></td>
<td>0</td>
<td>com.clovedental.scripts.AppointmentListingTestCase@42b3b079</td></tr>
<tr>
<td title='com.clovedental.scripts.AppointmentListingTestCase.verifyAppointmentListHomePage()'><b>verifyAppointmentListHomePage</b><br>Test class: com.clovedental.scripts.AppointmentListingTestCase<br>Test method: @@It will redirect to the Appointment list home page@@</td>
<td></td>
<td>0</td>
<td>com.clovedental.scripts.AppointmentListingTestCase@42b3b079</td></tr>
<tr>
<td title='com.clovedental.scripts.AppointmentListingTestCase.verifyAppointmentListHomePage()'><b>verifyAppointmentListHomePage</b><br>Test class: com.clovedental.scripts.AppointmentListingTestCase<br>Test method: @@It will redirect to the Appointment list home page@@</td>
<td></td>
<td>0</td>
<td>com.clovedental.scripts.AppointmentListingTestCase@42b3b079</td></tr>
<tr>
<td title='com.clovedental.scripts.AppointmentListingTestCase.verifyAppointmentListHomePage()'><b>verifyAppointmentListHomePage</b><br>Test class: com.clovedental.scripts.AppointmentListingTestCase<br>Test method: @@It will redirect to the Appointment list home page@@</td>
<td></td>
<td>0</td>
<td>com.clovedental.scripts.AppointmentListingTestCase@42b3b079</td></tr>
<tr>
<td title='com.clovedental.scripts.AppointmentListingTestCase.verifyAppointmentListHomePage()'><b>verifyAppointmentListHomePage</b><br>Test class: com.clovedental.scripts.AppointmentListingTestCase<br>Test method: @@It will redirect to the Appointment list home page@@</td>
<td></td>
<td>0</td>
<td>com.clovedental.scripts.AppointmentListingTestCase@42b3b079</td></tr>
<tr>
<td title='com.clovedental.scripts.AppointmentListingTestCase.verifyAppointmentListHomePage()'><b>verifyAppointmentListHomePage</b><br>Test class: com.clovedental.scripts.AppointmentListingTestCase<br>Test method: @@It will redirect to the Appointment list home page@@</td>
<td></td>
<td>0</td>
<td>com.clovedental.scripts.AppointmentListingTestCase@42b3b079</td></tr>
<tr>
<td title='com.clovedental.scripts.AppointmentListingTestCase.verifyAppointmentListHomePage()'><b>verifyAppointmentListHomePage</b><br>Test class: com.clovedental.scripts.AppointmentListingTestCase<br>Test method: @@It will redirect to the Appointment list home page@@</td>
<td></td>
<td>0</td>
<td>com.clovedental.scripts.AppointmentListingTestCase@42b3b079</td></tr>
<tr>
<td title='com.clovedental.scripts.AppointmentListingTestCase.verifyAppointmentListHomePage()'><b>verifyAppointmentListHomePage</b><br>Test class: com.clovedental.scripts.AppointmentListingTestCase<br>Test method: @@It will redirect to the Appointment list home page@@</td>
<td></td>
<td>0</td>
<td>com.clovedental.scripts.AppointmentListingTestCase@42b3b079</td></tr>
<tr>
<td title='com.clovedental.scripts.AppointmentListingTestCase.verifyAppointmentListHomePage()'><b>verifyAppointmentListHomePage</b><br>Test class: com.clovedental.scripts.AppointmentListingTestCase<br>Test method: @@It will redirect to the Appointment list home page@@</td>
<td></td>
<td>0</td>
<td>com.clovedental.scripts.AppointmentListingTestCase@42b3b079</td></tr>
<tr>
<td title='com.clovedental.scripts.AppointmentListingTestCase.verifyAppointmentListHomePage()'><b>verifyAppointmentListHomePage</b><br>Test class: com.clovedental.scripts.AppointmentListingTestCase<br>Test method: @@It will redirect to the Appointment list home page@@</td>
<td></td>
<td>0</td>
<td>com.clovedental.scripts.AppointmentListingTestCase@42b3b079</td></tr>
<tr>
<td title='com.clovedental.scripts.AppointmentListingTestCase.verifyAppointmentListHomePage()'><b>verifyAppointmentListHomePage</b><br>Test class: com.clovedental.scripts.AppointmentListingTestCase<br>Test method: @@It will redirect to the Appointment list home page@@</td>
<td></td>
<td>0</td>
<td>com.clovedental.scripts.AppointmentListingTestCase@42b3b079</td></tr>
<tr>
<td title='com.clovedental.scripts.AppointmentListingTestCase.verifyAppointmentListHomePage()'><b>verifyAppointmentListHomePage</b><br>Test class: com.clovedental.scripts.AppointmentListingTestCase<br>Test method: @@It will redirect to the Appointment list home page@@</td>
<td></td>
<td>0</td>
<td>com.clovedental.scripts.AppointmentListingTestCase@42b3b079</td></tr>
<tr>
<td title='com.clovedental.scripts.AppointmentListingTestCase.verifyAppointmentListHomePage()'><b>verifyAppointmentListHomePage</b><br>Test class: com.clovedental.scripts.AppointmentListingTestCase<br>Test method: @@It will redirect to the Appointment list home page@@</td>
<td></td>
<td>0</td>
<td>com.clovedental.scripts.AppointmentListingTestCase@42b3b079</td></tr>
<tr>
<td title='com.clovedental.scripts.AppointmentListingTestCase.verifyAppointmentListHomePage()'><b>verifyAppointmentListHomePage</b><br>Test class: com.clovedental.scripts.AppointmentListingTestCase<br>Test method: @@It will redirect to the Appointment list home page@@</td>
<td></td>
<td>0</td>
<td>com.clovedental.scripts.AppointmentListingTestCase@42b3b079</td></tr>
<tr>
<td title='com.clovedental.scripts.AppointmentListingTestCase.verifyAppointmentListHomePage()'><b>verifyAppointmentListHomePage</b><br>Test class: com.clovedental.scripts.AppointmentListingTestCase<br>Test method: @@It will redirect to the Appointment list home page@@</td>
<td></td>
<td>0</td>
<td>com.clovedental.scripts.AppointmentListingTestCase@42b3b079</td></tr>
<tr>
<td title='com.clovedental.scripts.AppointmentListingTestCase.verifyAppointmentListHomePage()'><b>verifyAppointmentListHomePage</b><br>Test class: com.clovedental.scripts.AppointmentListingTestCase<br>Test method: @@It will redirect to the Appointment list home page@@</td>
<td></td>
<td>0</td>
<td>com.clovedental.scripts.AppointmentListingTestCase@42b3b079</td></tr>
<tr>
<td title='com.clovedental.scripts.AppointmentListingTestCase.verifyAppointmentListHomePage()'><b>verifyAppointmentListHomePage</b><br>Test class: com.clovedental.scripts.AppointmentListingTestCase<br>Test method: @@It will redirect to the Appointment list home page@@</td>
<td></td>
<td>0</td>
<td>com.clovedental.scripts.AppointmentListingTestCase@42b3b079</td></tr>
<tr>
<td title='com.clovedental.scripts.AppointmentListingTestCase.verifyAppointmentListHomePage()'><b>verifyAppointmentListHomePage</b><br>Test class: com.clovedental.scripts.AppointmentListingTestCase<br>Test method: @@It will redirect to the Appointment list home page@@</td>
<td></td>
<td>0</td>
<td>com.clovedental.scripts.AppointmentListingTestCase@42b3b079</td></tr>
<tr>
<td title='com.clovedental.scripts.AppointmentListingTestCase.verifyAppointmentListHomePage()'><b>verifyAppointmentListHomePage</b><br>Test class: com.clovedental.scripts.AppointmentListingTestCase<br>Test method: @@It will redirect to the Appointment list home page@@</td>
<td></td>
<td>0</td>
<td>com.clovedental.scripts.AppointmentListingTestCase@42b3b079</td></tr>
<tr>
<td title='com.clovedental.scripts.AppointmentListingTestCase.verifyDoctorDashboard()'><b>verifyDoctorDashboard</b><br>Test class: com.clovedental.scripts.AppointmentListingTestCase<br>Test method: @@It has been redirected to the Doctor DashBoard@@</td>
<td></td>
<td>0</td>
<td>com.clovedental.scripts.AppointmentListingTestCase@42b3b079</td></tr>
<tr>
<td title='com.clovedental.scripts.AppointmentListingTestCase.verifyDoctorDashboard()'><b>verifyDoctorDashboard</b><br>Test class: com.clovedental.scripts.AppointmentListingTestCase<br>Test method: @@It has been redirected to the Doctor DashBoard@@</td>
<td></td>
<td>0</td>
<td>com.clovedental.scripts.AppointmentListingTestCase@42b3b079</td></tr>
<tr>
<td title='com.clovedental.scripts.AppointmentListingTestCase.verifyDoctorDashboard()'><b>verifyDoctorDashboard</b><br>Test class: com.clovedental.scripts.AppointmentListingTestCase<br>Test method: @@It has been redirected to the Doctor DashBoard@@</td>
<td></td>
<td>0</td>
<td>com.clovedental.scripts.AppointmentListingTestCase@42b3b079</td></tr>
<tr>
<td title='com.clovedental.scripts.AppointmentListingTestCase.verifyDoctorDashboard()'><b>verifyDoctorDashboard</b><br>Test class: com.clovedental.scripts.AppointmentListingTestCase<br>Test method: @@It has been redirected to the Doctor DashBoard@@</td>
<td></td>
<td>0</td>
<td>com.clovedental.scripts.AppointmentListingTestCase@42b3b079</td></tr>
<tr>
<td title='com.clovedental.scripts.AppointmentListingTestCase.verifyDoctorDashboard()'><b>verifyDoctorDashboard</b><br>Test class: com.clovedental.scripts.AppointmentListingTestCase<br>Test method: @@It has been redirected to the Doctor DashBoard@@</td>
<td></td>
<td>0</td>
<td>com.clovedental.scripts.AppointmentListingTestCase@42b3b079</td></tr>
<tr>
<td title='com.clovedental.scripts.AppointmentListingTestCase.verifyDoctorDashboard()'><b>verifyDoctorDashboard</b><br>Test class: com.clovedental.scripts.AppointmentListingTestCase<br>Test method: @@It has been redirected to the Doctor DashBoard@@</td>
<td></td>
<td>0</td>
<td>com.clovedental.scripts.AppointmentListingTestCase@42b3b079</td></tr>
<tr>
<td title='com.clovedental.scripts.AppointmentListingTestCase.verifyDoctorDashboard()'><b>verifyDoctorDashboard</b><br>Test class: com.clovedental.scripts.AppointmentListingTestCase<br>Test method: @@It has been redirected to the Doctor DashBoard@@</td>
<td></td>
<td>0</td>
<td>com.clovedental.scripts.AppointmentListingTestCase@42b3b079</td></tr>
<tr>
<td title='com.clovedental.scripts.AppointmentListingTestCase.verifyDoctorDashboard()'><b>verifyDoctorDashboard</b><br>Test class: com.clovedental.scripts.AppointmentListingTestCase<br>Test method: @@It has been redirected to the Doctor DashBoard@@</td>
<td></td>
<td>0</td>
<td>com.clovedental.scripts.AppointmentListingTestCase@42b3b079</td></tr>
<tr>
<td title='com.clovedental.scripts.AppointmentListingTestCase.verifyDoctorDashboard()'><b>verifyDoctorDashboard</b><br>Test class: com.clovedental.scripts.AppointmentListingTestCase<br>Test method: @@It has been redirected to the Doctor DashBoard@@</td>
<td></td>
<td>0</td>
<td>com.clovedental.scripts.AppointmentListingTestCase@42b3b079</td></tr>
<tr>
<td title='com.clovedental.scripts.AppointmentListingTestCase.verifyDoctorDashboard()'><b>verifyDoctorDashboard</b><br>Test class: com.clovedental.scripts.AppointmentListingTestCase<br>Test method: @@It has been redirected to the Doctor DashBoard@@</td>
<td></td>
<td>0</td>
<td>com.clovedental.scripts.AppointmentListingTestCase@42b3b079</td></tr>
<tr>
<td title='com.clovedental.scripts.AppointmentListingTestCase.verifyDoctorDashboard()'><b>verifyDoctorDashboard</b><br>Test class: com.clovedental.scripts.AppointmentListingTestCase<br>Test method: @@It has been redirected to the Doctor DashBoard@@</td>
<td></td>
<td>0</td>
<td>com.clovedental.scripts.AppointmentListingTestCase@42b3b079</td></tr>
<tr>
<td title='com.clovedental.scripts.AppointmentListingTestCase.verifyDoctorDashboard()'><b>verifyDoctorDashboard</b><br>Test class: com.clovedental.scripts.AppointmentListingTestCase<br>Test method: @@It has been redirected to the Doctor DashBoard@@</td>
<td></td>
<td>0</td>
<td>com.clovedental.scripts.AppointmentListingTestCase@42b3b079</td></tr>
<tr>
<td title='com.clovedental.scripts.AppointmentListingTestCase.verifyDoctorDashboard()'><b>verifyDoctorDashboard</b><br>Test class: com.clovedental.scripts.AppointmentListingTestCase<br>Test method: @@It has been redirected to the Doctor DashBoard@@</td>
<td></td>
<td>0</td>
<td>com.clovedental.scripts.AppointmentListingTestCase@42b3b079</td></tr>
<tr>
<td title='com.clovedental.scripts.AppointmentListingTestCase.verifyDoctorDashboard()'><b>verifyDoctorDashboard</b><br>Test class: com.clovedental.scripts.AppointmentListingTestCase<br>Test method: @@It has been redirected to the Doctor DashBoard@@</td>
<td></td>
<td>0</td>
<td>com.clovedental.scripts.AppointmentListingTestCase@42b3b079</td></tr>
<tr>
<td title='com.clovedental.scripts.AppointmentListingTestCase.verifyDoctorDashboard()'><b>verifyDoctorDashboard</b><br>Test class: com.clovedental.scripts.AppointmentListingTestCase<br>Test method: @@It has been redirected to the Doctor DashBoard@@</td>
<td></td>
<td>0</td>
<td>com.clovedental.scripts.AppointmentListingTestCase@42b3b079</td></tr>
<tr>
<td title='com.clovedental.scripts.AppointmentListingTestCase.verifyDoctorDashboard()'><b>verifyDoctorDashboard</b><br>Test class: com.clovedental.scripts.AppointmentListingTestCase<br>Test method: @@It has been redirected to the Doctor DashBoard@@</td>
<td></td>
<td>0</td>
<td>com.clovedental.scripts.AppointmentListingTestCase@42b3b079</td></tr>
<tr>
<td title='com.clovedental.scripts.AppointmentListingTestCase.verifyDoctorDashboard()'><b>verifyDoctorDashboard</b><br>Test class: com.clovedental.scripts.AppointmentListingTestCase<br>Test method: @@It has been redirected to the Doctor DashBoard@@</td>
<td></td>
<td>0</td>
<td>com.clovedental.scripts.AppointmentListingTestCase@42b3b079</td></tr>
<tr>
<td title='com.clovedental.scripts.AppointmentListingTestCase.verifyDoctorDashboard()'><b>verifyDoctorDashboard</b><br>Test class: com.clovedental.scripts.AppointmentListingTestCase<br>Test method: @@It has been redirected to the Doctor DashBoard@@</td>
<td></td>
<td>0</td>
<td>com.clovedental.scripts.AppointmentListingTestCase@42b3b079</td></tr>
<tr>
<td title='com.clovedental.scripts.AppointmentListingTestCase.verifyDoctorDashboard()'><b>verifyDoctorDashboard</b><br>Test class: com.clovedental.scripts.AppointmentListingTestCase<br>Test method: @@It has been redirected to the Doctor DashBoard@@</td>
<td></td>
<td>0</td>
<td>com.clovedental.scripts.AppointmentListingTestCase@42b3b079</td></tr>
<tr>
<td title='com.clovedental.scripts.AppointmentListingTestCase.verifyDoctorDashboard()'><b>verifyDoctorDashboard</b><br>Test class: com.clovedental.scripts.AppointmentListingTestCase<br>Test method: @@It has been redirected to the Doctor DashBoard@@</td>
<td></td>
<td>0</td>
<td>com.clovedental.scripts.AppointmentListingTestCase@42b3b079</td></tr>
<tr>
<td title='com.clovedental.scripts.AppointmentListingTestCase.verifyDoctorDashboard()'><b>verifyDoctorDashboard</b><br>Test class: com.clovedental.scripts.AppointmentListingTestCase<br>Test method: @@It has been redirected to the Doctor DashBoard@@</td>
<td></td>
<td>0</td>
<td>com.clovedental.scripts.AppointmentListingTestCase@42b3b079</td></tr>
<tr>
<td title='com.clovedental.scripts.AppointmentListingTestCase.verifyDoctorDashboard()'><b>verifyDoctorDashboard</b><br>Test class: com.clovedental.scripts.AppointmentListingTestCase<br>Test method: @@It has been redirected to the Doctor DashBoard@@</td>
<td></td>
<td>0</td>
<td>com.clovedental.scripts.AppointmentListingTestCase@42b3b079</td></tr>
<tr>
<td title='com.clovedental.scripts.AppointmentListingTestCase.verifyDoctorDashboard()'><b>verifyDoctorDashboard</b><br>Test class: com.clovedental.scripts.AppointmentListingTestCase<br>Test method: @@It has been redirected to the Doctor DashBoard@@</td>
<td></td>
<td>0</td>
<td>com.clovedental.scripts.AppointmentListingTestCase@42b3b079</td></tr>
<tr>
<td title='com.clovedental.scripts.AppointmentListingTestCase.verifyDoctorDashboard()'><b>verifyDoctorDashboard</b><br>Test class: com.clovedental.scripts.AppointmentListingTestCase<br>Test method: @@It has been redirected to the Doctor DashBoard@@</td>
<td></td>
<td>0</td>
<td>com.clovedental.scripts.AppointmentListingTestCase@42b3b079</td></tr>
<tr>
<td title='com.clovedental.scripts.AppointmentListingTestCase.tearDown()'><b>tearDown</b><br>Test class: com.clovedental.scripts.AppointmentListingTestCase</td>
<td></td>
<td>0</td>
<td>com.clovedental.scripts.AppointmentListingTestCase@42b3b079</td></tr>
</table><p>
<table width='100%' border='1' class='invocation-skipped'>
<tr><td colspan='4' align='center'><b>SKIPPED TESTS</b></td></tr>
<tr><td><b>Test method</b></td>
<td width="30%"><b>Exception</b></td>
<td width="10%"><b>Time (seconds)</b></td>
<td><b>Instance</b></td>
</tr>
<tr>
<td title='com.clovedental.scripts.AppointmentListingTestCase.CheckedFrmDateIsBeforeAfterDate()'><b>CheckedFrmDateIsBeforeAfterDate</b><br>Test class: com.clovedental.scripts.AppointmentListingTestCase<br>Test method: 2: AppointmentList #54:Validated from Date is Before After Date</td>
<td><div><pre>org.openqa.selenium.NoSuchSessionException: Session ID is null. Using WebDriver after calling quit()?
Build info: version: &apos;3.11.0&apos;, revision: &apos;e59cfb3&apos;, time: &apos;2018-03-11T20:33:15.31Z&apos;
System info: host: &apos;CONNSOL4&apos;, ip: &apos;192.168.1.227&apos;, os.name: &apos;Windows 8.1&apos;, os.arch: &apos;amd64&apos;, os.version: &apos;6.3&apos;, java.version: &apos;1.8.0_161&apos;
Driver info: driver.version: PCDriver
	at org.openqa.selenium.remote.HttpCommandExecutor.execute(HttpCommandExecutor.java:125)
	at org.openqa.selenium.remote.service.DriverCommandExecutor.execute(DriverCommandExecutor.java:83)
	at org.openqa.selenium.remote.RemoteWebDriver.execute(RemoteWebDriver.java:545)
	at org.openqa.selenium.remote.RemoteWebDriver.executeScript(RemoteWebDriver.java:482)
	at pageobjects.utils.PCDriver$1.apply(PCDriver.java:167)
	at pageobjects.utils.PCDriver$1.apply(PCDriver.java:1)
	at org.openqa.selenium.support.ui.FluentWait.until(FluentWait.java:248)
	at pageobjects.utils.PCDriver.waitForPageLoad(PCDriver.java:171)
	at com.clovedental.pageobject.AppointmnetAdd.LoginPage.login(LoginPage.java:30)
	at com.clovedental.scripts.AppointmentListingTestCase.setup(AppointmentListingTestCase.java:69)
... Removed 27 stack frames</pre></div><a href='#' onClick='toggleBox("stack-trace769132147", this, "Click to show all stack frames", "Click to hide stack frames")'>Click to show all stack frames</a>
<div class='stack-trace' id='stack-trace769132147'><pre>org.openqa.selenium.NoSuchSessionException: Session ID is null. Using WebDriver after calling quit()?
Build info: version: &apos;3.11.0&apos;, revision: &apos;e59cfb3&apos;, time: &apos;2018-03-11T20:33:15.31Z&apos;
System info: host: &apos;CONNSOL4&apos;, ip: &apos;192.168.1.227&apos;, os.name: &apos;Windows 8.1&apos;, os.arch: &apos;amd64&apos;, os.version: &apos;6.3&apos;, java.version: &apos;1.8.0_161&apos;
Driver info: driver.version: PCDriver
	at org.openqa.selenium.remote.HttpCommandExecutor.execute(HttpCommandExecutor.java:125)
	at org.openqa.selenium.remote.service.DriverCommandExecutor.execute(DriverCommandExecutor.java:83)
	at org.openqa.selenium.remote.RemoteWebDriver.execute(RemoteWebDriver.java:545)
	at org.openqa.selenium.remote.RemoteWebDriver.executeScript(RemoteWebDriver.java:482)
	at pageobjects.utils.PCDriver$1.apply(PCDriver.java:167)
	at pageobjects.utils.PCDriver$1.apply(PCDriver.java:1)
	at org.openqa.selenium.support.ui.FluentWait.until(FluentWait.java:248)
	at pageobjects.utils.PCDriver.waitForPageLoad(PCDriver.java:171)
	at com.clovedental.pageobject.AppointmnetAdd.LoginPage.login(LoginPage.java:30)
	at com.clovedental.scripts.AppointmentListingTestCase.setup(AppointmentListingTestCase.java:69)
	at sun.reflect.NativeMethodAccessorImpl.invoke0(Native Method)
	at sun.reflect.NativeMethodAccessorImpl.invoke(NativeMethodAccessorImpl.java:62)
	at sun.reflect.DelegatingMethodAccessorImpl.invoke(DelegatingMethodAccessorImpl.java:43)
	at java.lang.reflect.Method.invoke(Method.java:498)
	at org.testng.internal.MethodInvocationHelper.invokeMethod(MethodInvocationHelper.java:124)
	at org.testng.internal.MethodInvocationHelper.invokeMethodConsideringTimeout(MethodInvocationHelper.java:59)
	at org.testng.internal.Invoker.invokeConfigurationMethod(Invoker.java:455)
	at org.testng.internal.Invoker.invokeConfigurations(Invoker.java:222)
	at org.testng.internal.Invoker.invokeConfigurations(Invoker.java:142)
	at org.testng.internal.TestMethodWorker.invokeBeforeClassMethods(TestMethodWorker.java:168)
	at org.testng.internal.TestMethodWorker.run(TestMethodWorker.java:105)
	at org.testng.TestRunner.privateRun(TestRunner.java:648)
	at org.testng.TestRunner.run(TestRunner.java:505)
	at org.testng.SuiteRunner.runTest(SuiteRunner.java:455)
	at org.testng.SuiteRunner.runSequentially(SuiteRunner.java:450)
	at org.testng.SuiteRunner.privateRun(SuiteRunner.java:415)
	at org.testng.SuiteRunner.run(SuiteRunner.java:364)
	at org.testng.SuiteRunnerWorker.runSuite(SuiteRunnerWorker.java:52)
	at org.testng.SuiteRunnerWorker.run(SuiteRunnerWorker.java:84)
	at org.testng.TestNG.runSuitesSequentially(TestNG.java:1208)
	at org.testng.TestNG.runSuitesSequentially(TestNG.java:1204)
	at org.testng.TestNG.runSuitesLocally(TestNG.java:1137)
	at org.testng.TestNG.runSuites(TestNG.java:1049)
	at org.testng.TestNG.run(TestNG.java:1017)
	at org.testng.remote.AbstractRemoteTestNG.run(AbstractRemoteTestNG.java:114)
	at org.testng.remote.RemoteTestNG.initAndRun(RemoteTestNG.java:251)
	at org.testng.remote.RemoteTestNG.main(RemoteTestNG.java:77)
</pre></div></td>
<td>0</td>
<td>com.clovedental.scripts.AppointmentListingTestCase@42b3b079</td></tr>
<tr>
<td title='com.clovedental.scripts.AppointmentListingTestCase.behaviourOfDeleteBtn()'><b>behaviourOfDeleteBtn</b><br>Test class: com.clovedental.scripts.AppointmentListingTestCase<br>Test method: 2: Event Listing #74:Delete Btn is Working fine</td>
<td><div><pre>org.openqa.selenium.NoSuchSessionException: Session ID is null. Using WebDriver after calling quit()?
Build info: version: &apos;3.11.0&apos;, revision: &apos;e59cfb3&apos;, time: &apos;2018-03-11T20:33:15.31Z&apos;
System info: host: &apos;CONNSOL4&apos;, ip: &apos;192.168.1.227&apos;, os.name: &apos;Windows 8.1&apos;, os.arch: &apos;amd64&apos;, os.version: &apos;6.3&apos;, java.version: &apos;1.8.0_161&apos;
Driver info: driver.version: PCDriver
	at org.openqa.selenium.remote.HttpCommandExecutor.execute(HttpCommandExecutor.java:125)
	at org.openqa.selenium.remote.service.DriverCommandExecutor.execute(DriverCommandExecutor.java:83)
	at org.openqa.selenium.remote.RemoteWebDriver.execute(RemoteWebDriver.java:545)
	at org.openqa.selenium.remote.RemoteWebDriver.executeScript(RemoteWebDriver.java:482)
	at pageobjects.utils.PCDriver$1.apply(PCDriver.java:167)
	at pageobjects.utils.PCDriver$1.apply(PCDriver.java:1)
	at org.openqa.selenium.support.ui.FluentWait.until(FluentWait.java:248)
	at pageobjects.utils.PCDriver.waitForPageLoad(PCDriver.java:171)
	at com.clovedental.pageobject.AppointmnetAdd.LoginPage.login(LoginPage.java:30)
	at com.clovedental.scripts.AppointmentListingTestCase.setup(AppointmentListingTestCase.java:69)
... Removed 27 stack frames</pre></div><a href='#' onClick='toggleBox("stack-trace403547747", this, "Click to show all stack frames", "Click to hide stack frames")'>Click to show all stack frames</a>
<div class='stack-trace' id='stack-trace403547747'><pre>org.openqa.selenium.NoSuchSessionException: Session ID is null. Using WebDriver after calling quit()?
Build info: version: &apos;3.11.0&apos;, revision: &apos;e59cfb3&apos;, time: &apos;2018-03-11T20:33:15.31Z&apos;
System info: host: &apos;CONNSOL4&apos;, ip: &apos;192.168.1.227&apos;, os.name: &apos;Windows 8.1&apos;, os.arch: &apos;amd64&apos;, os.version: &apos;6.3&apos;, java.version: &apos;1.8.0_161&apos;
Driver info: driver.version: PCDriver
	at org.openqa.selenium.remote.HttpCommandExecutor.execute(HttpCommandExecutor.java:125)
	at org.openqa.selenium.remote.service.DriverCommandExecutor.execute(DriverCommandExecutor.java:83)
	at org.openqa.selenium.remote.RemoteWebDriver.execute(RemoteWebDriver.java:545)
	at org.openqa.selenium.remote.RemoteWebDriver.executeScript(RemoteWebDriver.java:482)
	at pageobjects.utils.PCDriver$1.apply(PCDriver.java:167)
	at pageobjects.utils.PCDriver$1.apply(PCDriver.java:1)
	at org.openqa.selenium.support.ui.FluentWait.until(FluentWait.java:248)
	at pageobjects.utils.PCDriver.waitForPageLoad(PCDriver.java:171)
	at com.clovedental.pageobject.AppointmnetAdd.LoginPage.login(LoginPage.java:30)
	at com.clovedental.scripts.AppointmentListingTestCase.setup(AppointmentListingTestCase.java:69)
	at sun.reflect.NativeMethodAccessorImpl.invoke0(Native Method)
	at sun.reflect.NativeMethodAccessorImpl.invoke(NativeMethodAccessorImpl.java:62)
	at sun.reflect.DelegatingMethodAccessorImpl.invoke(DelegatingMethodAccessorImpl.java:43)
	at java.lang.reflect.Method.invoke(Method.java:498)
	at org.testng.internal.MethodInvocationHelper.invokeMethod(MethodInvocationHelper.java:124)
	at org.testng.internal.MethodInvocationHelper.invokeMethodConsideringTimeout(MethodInvocationHelper.java:59)
	at org.testng.internal.Invoker.invokeConfigurationMethod(Invoker.java:455)
	at org.testng.internal.Invoker.invokeConfigurations(Invoker.java:222)
	at org.testng.internal.Invoker.invokeConfigurations(Invoker.java:142)
	at org.testng.internal.TestMethodWorker.invokeBeforeClassMethods(TestMethodWorker.java:168)
	at org.testng.internal.TestMethodWorker.run(TestMethodWorker.java:105)
	at org.testng.TestRunner.privateRun(TestRunner.java:648)
	at org.testng.TestRunner.run(TestRunner.java:505)
	at org.testng.SuiteRunner.runTest(SuiteRunner.java:455)
	at org.testng.SuiteRunner.runSequentially(SuiteRunner.java:450)
	at org.testng.SuiteRunner.privateRun(SuiteRunner.java:415)
	at org.testng.SuiteRunner.run(SuiteRunner.java:364)
	at org.testng.SuiteRunnerWorker.runSuite(SuiteRunnerWorker.java:52)
	at org.testng.SuiteRunnerWorker.run(SuiteRunnerWorker.java:84)
	at org.testng.TestNG.runSuitesSequentially(TestNG.java:1208)
	at org.testng.TestNG.runSuitesSequentially(TestNG.java:1204)
	at org.testng.TestNG.runSuitesLocally(TestNG.java:1137)
	at org.testng.TestNG.runSuites(TestNG.java:1049)
	at org.testng.TestNG.run(TestNG.java:1017)
	at org.testng.remote.AbstractRemoteTestNG.run(AbstractRemoteTestNG.java:114)
	at org.testng.remote.RemoteTestNG.initAndRun(RemoteTestNG.java:251)
	at org.testng.remote.RemoteTestNG.main(RemoteTestNG.java:77)
</pre></div></td>
<td>0</td>
<td>com.clovedental.scripts.AppointmentListingTestCase@42b3b079</td></tr>
<tr>
<td title='com.clovedental.scripts.AppointmentListingTestCase.behaviourOfNoShowBtn()'><b>behaviourOfNoShowBtn</b><br>Test class: com.clovedental.scripts.AppointmentListingTestCase<br>Test method: 2: AppointmentList #63:If app time pass witout work it will apear And also ask reason</td>
<td><div><pre>org.openqa.selenium.NoSuchSessionException: Session ID is null. Using WebDriver after calling quit()?
Build info: version: &apos;3.11.0&apos;, revision: &apos;e59cfb3&apos;, time: &apos;2018-03-11T20:33:15.31Z&apos;
System info: host: &apos;CONNSOL4&apos;, ip: &apos;192.168.1.227&apos;, os.name: &apos;Windows 8.1&apos;, os.arch: &apos;amd64&apos;, os.version: &apos;6.3&apos;, java.version: &apos;1.8.0_161&apos;
Driver info: driver.version: PCDriver
	at org.openqa.selenium.remote.HttpCommandExecutor.execute(HttpCommandExecutor.java:125)
	at org.openqa.selenium.remote.service.DriverCommandExecutor.execute(DriverCommandExecutor.java:83)
	at org.openqa.selenium.remote.RemoteWebDriver.execute(RemoteWebDriver.java:545)
	at org.openqa.selenium.remote.RemoteWebDriver.executeScript(RemoteWebDriver.java:482)
	at pageobjects.utils.PCDriver$1.apply(PCDriver.java:167)
	at pageobjects.utils.PCDriver$1.apply(PCDriver.java:1)
	at org.openqa.selenium.support.ui.FluentWait.until(FluentWait.java:248)
	at pageobjects.utils.PCDriver.waitForPageLoad(PCDriver.java:171)
	at com.clovedental.pageobject.AppointmnetAdd.LoginPage.login(LoginPage.java:30)
	at com.clovedental.scripts.AppointmentListingTestCase.setup(AppointmentListingTestCase.java:69)
... Removed 27 stack frames</pre></div><a href='#' onClick='toggleBox("stack-trace855700733", this, "Click to show all stack frames", "Click to hide stack frames")'>Click to show all stack frames</a>
<div class='stack-trace' id='stack-trace855700733'><pre>org.openqa.selenium.NoSuchSessionException: Session ID is null. Using WebDriver after calling quit()?
Build info: version: &apos;3.11.0&apos;, revision: &apos;e59cfb3&apos;, time: &apos;2018-03-11T20:33:15.31Z&apos;
System info: host: &apos;CONNSOL4&apos;, ip: &apos;192.168.1.227&apos;, os.name: &apos;Windows 8.1&apos;, os.arch: &apos;amd64&apos;, os.version: &apos;6.3&apos;, java.version: &apos;1.8.0_161&apos;
Driver info: driver.version: PCDriver
	at org.openqa.selenium.remote.HttpCommandExecutor.execute(HttpCommandExecutor.java:125)
	at org.openqa.selenium.remote.service.DriverCommandExecutor.execute(DriverCommandExecutor.java:83)
	at org.openqa.selenium.remote.RemoteWebDriver.execute(RemoteWebDriver.java:545)
	at org.openqa.selenium.remote.RemoteWebDriver.executeScript(RemoteWebDriver.java:482)
	at pageobjects.utils.PCDriver$1.apply(PCDriver.java:167)
	at pageobjects.utils.PCDriver$1.apply(PCDriver.java:1)
	at org.openqa.selenium.support.ui.FluentWait.until(FluentWait.java:248)
	at pageobjects.utils.PCDriver.waitForPageLoad(PCDriver.java:171)
	at com.clovedental.pageobject.AppointmnetAdd.LoginPage.login(LoginPage.java:30)
	at com.clovedental.scripts.AppointmentListingTestCase.setup(AppointmentListingTestCase.java:69)
	at sun.reflect.NativeMethodAccessorImpl.invoke0(Native Method)
	at sun.reflect.NativeMethodAccessorImpl.invoke(NativeMethodAccessorImpl.java:62)
	at sun.reflect.DelegatingMethodAccessorImpl.invoke(DelegatingMethodAccessorImpl.java:43)
	at java.lang.reflect.Method.invoke(Method.java:498)
	at org.testng.internal.MethodInvocationHelper.invokeMethod(MethodInvocationHelper.java:124)
	at org.testng.internal.MethodInvocationHelper.invokeMethodConsideringTimeout(MethodInvocationHelper.java:59)
	at org.testng.internal.Invoker.invokeConfigurationMethod(Invoker.java:455)
	at org.testng.internal.Invoker.invokeConfigurations(Invoker.java:222)
	at org.testng.internal.Invoker.invokeConfigurations(Invoker.java:142)
	at org.testng.internal.TestMethodWorker.invokeBeforeClassMethods(TestMethodWorker.java:168)
	at org.testng.internal.TestMethodWorker.run(TestMethodWorker.java:105)
	at org.testng.TestRunner.privateRun(TestRunner.java:648)
	at org.testng.TestRunner.run(TestRunner.java:505)
	at org.testng.SuiteRunner.runTest(SuiteRunner.java:455)
	at org.testng.SuiteRunner.runSequentially(SuiteRunner.java:450)
	at org.testng.SuiteRunner.privateRun(SuiteRunner.java:415)
	at org.testng.SuiteRunner.run(SuiteRunner.java:364)
	at org.testng.SuiteRunnerWorker.runSuite(SuiteRunnerWorker.java:52)
	at org.testng.SuiteRunnerWorker.run(SuiteRunnerWorker.java:84)
	at org.testng.TestNG.runSuitesSequentially(TestNG.java:1208)
	at org.testng.TestNG.runSuitesSequentially(TestNG.java:1204)
	at org.testng.TestNG.runSuitesLocally(TestNG.java:1137)
	at org.testng.TestNG.runSuites(TestNG.java:1049)
	at org.testng.TestNG.run(TestNG.java:1017)
	at org.testng.remote.AbstractRemoteTestNG.run(AbstractRemoteTestNG.java:114)
	at org.testng.remote.RemoteTestNG.initAndRun(RemoteTestNG.java:251)
	at org.testng.remote.RemoteTestNG.main(RemoteTestNG.java:77)
</pre></div></td>
<td>0</td>
<td>com.clovedental.scripts.AppointmentListingTestCase@42b3b079</td></tr>
<tr>
<td title='com.clovedental.scripts.AppointmentListingTestCase.checkFrmDateIsNotLaterToToDate()'><b>checkFrmDateIsNotLaterToToDate</b><br>Test class: com.clovedental.scripts.AppointmentListingTestCase<br>Test method: 2: Event Listing #76:frm Date is not later than to Date</td>
<td><div><pre>org.openqa.selenium.NoSuchSessionException: Session ID is null. Using WebDriver after calling quit()?
Build info: version: &apos;3.11.0&apos;, revision: &apos;e59cfb3&apos;, time: &apos;2018-03-11T20:33:15.31Z&apos;
System info: host: &apos;CONNSOL4&apos;, ip: &apos;192.168.1.227&apos;, os.name: &apos;Windows 8.1&apos;, os.arch: &apos;amd64&apos;, os.version: &apos;6.3&apos;, java.version: &apos;1.8.0_161&apos;
Driver info: driver.version: PCDriver
	at org.openqa.selenium.remote.HttpCommandExecutor.execute(HttpCommandExecutor.java:125)
	at org.openqa.selenium.remote.service.DriverCommandExecutor.execute(DriverCommandExecutor.java:83)
	at org.openqa.selenium.remote.RemoteWebDriver.execute(RemoteWebDriver.java:545)
	at org.openqa.selenium.remote.RemoteWebDriver.executeScript(RemoteWebDriver.java:482)
	at pageobjects.utils.PCDriver$1.apply(PCDriver.java:167)
	at pageobjects.utils.PCDriver$1.apply(PCDriver.java:1)
	at org.openqa.selenium.support.ui.FluentWait.until(FluentWait.java:248)
	at pageobjects.utils.PCDriver.waitForPageLoad(PCDriver.java:171)
	at com.clovedental.pageobject.AppointmnetAdd.LoginPage.login(LoginPage.java:30)
	at com.clovedental.scripts.AppointmentListingTestCase.setup(AppointmentListingTestCase.java:69)
... Removed 27 stack frames</pre></div><a href='#' onClick='toggleBox("stack-trace1408279755", this, "Click to show all stack frames", "Click to hide stack frames")'>Click to show all stack frames</a>
<div class='stack-trace' id='stack-trace1408279755'><pre>org.openqa.selenium.NoSuchSessionException: Session ID is null. Using WebDriver after calling quit()?
Build info: version: &apos;3.11.0&apos;, revision: &apos;e59cfb3&apos;, time: &apos;2018-03-11T20:33:15.31Z&apos;
System info: host: &apos;CONNSOL4&apos;, ip: &apos;192.168.1.227&apos;, os.name: &apos;Windows 8.1&apos;, os.arch: &apos;amd64&apos;, os.version: &apos;6.3&apos;, java.version: &apos;1.8.0_161&apos;
Driver info: driver.version: PCDriver
	at org.openqa.selenium.remote.HttpCommandExecutor.execute(HttpCommandExecutor.java:125)
	at org.openqa.selenium.remote.service.DriverCommandExecutor.execute(DriverCommandExecutor.java:83)
	at org.openqa.selenium.remote.RemoteWebDriver.execute(RemoteWebDriver.java:545)
	at org.openqa.selenium.remote.RemoteWebDriver.executeScript(RemoteWebDriver.java:482)
	at pageobjects.utils.PCDriver$1.apply(PCDriver.java:167)
	at pageobjects.utils.PCDriver$1.apply(PCDriver.java:1)
	at org.openqa.selenium.support.ui.FluentWait.until(FluentWait.java:248)
	at pageobjects.utils.PCDriver.waitForPageLoad(PCDriver.java:171)
	at com.clovedental.pageobject.AppointmnetAdd.LoginPage.login(LoginPage.java:30)
	at com.clovedental.scripts.AppointmentListingTestCase.setup(AppointmentListingTestCase.java:69)
	at sun.reflect.NativeMethodAccessorImpl.invoke0(Native Method)
	at sun.reflect.NativeMethodAccessorImpl.invoke(NativeMethodAccessorImpl.java:62)
	at sun.reflect.DelegatingMethodAccessorImpl.invoke(DelegatingMethodAccessorImpl.java:43)
	at java.lang.reflect.Method.invoke(Method.java:498)
	at org.testng.internal.MethodInvocationHelper.invokeMethod(MethodInvocationHelper.java:124)
	at org.testng.internal.MethodInvocationHelper.invokeMethodConsideringTimeout(MethodInvocationHelper.java:59)
	at org.testng.internal.Invoker.invokeConfigurationMethod(Invoker.java:455)
	at org.testng.internal.Invoker.invokeConfigurations(Invoker.java:222)
	at org.testng.internal.Invoker.invokeConfigurations(Invoker.java:142)
	at org.testng.internal.TestMethodWorker.invokeBeforeClassMethods(TestMethodWorker.java:168)
	at org.testng.internal.TestMethodWorker.run(TestMethodWorker.java:105)
	at org.testng.TestRunner.privateRun(TestRunner.java:648)
	at org.testng.TestRunner.run(TestRunner.java:505)
	at org.testng.SuiteRunner.runTest(SuiteRunner.java:455)
	at org.testng.SuiteRunner.runSequentially(SuiteRunner.java:450)
	at org.testng.SuiteRunner.privateRun(SuiteRunner.java:415)
	at org.testng.SuiteRunner.run(SuiteRunner.java:364)
	at org.testng.SuiteRunnerWorker.runSuite(SuiteRunnerWorker.java:52)
	at org.testng.SuiteRunnerWorker.run(SuiteRunnerWorker.java:84)
	at org.testng.TestNG.runSuitesSequentially(TestNG.java:1208)
	at org.testng.TestNG.runSuitesSequentially(TestNG.java:1204)
	at org.testng.TestNG.runSuitesLocally(TestNG.java:1137)
	at org.testng.TestNG.runSuites(TestNG.java:1049)
	at org.testng.TestNG.run(TestNG.java:1017)
	at org.testng.remote.AbstractRemoteTestNG.run(AbstractRemoteTestNG.java:114)
	at org.testng.remote.RemoteTestNG.initAndRun(RemoteTestNG.java:251)
	at org.testng.remote.RemoteTestNG.main(RemoteTestNG.java:77)
</pre></div></td>
<td>0</td>
<td>com.clovedental.scripts.AppointmentListingTestCase@42b3b079</td></tr>
<tr>
<td title='com.clovedental.scripts.AppointmentListingTestCase.checkFromAndToDateDiffIsMoreThanSixty()'><b>checkFromAndToDateDiffIsMoreThanSixty</b><br>Test class: com.clovedental.scripts.AppointmentListingTestCase<br>Test method: 2: AppointmentList #55:We can also filter more than 60 day verified</td>
<td><div><pre>org.openqa.selenium.NoSuchSessionException: Session ID is null. Using WebDriver after calling quit()?
Build info: version: &apos;3.11.0&apos;, revision: &apos;e59cfb3&apos;, time: &apos;2018-03-11T20:33:15.31Z&apos;
System info: host: &apos;CONNSOL4&apos;, ip: &apos;192.168.1.227&apos;, os.name: &apos;Windows 8.1&apos;, os.arch: &apos;amd64&apos;, os.version: &apos;6.3&apos;, java.version: &apos;1.8.0_161&apos;
Driver info: driver.version: PCDriver
	at org.openqa.selenium.remote.HttpCommandExecutor.execute(HttpCommandExecutor.java:125)
	at org.openqa.selenium.remote.service.DriverCommandExecutor.execute(DriverCommandExecutor.java:83)
	at org.openqa.selenium.remote.RemoteWebDriver.execute(RemoteWebDriver.java:545)
	at org.openqa.selenium.remote.RemoteWebDriver.executeScript(RemoteWebDriver.java:482)
	at pageobjects.utils.PCDriver$1.apply(PCDriver.java:167)
	at pageobjects.utils.PCDriver$1.apply(PCDriver.java:1)
	at org.openqa.selenium.support.ui.FluentWait.until(FluentWait.java:248)
	at pageobjects.utils.PCDriver.waitForPageLoad(PCDriver.java:171)
	at com.clovedental.pageobject.AppointmnetAdd.LoginPage.login(LoginPage.java:30)
	at com.clovedental.scripts.AppointmentListingTestCase.setup(AppointmentListingTestCase.java:69)
... Removed 27 stack frames</pre></div><a href='#' onClick='toggleBox("stack-trace1733022752", this, "Click to show all stack frames", "Click to hide stack frames")'>Click to show all stack frames</a>
<div class='stack-trace' id='stack-trace1733022752'><pre>org.openqa.selenium.NoSuchSessionException: Session ID is null. Using WebDriver after calling quit()?
Build info: version: &apos;3.11.0&apos;, revision: &apos;e59cfb3&apos;, time: &apos;2018-03-11T20:33:15.31Z&apos;
System info: host: &apos;CONNSOL4&apos;, ip: &apos;192.168.1.227&apos;, os.name: &apos;Windows 8.1&apos;, os.arch: &apos;amd64&apos;, os.version: &apos;6.3&apos;, java.version: &apos;1.8.0_161&apos;
Driver info: driver.version: PCDriver
	at org.openqa.selenium.remote.HttpCommandExecutor.execute(HttpCommandExecutor.java:125)
	at org.openqa.selenium.remote.service.DriverCommandExecutor.execute(DriverCommandExecutor.java:83)
	at org.openqa.selenium.remote.RemoteWebDriver.execute(RemoteWebDriver.java:545)
	at org.openqa.selenium.remote.RemoteWebDriver.executeScript(RemoteWebDriver.java:482)
	at pageobjects.utils.PCDriver$1.apply(PCDriver.java:167)
	at pageobjects.utils.PCDriver$1.apply(PCDriver.java:1)
	at org.openqa.selenium.support.ui.FluentWait.until(FluentWait.java:248)
	at pageobjects.utils.PCDriver.waitForPageLoad(PCDriver.java:171)
	at com.clovedental.pageobject.AppointmnetAdd.LoginPage.login(LoginPage.java:30)
	at com.clovedental.scripts.AppointmentListingTestCase.setup(AppointmentListingTestCase.java:69)
	at sun.reflect.NativeMethodAccessorImpl.invoke0(Native Method)
	at sun.reflect.NativeMethodAccessorImpl.invoke(NativeMethodAccessorImpl.java:62)
	at sun.reflect.DelegatingMethodAccessorImpl.invoke(DelegatingMethodAccessorImpl.java:43)
	at java.lang.reflect.Method.invoke(Method.java:498)
	at org.testng.internal.MethodInvocationHelper.invokeMethod(MethodInvocationHelper.java:124)
	at org.testng.internal.MethodInvocationHelper.invokeMethodConsideringTimeout(MethodInvocationHelper.java:59)
	at org.testng.internal.Invoker.invokeConfigurationMethod(Invoker.java:455)
	at org.testng.internal.Invoker.invokeConfigurations(Invoker.java:222)
	at org.testng.internal.Invoker.invokeConfigurations(Invoker.java:142)
	at org.testng.internal.TestMethodWorker.invokeBeforeClassMethods(TestMethodWorker.java:168)
	at org.testng.internal.TestMethodWorker.run(TestMethodWorker.java:105)
	at org.testng.TestRunner.privateRun(TestRunner.java:648)
	at org.testng.TestRunner.run(TestRunner.java:505)
	at org.testng.SuiteRunner.runTest(SuiteRunner.java:455)
	at org.testng.SuiteRunner.runSequentially(SuiteRunner.java:450)
	at org.testng.SuiteRunner.privateRun(SuiteRunner.java:415)
	at org.testng.SuiteRunner.run(SuiteRunner.java:364)
	at org.testng.SuiteRunnerWorker.runSuite(SuiteRunnerWorker.java:52)
	at org.testng.SuiteRunnerWorker.run(SuiteRunnerWorker.java:84)
	at org.testng.TestNG.runSuitesSequentially(TestNG.java:1208)
	at org.testng.TestNG.runSuitesSequentially(TestNG.java:1204)
	at org.testng.TestNG.runSuitesLocally(TestNG.java:1137)
	at org.testng.TestNG.runSuites(TestNG.java:1049)
	at org.testng.TestNG.run(TestNG.java:1017)
	at org.testng.remote.AbstractRemoteTestNG.run(AbstractRemoteTestNG.java:114)
	at org.testng.remote.RemoteTestNG.initAndRun(RemoteTestNG.java:251)
	at org.testng.remote.RemoteTestNG.main(RemoteTestNG.java:77)
</pre></div></td>
<td>0</td>
<td>com.clovedental.scripts.AppointmentListingTestCase@42b3b079</td></tr>
<tr>
<td title='com.clovedental.scripts.AppointmentListingTestCase.clickOnEditAndVerifyPastDate()'><b>clickOnEditAndVerifyPastDate</b><br>Test class: com.clovedental.scripts.AppointmentListingTestCase<br>Test method: 2: AppointmentList #59:On past Date it is not allowing.A popup apear time is already passed </td>
<td><div><pre>org.openqa.selenium.NoSuchSessionException: Session ID is null. Using WebDriver after calling quit()?
Build info: version: &apos;3.11.0&apos;, revision: &apos;e59cfb3&apos;, time: &apos;2018-03-11T20:33:15.31Z&apos;
System info: host: &apos;CONNSOL4&apos;, ip: &apos;192.168.1.227&apos;, os.name: &apos;Windows 8.1&apos;, os.arch: &apos;amd64&apos;, os.version: &apos;6.3&apos;, java.version: &apos;1.8.0_161&apos;
Driver info: driver.version: PCDriver
	at org.openqa.selenium.remote.HttpCommandExecutor.execute(HttpCommandExecutor.java:125)
	at org.openqa.selenium.remote.service.DriverCommandExecutor.execute(DriverCommandExecutor.java:83)
	at org.openqa.selenium.remote.RemoteWebDriver.execute(RemoteWebDriver.java:545)
	at org.openqa.selenium.remote.RemoteWebDriver.executeScript(RemoteWebDriver.java:482)
	at pageobjects.utils.PCDriver$1.apply(PCDriver.java:167)
	at pageobjects.utils.PCDriver$1.apply(PCDriver.java:1)
	at org.openqa.selenium.support.ui.FluentWait.until(FluentWait.java:248)
	at pageobjects.utils.PCDriver.waitForPageLoad(PCDriver.java:171)
	at com.clovedental.pageobject.AppointmnetAdd.LoginPage.login(LoginPage.java:30)
	at com.clovedental.scripts.AppointmentListingTestCase.setup(AppointmentListingTestCase.java:69)
... Removed 27 stack frames</pre></div><a href='#' onClick='toggleBox("stack-trace361380654", this, "Click to show all stack frames", "Click to hide stack frames")'>Click to show all stack frames</a>
<div class='stack-trace' id='stack-trace361380654'><pre>org.openqa.selenium.NoSuchSessionException: Session ID is null. Using WebDriver after calling quit()?
Build info: version: &apos;3.11.0&apos;, revision: &apos;e59cfb3&apos;, time: &apos;2018-03-11T20:33:15.31Z&apos;
System info: host: &apos;CONNSOL4&apos;, ip: &apos;192.168.1.227&apos;, os.name: &apos;Windows 8.1&apos;, os.arch: &apos;amd64&apos;, os.version: &apos;6.3&apos;, java.version: &apos;1.8.0_161&apos;
Driver info: driver.version: PCDriver
	at org.openqa.selenium.remote.HttpCommandExecutor.execute(HttpCommandExecutor.java:125)
	at org.openqa.selenium.remote.service.DriverCommandExecutor.execute(DriverCommandExecutor.java:83)
	at org.openqa.selenium.remote.RemoteWebDriver.execute(RemoteWebDriver.java:545)
	at org.openqa.selenium.remote.RemoteWebDriver.executeScript(RemoteWebDriver.java:482)
	at pageobjects.utils.PCDriver$1.apply(PCDriver.java:167)
	at pageobjects.utils.PCDriver$1.apply(PCDriver.java:1)
	at org.openqa.selenium.support.ui.FluentWait.until(FluentWait.java:248)
	at pageobjects.utils.PCDriver.waitForPageLoad(PCDriver.java:171)
	at com.clovedental.pageobject.AppointmnetAdd.LoginPage.login(LoginPage.java:30)
	at com.clovedental.scripts.AppointmentListingTestCase.setup(AppointmentListingTestCase.java:69)
	at sun.reflect.NativeMethodAccessorImpl.invoke0(Native Method)
	at sun.reflect.NativeMethodAccessorImpl.invoke(NativeMethodAccessorImpl.java:62)
	at sun.reflect.DelegatingMethodAccessorImpl.invoke(DelegatingMethodAccessorImpl.java:43)
	at java.lang.reflect.Method.invoke(Method.java:498)
	at org.testng.internal.MethodInvocationHelper.invokeMethod(MethodInvocationHelper.java:124)
	at org.testng.internal.MethodInvocationHelper.invokeMethodConsideringTimeout(MethodInvocationHelper.java:59)
	at org.testng.internal.Invoker.invokeConfigurationMethod(Invoker.java:455)
	at org.testng.internal.Invoker.invokeConfigurations(Invoker.java:222)
	at org.testng.internal.Invoker.invokeConfigurations(Invoker.java:142)
	at org.testng.internal.TestMethodWorker.invokeBeforeClassMethods(TestMethodWorker.java:168)
	at org.testng.internal.TestMethodWorker.run(TestMethodWorker.java:105)
	at org.testng.TestRunner.privateRun(TestRunner.java:648)
	at org.testng.TestRunner.run(TestRunner.java:505)
	at org.testng.SuiteRunner.runTest(SuiteRunner.java:455)
	at org.testng.SuiteRunner.runSequentially(SuiteRunner.java:450)
	at org.testng.SuiteRunner.privateRun(SuiteRunner.java:415)
	at org.testng.SuiteRunner.run(SuiteRunner.java:364)
	at org.testng.SuiteRunnerWorker.runSuite(SuiteRunnerWorker.java:52)
	at org.testng.SuiteRunnerWorker.run(SuiteRunnerWorker.java:84)
	at org.testng.TestNG.runSuitesSequentially(TestNG.java:1208)
	at org.testng.TestNG.runSuitesSequentially(TestNG.java:1204)
	at org.testng.TestNG.runSuitesLocally(TestNG.java:1137)
	at org.testng.TestNG.runSuites(TestNG.java:1049)
	at org.testng.TestNG.run(TestNG.java:1017)
	at org.testng.remote.AbstractRemoteTestNG.run(AbstractRemoteTestNG.java:114)
	at org.testng.remote.RemoteTestNG.initAndRun(RemoteTestNG.java:251)
	at org.testng.remote.RemoteTestNG.main(RemoteTestNG.java:77)
</pre></div></td>
<td>0</td>
<td>com.clovedental.scripts.AppointmentListingTestCase@42b3b079</td></tr>
<tr>
<td title='com.clovedental.scripts.AppointmentListingTestCase.dateFilterAlongWithAppType()'><b>dateFilterAlongWithAppType</b><br>Test class: com.clovedental.scripts.AppointmentListingTestCase<br>Test method: 2: AppointmentList #66:Date filter working fine with App Type filter</td>
<td><div><pre>org.openqa.selenium.NoSuchSessionException: Session ID is null. Using WebDriver after calling quit()?
Build info: version: &apos;3.11.0&apos;, revision: &apos;e59cfb3&apos;, time: &apos;2018-03-11T20:33:15.31Z&apos;
System info: host: &apos;CONNSOL4&apos;, ip: &apos;192.168.1.227&apos;, os.name: &apos;Windows 8.1&apos;, os.arch: &apos;amd64&apos;, os.version: &apos;6.3&apos;, java.version: &apos;1.8.0_161&apos;
Driver info: driver.version: PCDriver
	at org.openqa.selenium.remote.HttpCommandExecutor.execute(HttpCommandExecutor.java:125)
	at org.openqa.selenium.remote.service.DriverCommandExecutor.execute(DriverCommandExecutor.java:83)
	at org.openqa.selenium.remote.RemoteWebDriver.execute(RemoteWebDriver.java:545)
	at org.openqa.selenium.remote.RemoteWebDriver.executeScript(RemoteWebDriver.java:482)
	at pageobjects.utils.PCDriver$1.apply(PCDriver.java:167)
	at pageobjects.utils.PCDriver$1.apply(PCDriver.java:1)
	at org.openqa.selenium.support.ui.FluentWait.until(FluentWait.java:248)
	at pageobjects.utils.PCDriver.waitForPageLoad(PCDriver.java:171)
	at com.clovedental.pageobject.AppointmnetAdd.LoginPage.login(LoginPage.java:30)
	at com.clovedental.scripts.AppointmentListingTestCase.setup(AppointmentListingTestCase.java:69)
... Removed 27 stack frames</pre></div><a href='#' onClick='toggleBox("stack-trace141110631", this, "Click to show all stack frames", "Click to hide stack frames")'>Click to show all stack frames</a>
<div class='stack-trace' id='stack-trace141110631'><pre>org.openqa.selenium.NoSuchSessionException: Session ID is null. Using WebDriver after calling quit()?
Build info: version: &apos;3.11.0&apos;, revision: &apos;e59cfb3&apos;, time: &apos;2018-03-11T20:33:15.31Z&apos;
System info: host: &apos;CONNSOL4&apos;, ip: &apos;192.168.1.227&apos;, os.name: &apos;Windows 8.1&apos;, os.arch: &apos;amd64&apos;, os.version: &apos;6.3&apos;, java.version: &apos;1.8.0_161&apos;
Driver info: driver.version: PCDriver
	at org.openqa.selenium.remote.HttpCommandExecutor.execute(HttpCommandExecutor.java:125)
	at org.openqa.selenium.remote.service.DriverCommandExecutor.execute(DriverCommandExecutor.java:83)
	at org.openqa.selenium.remote.RemoteWebDriver.execute(RemoteWebDriver.java:545)
	at org.openqa.selenium.remote.RemoteWebDriver.executeScript(RemoteWebDriver.java:482)
	at pageobjects.utils.PCDriver$1.apply(PCDriver.java:167)
	at pageobjects.utils.PCDriver$1.apply(PCDriver.java:1)
	at org.openqa.selenium.support.ui.FluentWait.until(FluentWait.java:248)
	at pageobjects.utils.PCDriver.waitForPageLoad(PCDriver.java:171)
	at com.clovedental.pageobject.AppointmnetAdd.LoginPage.login(LoginPage.java:30)
	at com.clovedental.scripts.AppointmentListingTestCase.setup(AppointmentListingTestCase.java:69)
	at sun.reflect.NativeMethodAccessorImpl.invoke0(Native Method)
	at sun.reflect.NativeMethodAccessorImpl.invoke(NativeMethodAccessorImpl.java:62)
	at sun.reflect.DelegatingMethodAccessorImpl.invoke(DelegatingMethodAccessorImpl.java:43)
	at java.lang.reflect.Method.invoke(Method.java:498)
	at org.testng.internal.MethodInvocationHelper.invokeMethod(MethodInvocationHelper.java:124)
	at org.testng.internal.MethodInvocationHelper.invokeMethodConsideringTimeout(MethodInvocationHelper.java:59)
	at org.testng.internal.Invoker.invokeConfigurationMethod(Invoker.java:455)
	at org.testng.internal.Invoker.invokeConfigurations(Invoker.java:222)
	at org.testng.internal.Invoker.invokeConfigurations(Invoker.java:142)
	at org.testng.internal.TestMethodWorker.invokeBeforeClassMethods(TestMethodWorker.java:168)
	at org.testng.internal.TestMethodWorker.run(TestMethodWorker.java:105)
	at org.testng.TestRunner.privateRun(TestRunner.java:648)
	at org.testng.TestRunner.run(TestRunner.java:505)
	at org.testng.SuiteRunner.runTest(SuiteRunner.java:455)
	at org.testng.SuiteRunner.runSequentially(SuiteRunner.java:450)
	at org.testng.SuiteRunner.privateRun(SuiteRunner.java:415)
	at org.testng.SuiteRunner.run(SuiteRunner.java:364)
	at org.testng.SuiteRunnerWorker.runSuite(SuiteRunnerWorker.java:52)
	at org.testng.SuiteRunnerWorker.run(SuiteRunnerWorker.java:84)
	at org.testng.TestNG.runSuitesSequentially(TestNG.java:1208)
	at org.testng.TestNG.runSuitesSequentially(TestNG.java:1204)
	at org.testng.TestNG.runSuitesLocally(TestNG.java:1137)
	at org.testng.TestNG.runSuites(TestNG.java:1049)
	at org.testng.TestNG.run(TestNG.java:1017)
	at org.testng.remote.AbstractRemoteTestNG.run(AbstractRemoteTestNG.java:114)
	at org.testng.remote.RemoteTestNG.initAndRun(RemoteTestNG.java:251)
	at org.testng.remote.RemoteTestNG.main(RemoteTestNG.java:77)
</pre></div></td>
<td>0</td>
<td>com.clovedental.scripts.AppointmentListingTestCase@42b3b079</td></tr>
<tr>
<td title='com.clovedental.scripts.AppointmentListingTestCase.impactAppListOnOtherModule()'><b>impactAppListOnOtherModule</b><br>Test class: com.clovedental.scripts.AppointmentListingTestCase<br>Test method: 2: AppointmentList #64:appointmwnt also availble on patientDashBoard appList</td>
<td><div><pre>org.openqa.selenium.NoSuchSessionException: Session ID is null. Using WebDriver after calling quit()?
Build info: version: &apos;3.11.0&apos;, revision: &apos;e59cfb3&apos;, time: &apos;2018-03-11T20:33:15.31Z&apos;
System info: host: &apos;CONNSOL4&apos;, ip: &apos;192.168.1.227&apos;, os.name: &apos;Windows 8.1&apos;, os.arch: &apos;amd64&apos;, os.version: &apos;6.3&apos;, java.version: &apos;1.8.0_161&apos;
Driver info: driver.version: PCDriver
	at org.openqa.selenium.remote.HttpCommandExecutor.execute(HttpCommandExecutor.java:125)
	at org.openqa.selenium.remote.service.DriverCommandExecutor.execute(DriverCommandExecutor.java:83)
	at org.openqa.selenium.remote.RemoteWebDriver.execute(RemoteWebDriver.java:545)
	at org.openqa.selenium.remote.RemoteWebDriver.executeScript(RemoteWebDriver.java:482)
	at pageobjects.utils.PCDriver$1.apply(PCDriver.java:167)
	at pageobjects.utils.PCDriver$1.apply(PCDriver.java:1)
	at org.openqa.selenium.support.ui.FluentWait.until(FluentWait.java:248)
	at pageobjects.utils.PCDriver.waitForPageLoad(PCDriver.java:171)
	at com.clovedental.pageobject.AppointmnetAdd.LoginPage.login(LoginPage.java:30)
	at com.clovedental.scripts.AppointmentListingTestCase.setup(AppointmentListingTestCase.java:69)
... Removed 27 stack frames</pre></div><a href='#' onClick='toggleBox("stack-trace1863655430", this, "Click to show all stack frames", "Click to hide stack frames")'>Click to show all stack frames</a>
<div class='stack-trace' id='stack-trace1863655430'><pre>org.openqa.selenium.NoSuchSessionException: Session ID is null. Using WebDriver after calling quit()?
Build info: version: &apos;3.11.0&apos;, revision: &apos;e59cfb3&apos;, time: &apos;2018-03-11T20:33:15.31Z&apos;
System info: host: &apos;CONNSOL4&apos;, ip: &apos;192.168.1.227&apos;, os.name: &apos;Windows 8.1&apos;, os.arch: &apos;amd64&apos;, os.version: &apos;6.3&apos;, java.version: &apos;1.8.0_161&apos;
Driver info: driver.version: PCDriver
	at org.openqa.selenium.remote.HttpCommandExecutor.execute(HttpCommandExecutor.java:125)
	at org.openqa.selenium.remote.service.DriverCommandExecutor.execute(DriverCommandExecutor.java:83)
	at org.openqa.selenium.remote.RemoteWebDriver.execute(RemoteWebDriver.java:545)
	at org.openqa.selenium.remote.RemoteWebDriver.executeScript(RemoteWebDriver.java:482)
	at pageobjects.utils.PCDriver$1.apply(PCDriver.java:167)
	at pageobjects.utils.PCDriver$1.apply(PCDriver.java:1)
	at org.openqa.selenium.support.ui.FluentWait.until(FluentWait.java:248)
	at pageobjects.utils.PCDriver.waitForPageLoad(PCDriver.java:171)
	at com.clovedental.pageobject.AppointmnetAdd.LoginPage.login(LoginPage.java:30)
	at com.clovedental.scripts.AppointmentListingTestCase.setup(AppointmentListingTestCase.java:69)
	at sun.reflect.NativeMethodAccessorImpl.invoke0(Native Method)
	at sun.reflect.NativeMethodAccessorImpl.invoke(NativeMethodAccessorImpl.java:62)
	at sun.reflect.DelegatingMethodAccessorImpl.invoke(DelegatingMethodAccessorImpl.java:43)
	at java.lang.reflect.Method.invoke(Method.java:498)
	at org.testng.internal.MethodInvocationHelper.invokeMethod(MethodInvocationHelper.java:124)
	at org.testng.internal.MethodInvocationHelper.invokeMethodConsideringTimeout(MethodInvocationHelper.java:59)
	at org.testng.internal.Invoker.invokeConfigurationMethod(Invoker.java:455)
	at org.testng.internal.Invoker.invokeConfigurations(Invoker.java:222)
	at org.testng.internal.Invoker.invokeConfigurations(Invoker.java:142)
	at org.testng.internal.TestMethodWorker.invokeBeforeClassMethods(TestMethodWorker.java:168)
	at org.testng.internal.TestMethodWorker.run(TestMethodWorker.java:105)
	at org.testng.TestRunner.privateRun(TestRunner.java:648)
	at org.testng.TestRunner.run(TestRunner.java:505)
	at org.testng.SuiteRunner.runTest(SuiteRunner.java:455)
	at org.testng.SuiteRunner.runSequentially(SuiteRunner.java:450)
	at org.testng.SuiteRunner.privateRun(SuiteRunner.java:415)
	at org.testng.SuiteRunner.run(SuiteRunner.java:364)
	at org.testng.SuiteRunnerWorker.runSuite(SuiteRunnerWorker.java:52)
	at org.testng.SuiteRunnerWorker.run(SuiteRunnerWorker.java:84)
	at org.testng.TestNG.runSuitesSequentially(TestNG.java:1208)
	at org.testng.TestNG.runSuitesSequentially(TestNG.java:1204)
	at org.testng.TestNG.runSuitesLocally(TestNG.java:1137)
	at org.testng.TestNG.runSuites(TestNG.java:1049)
	at org.testng.TestNG.run(TestNG.java:1017)
	at org.testng.remote.AbstractRemoteTestNG.run(AbstractRemoteTestNG.java:114)
	at org.testng.remote.RemoteTestNG.initAndRun(RemoteTestNG.java:251)
	at org.testng.remote.RemoteTestNG.main(RemoteTestNG.java:77)
</pre></div></td>
<td>0</td>
<td>com.clovedental.scripts.AppointmentListingTestCase@42b3b079</td></tr>
<tr>
<td title='com.clovedental.scripts.AppointmentListingTestCase.noRecordFoundMsgVerification()'><b>noRecordFoundMsgVerification</b><br>Test class: com.clovedental.scripts.AppointmentListingTestCase<br>Test method: 2: AppointmentList #67:noRecordFound Message is displayed on no data</td>
<td><div><pre>org.openqa.selenium.NoSuchSessionException: Session ID is null. Using WebDriver after calling quit()?
Build info: version: &apos;3.11.0&apos;, revision: &apos;e59cfb3&apos;, time: &apos;2018-03-11T20:33:15.31Z&apos;
System info: host: &apos;CONNSOL4&apos;, ip: &apos;192.168.1.227&apos;, os.name: &apos;Windows 8.1&apos;, os.arch: &apos;amd64&apos;, os.version: &apos;6.3&apos;, java.version: &apos;1.8.0_161&apos;
Driver info: driver.version: PCDriver
	at org.openqa.selenium.remote.HttpCommandExecutor.execute(HttpCommandExecutor.java:125)
	at org.openqa.selenium.remote.service.DriverCommandExecutor.execute(DriverCommandExecutor.java:83)
	at org.openqa.selenium.remote.RemoteWebDriver.execute(RemoteWebDriver.java:545)
	at org.openqa.selenium.remote.RemoteWebDriver.executeScript(RemoteWebDriver.java:482)
	at pageobjects.utils.PCDriver$1.apply(PCDriver.java:167)
	at pageobjects.utils.PCDriver$1.apply(PCDriver.java:1)
	at org.openqa.selenium.support.ui.FluentWait.until(FluentWait.java:248)
	at pageobjects.utils.PCDriver.waitForPageLoad(PCDriver.java:171)
	at com.clovedental.pageobject.AppointmnetAdd.LoginPage.login(LoginPage.java:30)
	at com.clovedental.scripts.AppointmentListingTestCase.setup(AppointmentListingTestCase.java:69)
... Removed 27 stack frames</pre></div><a href='#' onClick='toggleBox("stack-trace1966355106", this, "Click to show all stack frames", "Click to hide stack frames")'>Click to show all stack frames</a>
<div class='stack-trace' id='stack-trace1966355106'><pre>org.openqa.selenium.NoSuchSessionException: Session ID is null. Using WebDriver after calling quit()?
Build info: version: &apos;3.11.0&apos;, revision: &apos;e59cfb3&apos;, time: &apos;2018-03-11T20:33:15.31Z&apos;
System info: host: &apos;CONNSOL4&apos;, ip: &apos;192.168.1.227&apos;, os.name: &apos;Windows 8.1&apos;, os.arch: &apos;amd64&apos;, os.version: &apos;6.3&apos;, java.version: &apos;1.8.0_161&apos;
Driver info: driver.version: PCDriver
	at org.openqa.selenium.remote.HttpCommandExecutor.execute(HttpCommandExecutor.java:125)
	at org.openqa.selenium.remote.service.DriverCommandExecutor.execute(DriverCommandExecutor.java:83)
	at org.openqa.selenium.remote.RemoteWebDriver.execute(RemoteWebDriver.java:545)
	at org.openqa.selenium.remote.RemoteWebDriver.executeScript(RemoteWebDriver.java:482)
	at pageobjects.utils.PCDriver$1.apply(PCDriver.java:167)
	at pageobjects.utils.PCDriver$1.apply(PCDriver.java:1)
	at org.openqa.selenium.support.ui.FluentWait.until(FluentWait.java:248)
	at pageobjects.utils.PCDriver.waitForPageLoad(PCDriver.java:171)
	at com.clovedental.pageobject.AppointmnetAdd.LoginPage.login(LoginPage.java:30)
	at com.clovedental.scripts.AppointmentListingTestCase.setup(AppointmentListingTestCase.java:69)
	at sun.reflect.NativeMethodAccessorImpl.invoke0(Native Method)
	at sun.reflect.NativeMethodAccessorImpl.invoke(NativeMethodAccessorImpl.java:62)
	at sun.reflect.DelegatingMethodAccessorImpl.invoke(DelegatingMethodAccessorImpl.java:43)
	at java.lang.reflect.Method.invoke(Method.java:498)
	at org.testng.internal.MethodInvocationHelper.invokeMethod(MethodInvocationHelper.java:124)
	at org.testng.internal.MethodInvocationHelper.invokeMethodConsideringTimeout(MethodInvocationHelper.java:59)
	at org.testng.internal.Invoker.invokeConfigurationMethod(Invoker.java:455)
	at org.testng.internal.Invoker.invokeConfigurations(Invoker.java:222)
	at org.testng.internal.Invoker.invokeConfigurations(Invoker.java:142)
	at org.testng.internal.TestMethodWorker.invokeBeforeClassMethods(TestMethodWorker.java:168)
	at org.testng.internal.TestMethodWorker.run(TestMethodWorker.java:105)
	at org.testng.TestRunner.privateRun(TestRunner.java:648)
	at org.testng.TestRunner.run(TestRunner.java:505)
	at org.testng.SuiteRunner.runTest(SuiteRunner.java:455)
	at org.testng.SuiteRunner.runSequentially(SuiteRunner.java:450)
	at org.testng.SuiteRunner.privateRun(SuiteRunner.java:415)
	at org.testng.SuiteRunner.run(SuiteRunner.java:364)
	at org.testng.SuiteRunnerWorker.runSuite(SuiteRunnerWorker.java:52)
	at org.testng.SuiteRunnerWorker.run(SuiteRunnerWorker.java:84)
	at org.testng.TestNG.runSuitesSequentially(TestNG.java:1208)
	at org.testng.TestNG.runSuitesSequentially(TestNG.java:1204)
	at org.testng.TestNG.runSuitesLocally(TestNG.java:1137)
	at org.testng.TestNG.runSuites(TestNG.java:1049)
	at org.testng.TestNG.run(TestNG.java:1017)
	at org.testng.remote.AbstractRemoteTestNG.run(AbstractRemoteTestNG.java:114)
	at org.testng.remote.RemoteTestNG.initAndRun(RemoteTestNG.java:251)
	at org.testng.remote.RemoteTestNG.main(RemoteTestNG.java:77)
</pre></div></td>
<td>0</td>
<td>com.clovedental.scripts.AppointmentListingTestCase@42b3b079</td></tr>
<tr>
<td title='com.clovedental.scripts.AppointmentListingTestCase.verifyActionBtn()'><b>verifyActionBtn</b><br>Test class: com.clovedental.scripts.AppointmentListingTestCase<br>Test method: 2: Event Listing #72:Action Btn has been verified</td>
<td><div><pre>org.openqa.selenium.NoSuchSessionException: Session ID is null. Using WebDriver after calling quit()?
Build info: version: &apos;3.11.0&apos;, revision: &apos;e59cfb3&apos;, time: &apos;2018-03-11T20:33:15.31Z&apos;
System info: host: &apos;CONNSOL4&apos;, ip: &apos;192.168.1.227&apos;, os.name: &apos;Windows 8.1&apos;, os.arch: &apos;amd64&apos;, os.version: &apos;6.3&apos;, java.version: &apos;1.8.0_161&apos;
Driver info: driver.version: PCDriver
	at org.openqa.selenium.remote.HttpCommandExecutor.execute(HttpCommandExecutor.java:125)
	at org.openqa.selenium.remote.service.DriverCommandExecutor.execute(DriverCommandExecutor.java:83)
	at org.openqa.selenium.remote.RemoteWebDriver.execute(RemoteWebDriver.java:545)
	at org.openqa.selenium.remote.RemoteWebDriver.executeScript(RemoteWebDriver.java:482)
	at pageobjects.utils.PCDriver$1.apply(PCDriver.java:167)
	at pageobjects.utils.PCDriver$1.apply(PCDriver.java:1)
	at org.openqa.selenium.support.ui.FluentWait.until(FluentWait.java:248)
	at pageobjects.utils.PCDriver.waitForPageLoad(PCDriver.java:171)
	at com.clovedental.pageobject.AppointmnetAdd.LoginPage.login(LoginPage.java:30)
	at com.clovedental.scripts.AppointmentListingTestCase.setup(AppointmentListingTestCase.java:69)
... Removed 27 stack frames</pre></div><a href='#' onClick='toggleBox("stack-trace1711185459", this, "Click to show all stack frames", "Click to hide stack frames")'>Click to show all stack frames</a>
<div class='stack-trace' id='stack-trace1711185459'><pre>org.openqa.selenium.NoSuchSessionException: Session ID is null. Using WebDriver after calling quit()?
Build info: version: &apos;3.11.0&apos;, revision: &apos;e59cfb3&apos;, time: &apos;2018-03-11T20:33:15.31Z&apos;
System info: host: &apos;CONNSOL4&apos;, ip: &apos;192.168.1.227&apos;, os.name: &apos;Windows 8.1&apos;, os.arch: &apos;amd64&apos;, os.version: &apos;6.3&apos;, java.version: &apos;1.8.0_161&apos;
Driver info: driver.version: PCDriver
	at org.openqa.selenium.remote.HttpCommandExecutor.execute(HttpCommandExecutor.java:125)
	at org.openqa.selenium.remote.service.DriverCommandExecutor.execute(DriverCommandExecutor.java:83)
	at org.openqa.selenium.remote.RemoteWebDriver.execute(RemoteWebDriver.java:545)
	at org.openqa.selenium.remote.RemoteWebDriver.executeScript(RemoteWebDriver.java:482)
	at pageobjects.utils.PCDriver$1.apply(PCDriver.java:167)
	at pageobjects.utils.PCDriver$1.apply(PCDriver.java:1)
	at org.openqa.selenium.support.ui.FluentWait.until(FluentWait.java:248)
	at pageobjects.utils.PCDriver.waitForPageLoad(PCDriver.java:171)
	at com.clovedental.pageobject.AppointmnetAdd.LoginPage.login(LoginPage.java:30)
	at com.clovedental.scripts.AppointmentListingTestCase.setup(AppointmentListingTestCase.java:69)
	at sun.reflect.NativeMethodAccessorImpl.invoke0(Native Method)
	at sun.reflect.NativeMethodAccessorImpl.invoke(NativeMethodAccessorImpl.java:62)
	at sun.reflect.DelegatingMethodAccessorImpl.invoke(DelegatingMethodAccessorImpl.java:43)
	at java.lang.reflect.Method.invoke(Method.java:498)
	at org.testng.internal.MethodInvocationHelper.invokeMethod(MethodInvocationHelper.java:124)
	at org.testng.internal.MethodInvocationHelper.invokeMethodConsideringTimeout(MethodInvocationHelper.java:59)
	at org.testng.internal.Invoker.invokeConfigurationMethod(Invoker.java:455)
	at org.testng.internal.Invoker.invokeConfigurations(Invoker.java:222)
	at org.testng.internal.Invoker.invokeConfigurations(Invoker.java:142)
	at org.testng.internal.TestMethodWorker.invokeBeforeClassMethods(TestMethodWorker.java:168)
	at org.testng.internal.TestMethodWorker.run(TestMethodWorker.java:105)
	at org.testng.TestRunner.privateRun(TestRunner.java:648)
	at org.testng.TestRunner.run(TestRunner.java:505)
	at org.testng.SuiteRunner.runTest(SuiteRunner.java:455)
	at org.testng.SuiteRunner.runSequentially(SuiteRunner.java:450)
	at org.testng.SuiteRunner.privateRun(SuiteRunner.java:415)
	at org.testng.SuiteRunner.run(SuiteRunner.java:364)
	at org.testng.SuiteRunnerWorker.runSuite(SuiteRunnerWorker.java:52)
	at org.testng.SuiteRunnerWorker.run(SuiteRunnerWorker.java:84)
	at org.testng.TestNG.runSuitesSequentially(TestNG.java:1208)
	at org.testng.TestNG.runSuitesSequentially(TestNG.java:1204)
	at org.testng.TestNG.runSuitesLocally(TestNG.java:1137)
	at org.testng.TestNG.runSuites(TestNG.java:1049)
	at org.testng.TestNG.run(TestNG.java:1017)
	at org.testng.remote.AbstractRemoteTestNG.run(AbstractRemoteTestNG.java:114)
	at org.testng.remote.RemoteTestNG.initAndRun(RemoteTestNG.java:251)
	at org.testng.remote.RemoteTestNG.main(RemoteTestNG.java:77)
</pre></div></td>
<td>0</td>
<td>com.clovedental.scripts.AppointmentListingTestCase@42b3b079</td></tr>
<tr>
<td title='com.clovedental.scripts.AppointmentListingTestCase.verifyAllEleOnAppListHp()'><b>verifyAllEleOnAppListHp</b><br>Test class: com.clovedental.scripts.AppointmentListingTestCase<br>Test method: 2: AppointmentList #51:It verified all element are present</td>
<td><div><pre>org.openqa.selenium.NoSuchSessionException: Session ID is null. Using WebDriver after calling quit()?
Build info: version: &apos;3.11.0&apos;, revision: &apos;e59cfb3&apos;, time: &apos;2018-03-11T20:33:15.31Z&apos;
System info: host: &apos;CONNSOL4&apos;, ip: &apos;192.168.1.227&apos;, os.name: &apos;Windows 8.1&apos;, os.arch: &apos;amd64&apos;, os.version: &apos;6.3&apos;, java.version: &apos;1.8.0_161&apos;
Driver info: driver.version: PCDriver
	at org.openqa.selenium.remote.HttpCommandExecutor.execute(HttpCommandExecutor.java:125)
	at org.openqa.selenium.remote.service.DriverCommandExecutor.execute(DriverCommandExecutor.java:83)
	at org.openqa.selenium.remote.RemoteWebDriver.execute(RemoteWebDriver.java:545)
	at org.openqa.selenium.remote.RemoteWebDriver.executeScript(RemoteWebDriver.java:482)
	at pageobjects.utils.PCDriver$1.apply(PCDriver.java:167)
	at pageobjects.utils.PCDriver$1.apply(PCDriver.java:1)
	at org.openqa.selenium.support.ui.FluentWait.until(FluentWait.java:248)
	at pageobjects.utils.PCDriver.waitForPageLoad(PCDriver.java:171)
	at com.clovedental.pageobject.AppointmnetAdd.LoginPage.login(LoginPage.java:30)
	at com.clovedental.scripts.AppointmentListingTestCase.setup(AppointmentListingTestCase.java:69)
... Removed 27 stack frames</pre></div><a href='#' onClick='toggleBox("stack-trace33563464", this, "Click to show all stack frames", "Click to hide stack frames")'>Click to show all stack frames</a>
<div class='stack-trace' id='stack-trace33563464'><pre>org.openqa.selenium.NoSuchSessionException: Session ID is null. Using WebDriver after calling quit()?
Build info: version: &apos;3.11.0&apos;, revision: &apos;e59cfb3&apos;, time: &apos;2018-03-11T20:33:15.31Z&apos;
System info: host: &apos;CONNSOL4&apos;, ip: &apos;192.168.1.227&apos;, os.name: &apos;Windows 8.1&apos;, os.arch: &apos;amd64&apos;, os.version: &apos;6.3&apos;, java.version: &apos;1.8.0_161&apos;
Driver info: driver.version: PCDriver
	at org.openqa.selenium.remote.HttpCommandExecutor.execute(HttpCommandExecutor.java:125)
	at org.openqa.selenium.remote.service.DriverCommandExecutor.execute(DriverCommandExecutor.java:83)
	at org.openqa.selenium.remote.RemoteWebDriver.execute(RemoteWebDriver.java:545)
	at org.openqa.selenium.remote.RemoteWebDriver.executeScript(RemoteWebDriver.java:482)
	at pageobjects.utils.PCDriver$1.apply(PCDriver.java:167)
	at pageobjects.utils.PCDriver$1.apply(PCDriver.java:1)
	at org.openqa.selenium.support.ui.FluentWait.until(FluentWait.java:248)
	at pageobjects.utils.PCDriver.waitForPageLoad(PCDriver.java:171)
	at com.clovedental.pageobject.AppointmnetAdd.LoginPage.login(LoginPage.java:30)
	at com.clovedental.scripts.AppointmentListingTestCase.setup(AppointmentListingTestCase.java:69)
	at sun.reflect.NativeMethodAccessorImpl.invoke0(Native Method)
	at sun.reflect.NativeMethodAccessorImpl.invoke(NativeMethodAccessorImpl.java:62)
	at sun.reflect.DelegatingMethodAccessorImpl.invoke(DelegatingMethodAccessorImpl.java:43)
	at java.lang.reflect.Method.invoke(Method.java:498)
	at org.testng.internal.MethodInvocationHelper.invokeMethod(MethodInvocationHelper.java:124)
	at org.testng.internal.MethodInvocationHelper.invokeMethodConsideringTimeout(MethodInvocationHelper.java:59)
	at org.testng.internal.Invoker.invokeConfigurationMethod(Invoker.java:455)
	at org.testng.internal.Invoker.invokeConfigurations(Invoker.java:222)
	at org.testng.internal.Invoker.invokeConfigurations(Invoker.java:142)
	at org.testng.internal.TestMethodWorker.invokeBeforeClassMethods(TestMethodWorker.java:168)
	at org.testng.internal.TestMethodWorker.run(TestMethodWorker.java:105)
	at org.testng.TestRunner.privateRun(TestRunner.java:648)
	at org.testng.TestRunner.run(TestRunner.java:505)
	at org.testng.SuiteRunner.runTest(SuiteRunner.java:455)
	at org.testng.SuiteRunner.runSequentially(SuiteRunner.java:450)
	at org.testng.SuiteRunner.privateRun(SuiteRunner.java:415)
	at org.testng.SuiteRunner.run(SuiteRunner.java:364)
	at org.testng.SuiteRunnerWorker.runSuite(SuiteRunnerWorker.java:52)
	at org.testng.SuiteRunnerWorker.run(SuiteRunnerWorker.java:84)
	at org.testng.TestNG.runSuitesSequentially(TestNG.java:1208)
	at org.testng.TestNG.runSuitesSequentially(TestNG.java:1204)
	at org.testng.TestNG.runSuitesLocally(TestNG.java:1137)
	at org.testng.TestNG.runSuites(TestNG.java:1049)
	at org.testng.TestNG.run(TestNG.java:1017)
	at org.testng.remote.AbstractRemoteTestNG.run(AbstractRemoteTestNG.java:114)
	at org.testng.remote.RemoteTestNG.initAndRun(RemoteTestNG.java:251)
	at org.testng.remote.RemoteTestNG.main(RemoteTestNG.java:77)
</pre></div></td>
<td>0</td>
<td>com.clovedental.scripts.AppointmentListingTestCase@42b3b079</td></tr>
<tr>
<td title='com.clovedental.scripts.AppointmentListingTestCase.verifyAppointmentTypeFilter()'><b>verifyAppointmentTypeFilter</b><br>Test class: com.clovedental.scripts.AppointmentListingTestCase<br>Test method: 2: AppointmentList #52:Appointment type filter has been verified</td>
<td><div><pre>org.openqa.selenium.NoSuchSessionException: Session ID is null. Using WebDriver after calling quit()?
Build info: version: &apos;3.11.0&apos;, revision: &apos;e59cfb3&apos;, time: &apos;2018-03-11T20:33:15.31Z&apos;
System info: host: &apos;CONNSOL4&apos;, ip: &apos;192.168.1.227&apos;, os.name: &apos;Windows 8.1&apos;, os.arch: &apos;amd64&apos;, os.version: &apos;6.3&apos;, java.version: &apos;1.8.0_161&apos;
Driver info: driver.version: PCDriver
	at org.openqa.selenium.remote.HttpCommandExecutor.execute(HttpCommandExecutor.java:125)
	at org.openqa.selenium.remote.service.DriverCommandExecutor.execute(DriverCommandExecutor.java:83)
	at org.openqa.selenium.remote.RemoteWebDriver.execute(RemoteWebDriver.java:545)
	at org.openqa.selenium.remote.RemoteWebDriver.executeScript(RemoteWebDriver.java:482)
	at pageobjects.utils.PCDriver$1.apply(PCDriver.java:167)
	at pageobjects.utils.PCDriver$1.apply(PCDriver.java:1)
	at org.openqa.selenium.support.ui.FluentWait.until(FluentWait.java:248)
	at pageobjects.utils.PCDriver.waitForPageLoad(PCDriver.java:171)
	at com.clovedental.pageobject.AppointmnetAdd.LoginPage.login(LoginPage.java:30)
	at com.clovedental.scripts.AppointmentListingTestCase.setup(AppointmentListingTestCase.java:69)
... Removed 27 stack frames</pre></div><a href='#' onClick='toggleBox("stack-trace38603201", this, "Click to show all stack frames", "Click to hide stack frames")'>Click to show all stack frames</a>
<div class='stack-trace' id='stack-trace38603201'><pre>org.openqa.selenium.NoSuchSessionException: Session ID is null. Using WebDriver after calling quit()?
Build info: version: &apos;3.11.0&apos;, revision: &apos;e59cfb3&apos;, time: &apos;2018-03-11T20:33:15.31Z&apos;
System info: host: &apos;CONNSOL4&apos;, ip: &apos;192.168.1.227&apos;, os.name: &apos;Windows 8.1&apos;, os.arch: &apos;amd64&apos;, os.version: &apos;6.3&apos;, java.version: &apos;1.8.0_161&apos;
Driver info: driver.version: PCDriver
	at org.openqa.selenium.remote.HttpCommandExecutor.execute(HttpCommandExecutor.java:125)
	at org.openqa.selenium.remote.service.DriverCommandExecutor.execute(DriverCommandExecutor.java:83)
	at org.openqa.selenium.remote.RemoteWebDriver.execute(RemoteWebDriver.java:545)
	at org.openqa.selenium.remote.RemoteWebDriver.executeScript(RemoteWebDriver.java:482)
	at pageobjects.utils.PCDriver$1.apply(PCDriver.java:167)
	at pageobjects.utils.PCDriver$1.apply(PCDriver.java:1)
	at org.openqa.selenium.support.ui.FluentWait.until(FluentWait.java:248)
	at pageobjects.utils.PCDriver.waitForPageLoad(PCDriver.java:171)
	at com.clovedental.pageobject.AppointmnetAdd.LoginPage.login(LoginPage.java:30)
	at com.clovedental.scripts.AppointmentListingTestCase.setup(AppointmentListingTestCase.java:69)
	at sun.reflect.NativeMethodAccessorImpl.invoke0(Native Method)
	at sun.reflect.NativeMethodAccessorImpl.invoke(NativeMethodAccessorImpl.java:62)
	at sun.reflect.DelegatingMethodAccessorImpl.invoke(DelegatingMethodAccessorImpl.java:43)
	at java.lang.reflect.Method.invoke(Method.java:498)
	at org.testng.internal.MethodInvocationHelper.invokeMethod(MethodInvocationHelper.java:124)
	at org.testng.internal.MethodInvocationHelper.invokeMethodConsideringTimeout(MethodInvocationHelper.java:59)
	at org.testng.internal.Invoker.invokeConfigurationMethod(Invoker.java:455)
	at org.testng.internal.Invoker.invokeConfigurations(Invoker.java:222)
	at org.testng.internal.Invoker.invokeConfigurations(Invoker.java:142)
	at org.testng.internal.TestMethodWorker.invokeBeforeClassMethods(TestMethodWorker.java:168)
	at org.testng.internal.TestMethodWorker.run(TestMethodWorker.java:105)
	at org.testng.TestRunner.privateRun(TestRunner.java:648)
	at org.testng.TestRunner.run(TestRunner.java:505)
	at org.testng.SuiteRunner.runTest(SuiteRunner.java:455)
	at org.testng.SuiteRunner.runSequentially(SuiteRunner.java:450)
	at org.testng.SuiteRunner.privateRun(SuiteRunner.java:415)
	at org.testng.SuiteRunner.run(SuiteRunner.java:364)
	at org.testng.SuiteRunnerWorker.runSuite(SuiteRunnerWorker.java:52)
	at org.testng.SuiteRunnerWorker.run(SuiteRunnerWorker.java:84)
	at org.testng.TestNG.runSuitesSequentially(TestNG.java:1208)
	at org.testng.TestNG.runSuitesSequentially(TestNG.java:1204)
	at org.testng.TestNG.runSuitesLocally(TestNG.java:1137)
	at org.testng.TestNG.runSuites(TestNG.java:1049)
	at org.testng.TestNG.run(TestNG.java:1017)
	at org.testng.remote.AbstractRemoteTestNG.run(AbstractRemoteTestNG.java:114)
	at org.testng.remote.RemoteTestNG.initAndRun(RemoteTestNG.java:251)
	at org.testng.remote.RemoteTestNG.main(RemoteTestNG.java:77)
</pre></div></td>
<td>0</td>
<td>com.clovedental.scripts.AppointmentListingTestCase@42b3b079</td></tr>
<tr>
<td title='com.clovedental.scripts.AppointmentListingTestCase.verifyConfirmedWithViewEditDeleteBtn()'><b>verifyConfirmedWithViewEditDeleteBtn</b><br>Test class: com.clovedental.scripts.AppointmentListingTestCase<br>Test method: 2: AppointmentList #57:Confirmed appointment with Edit,View and Delete btn</td>
<td><div><pre>org.openqa.selenium.NoSuchSessionException: Session ID is null. Using WebDriver after calling quit()?
Build info: version: &apos;3.11.0&apos;, revision: &apos;e59cfb3&apos;, time: &apos;2018-03-11T20:33:15.31Z&apos;
System info: host: &apos;CONNSOL4&apos;, ip: &apos;192.168.1.227&apos;, os.name: &apos;Windows 8.1&apos;, os.arch: &apos;amd64&apos;, os.version: &apos;6.3&apos;, java.version: &apos;1.8.0_161&apos;
Driver info: driver.version: PCDriver
	at org.openqa.selenium.remote.HttpCommandExecutor.execute(HttpCommandExecutor.java:125)
	at org.openqa.selenium.remote.service.DriverCommandExecutor.execute(DriverCommandExecutor.java:83)
	at org.openqa.selenium.remote.RemoteWebDriver.execute(RemoteWebDriver.java:545)
	at org.openqa.selenium.remote.RemoteWebDriver.executeScript(RemoteWebDriver.java:482)
	at pageobjects.utils.PCDriver$1.apply(PCDriver.java:167)
	at pageobjects.utils.PCDriver$1.apply(PCDriver.java:1)
	at org.openqa.selenium.support.ui.FluentWait.until(FluentWait.java:248)
	at pageobjects.utils.PCDriver.waitForPageLoad(PCDriver.java:171)
	at com.clovedental.pageobject.AppointmnetAdd.LoginPage.login(LoginPage.java:30)
	at com.clovedental.scripts.AppointmentListingTestCase.setup(AppointmentListingTestCase.java:69)
... Removed 27 stack frames</pre></div><a href='#' onClick='toggleBox("stack-trace1889757798", this, "Click to show all stack frames", "Click to hide stack frames")'>Click to show all stack frames</a>
<div class='stack-trace' id='stack-trace1889757798'><pre>org.openqa.selenium.NoSuchSessionException: Session ID is null. Using WebDriver after calling quit()?
Build info: version: &apos;3.11.0&apos;, revision: &apos;e59cfb3&apos;, time: &apos;2018-03-11T20:33:15.31Z&apos;
System info: host: &apos;CONNSOL4&apos;, ip: &apos;192.168.1.227&apos;, os.name: &apos;Windows 8.1&apos;, os.arch: &apos;amd64&apos;, os.version: &apos;6.3&apos;, java.version: &apos;1.8.0_161&apos;
Driver info: driver.version: PCDriver
	at org.openqa.selenium.remote.HttpCommandExecutor.execute(HttpCommandExecutor.java:125)
	at org.openqa.selenium.remote.service.DriverCommandExecutor.execute(DriverCommandExecutor.java:83)
	at org.openqa.selenium.remote.RemoteWebDriver.execute(RemoteWebDriver.java:545)
	at org.openqa.selenium.remote.RemoteWebDriver.executeScript(RemoteWebDriver.java:482)
	at pageobjects.utils.PCDriver$1.apply(PCDriver.java:167)
	at pageobjects.utils.PCDriver$1.apply(PCDriver.java:1)
	at org.openqa.selenium.support.ui.FluentWait.until(FluentWait.java:248)
	at pageobjects.utils.PCDriver.waitForPageLoad(PCDriver.java:171)
	at com.clovedental.pageobject.AppointmnetAdd.LoginPage.login(LoginPage.java:30)
	at com.clovedental.scripts.AppointmentListingTestCase.setup(AppointmentListingTestCase.java:69)
	at sun.reflect.NativeMethodAccessorImpl.invoke0(Native Method)
	at sun.reflect.NativeMethodAccessorImpl.invoke(NativeMethodAccessorImpl.java:62)
	at sun.reflect.DelegatingMethodAccessorImpl.invoke(DelegatingMethodAccessorImpl.java:43)
	at java.lang.reflect.Method.invoke(Method.java:498)
	at org.testng.internal.MethodInvocationHelper.invokeMethod(MethodInvocationHelper.java:124)
	at org.testng.internal.MethodInvocationHelper.invokeMethodConsideringTimeout(MethodInvocationHelper.java:59)
	at org.testng.internal.Invoker.invokeConfigurationMethod(Invoker.java:455)
	at org.testng.internal.Invoker.invokeConfigurations(Invoker.java:222)
	at org.testng.internal.Invoker.invokeConfigurations(Invoker.java:142)
	at org.testng.internal.TestMethodWorker.invokeBeforeClassMethods(TestMethodWorker.java:168)
	at org.testng.internal.TestMethodWorker.run(TestMethodWorker.java:105)
	at org.testng.TestRunner.privateRun(TestRunner.java:648)
	at org.testng.TestRunner.run(TestRunner.java:505)
	at org.testng.SuiteRunner.runTest(SuiteRunner.java:455)
	at org.testng.SuiteRunner.runSequentially(SuiteRunner.java:450)
	at org.testng.SuiteRunner.privateRun(SuiteRunner.java:415)
	at org.testng.SuiteRunner.run(SuiteRunner.java:364)
	at org.testng.SuiteRunnerWorker.runSuite(SuiteRunnerWorker.java:52)
	at org.testng.SuiteRunnerWorker.run(SuiteRunnerWorker.java:84)
	at org.testng.TestNG.runSuitesSequentially(TestNG.java:1208)
	at org.testng.TestNG.runSuitesSequentially(TestNG.java:1204)
	at org.testng.TestNG.runSuitesLocally(TestNG.java:1137)
	at org.testng.TestNG.runSuites(TestNG.java:1049)
	at org.testng.TestNG.run(TestNG.java:1017)
	at org.testng.remote.AbstractRemoteTestNG.run(AbstractRemoteTestNG.java:114)
	at org.testng.remote.RemoteTestNG.initAndRun(RemoteTestNG.java:251)
	at org.testng.remote.RemoteTestNG.main(RemoteTestNG.java:77)
</pre></div></td>
<td>0</td>
<td>com.clovedental.scripts.AppointmentListingTestCase@42b3b079</td></tr>
<tr>
<td title='com.clovedental.scripts.AppointmentListingTestCase.verifyDoctorFilter()'><b>verifyDoctorFilter</b><br>Test class: com.clovedental.scripts.AppointmentListingTestCase<br>Test method: 2: AppointmentList #53:Doctor filter is working fine After selecting from dropdown</td>
<td><div><pre>org.openqa.selenium.NoSuchSessionException: Session ID is null. Using WebDriver after calling quit()?
Build info: version: &apos;3.11.0&apos;, revision: &apos;e59cfb3&apos;, time: &apos;2018-03-11T20:33:15.31Z&apos;
System info: host: &apos;CONNSOL4&apos;, ip: &apos;192.168.1.227&apos;, os.name: &apos;Windows 8.1&apos;, os.arch: &apos;amd64&apos;, os.version: &apos;6.3&apos;, java.version: &apos;1.8.0_161&apos;
Driver info: driver.version: PCDriver
	at org.openqa.selenium.remote.HttpCommandExecutor.execute(HttpCommandExecutor.java:125)
	at org.openqa.selenium.remote.service.DriverCommandExecutor.execute(DriverCommandExecutor.java:83)
	at org.openqa.selenium.remote.RemoteWebDriver.execute(RemoteWebDriver.java:545)
	at org.openqa.selenium.remote.RemoteWebDriver.executeScript(RemoteWebDriver.java:482)
	at pageobjects.utils.PCDriver$1.apply(PCDriver.java:167)
	at pageobjects.utils.PCDriver$1.apply(PCDriver.java:1)
	at org.openqa.selenium.support.ui.FluentWait.until(FluentWait.java:248)
	at pageobjects.utils.PCDriver.waitForPageLoad(PCDriver.java:171)
	at com.clovedental.pageobject.AppointmnetAdd.LoginPage.login(LoginPage.java:30)
	at com.clovedental.scripts.AppointmentListingTestCase.setup(AppointmentListingTestCase.java:69)
... Removed 27 stack frames</pre></div><a href='#' onClick='toggleBox("stack-trace756936249", this, "Click to show all stack frames", "Click to hide stack frames")'>Click to show all stack frames</a>
<div class='stack-trace' id='stack-trace756936249'><pre>org.openqa.selenium.NoSuchSessionException: Session ID is null. Using WebDriver after calling quit()?
Build info: version: &apos;3.11.0&apos;, revision: &apos;e59cfb3&apos;, time: &apos;2018-03-11T20:33:15.31Z&apos;
System info: host: &apos;CONNSOL4&apos;, ip: &apos;192.168.1.227&apos;, os.name: &apos;Windows 8.1&apos;, os.arch: &apos;amd64&apos;, os.version: &apos;6.3&apos;, java.version: &apos;1.8.0_161&apos;
Driver info: driver.version: PCDriver
	at org.openqa.selenium.remote.HttpCommandExecutor.execute(HttpCommandExecutor.java:125)
	at org.openqa.selenium.remote.service.DriverCommandExecutor.execute(DriverCommandExecutor.java:83)
	at org.openqa.selenium.remote.RemoteWebDriver.execute(RemoteWebDriver.java:545)
	at org.openqa.selenium.remote.RemoteWebDriver.executeScript(RemoteWebDriver.java:482)
	at pageobjects.utils.PCDriver$1.apply(PCDriver.java:167)
	at pageobjects.utils.PCDriver$1.apply(PCDriver.java:1)
	at org.openqa.selenium.support.ui.FluentWait.until(FluentWait.java:248)
	at pageobjects.utils.PCDriver.waitForPageLoad(PCDriver.java:171)
	at com.clovedental.pageobject.AppointmnetAdd.LoginPage.login(LoginPage.java:30)
	at com.clovedental.scripts.AppointmentListingTestCase.setup(AppointmentListingTestCase.java:69)
	at sun.reflect.NativeMethodAccessorImpl.invoke0(Native Method)
	at sun.reflect.NativeMethodAccessorImpl.invoke(NativeMethodAccessorImpl.java:62)
	at sun.reflect.DelegatingMethodAccessorImpl.invoke(DelegatingMethodAccessorImpl.java:43)
	at java.lang.reflect.Method.invoke(Method.java:498)
	at org.testng.internal.MethodInvocationHelper.invokeMethod(MethodInvocationHelper.java:124)
	at org.testng.internal.MethodInvocationHelper.invokeMethodConsideringTimeout(MethodInvocationHelper.java:59)
	at org.testng.internal.Invoker.invokeConfigurationMethod(Invoker.java:455)
	at org.testng.internal.Invoker.invokeConfigurations(Invoker.java:222)
	at org.testng.internal.Invoker.invokeConfigurations(Invoker.java:142)
	at org.testng.internal.TestMethodWorker.invokeBeforeClassMethods(TestMethodWorker.java:168)
	at org.testng.internal.TestMethodWorker.run(TestMethodWorker.java:105)
	at org.testng.TestRunner.privateRun(TestRunner.java:648)
	at org.testng.TestRunner.run(TestRunner.java:505)
	at org.testng.SuiteRunner.runTest(SuiteRunner.java:455)
	at org.testng.SuiteRunner.runSequentially(SuiteRunner.java:450)
	at org.testng.SuiteRunner.privateRun(SuiteRunner.java:415)
	at org.testng.SuiteRunner.run(SuiteRunner.java:364)
	at org.testng.SuiteRunnerWorker.runSuite(SuiteRunnerWorker.java:52)
	at org.testng.SuiteRunnerWorker.run(SuiteRunnerWorker.java:84)
	at org.testng.TestNG.runSuitesSequentially(TestNG.java:1208)
	at org.testng.TestNG.runSuitesSequentially(TestNG.java:1204)
	at org.testng.TestNG.runSuitesLocally(TestNG.java:1137)
	at org.testng.TestNG.runSuites(TestNG.java:1049)
	at org.testng.TestNG.run(TestNG.java:1017)
	at org.testng.remote.AbstractRemoteTestNG.run(AbstractRemoteTestNG.java:114)
	at org.testng.remote.RemoteTestNG.initAndRun(RemoteTestNG.java:251)
	at org.testng.remote.RemoteTestNG.main(RemoteTestNG.java:77)
</pre></div></td>
<td>0</td>
<td>com.clovedental.scripts.AppointmentListingTestCase@42b3b079</td></tr>
<tr>
<td title='com.clovedental.scripts.AppointmentListingTestCase.verifyDoctorFilterOnEventList()'><b>verifyDoctorFilterOnEventList</b><br>Test class: com.clovedental.scripts.AppointmentListingTestCase<br>Test method: 2: Event Listing #77:Doctor filter is working fine</td>
<td><div><pre>org.openqa.selenium.NoSuchSessionException: Session ID is null. Using WebDriver after calling quit()?
Build info: version: &apos;3.11.0&apos;, revision: &apos;e59cfb3&apos;, time: &apos;2018-03-11T20:33:15.31Z&apos;
System info: host: &apos;CONNSOL4&apos;, ip: &apos;192.168.1.227&apos;, os.name: &apos;Windows 8.1&apos;, os.arch: &apos;amd64&apos;, os.version: &apos;6.3&apos;, java.version: &apos;1.8.0_161&apos;
Driver info: driver.version: PCDriver
	at org.openqa.selenium.remote.HttpCommandExecutor.execute(HttpCommandExecutor.java:125)
	at org.openqa.selenium.remote.service.DriverCommandExecutor.execute(DriverCommandExecutor.java:83)
	at org.openqa.selenium.remote.RemoteWebDriver.execute(RemoteWebDriver.java:545)
	at org.openqa.selenium.remote.RemoteWebDriver.executeScript(RemoteWebDriver.java:482)
	at pageobjects.utils.PCDriver$1.apply(PCDriver.java:167)
	at pageobjects.utils.PCDriver$1.apply(PCDriver.java:1)
	at org.openqa.selenium.support.ui.FluentWait.until(FluentWait.java:248)
	at pageobjects.utils.PCDriver.waitForPageLoad(PCDriver.java:171)
	at com.clovedental.pageobject.AppointmnetAdd.LoginPage.login(LoginPage.java:30)
	at com.clovedental.scripts.AppointmentListingTestCase.setup(AppointmentListingTestCase.java:69)
... Removed 27 stack frames</pre></div><a href='#' onClick='toggleBox("stack-trace938463537", this, "Click to show all stack frames", "Click to hide stack frames")'>Click to show all stack frames</a>
<div class='stack-trace' id='stack-trace938463537'><pre>org.openqa.selenium.NoSuchSessionException: Session ID is null. Using WebDriver after calling quit()?
Build info: version: &apos;3.11.0&apos;, revision: &apos;e59cfb3&apos;, time: &apos;2018-03-11T20:33:15.31Z&apos;
System info: host: &apos;CONNSOL4&apos;, ip: &apos;192.168.1.227&apos;, os.name: &apos;Windows 8.1&apos;, os.arch: &apos;amd64&apos;, os.version: &apos;6.3&apos;, java.version: &apos;1.8.0_161&apos;
Driver info: driver.version: PCDriver
	at org.openqa.selenium.remote.HttpCommandExecutor.execute(HttpCommandExecutor.java:125)
	at org.openqa.selenium.remote.service.DriverCommandExecutor.execute(DriverCommandExecutor.java:83)
	at org.openqa.selenium.remote.RemoteWebDriver.execute(RemoteWebDriver.java:545)
	at org.openqa.selenium.remote.RemoteWebDriver.executeScript(RemoteWebDriver.java:482)
	at pageobjects.utils.PCDriver$1.apply(PCDriver.java:167)
	at pageobjects.utils.PCDriver$1.apply(PCDriver.java:1)
	at org.openqa.selenium.support.ui.FluentWait.until(FluentWait.java:248)
	at pageobjects.utils.PCDriver.waitForPageLoad(PCDriver.java:171)
	at com.clovedental.pageobject.AppointmnetAdd.LoginPage.login(LoginPage.java:30)
	at com.clovedental.scripts.AppointmentListingTestCase.setup(AppointmentListingTestCase.java:69)
	at sun.reflect.NativeMethodAccessorImpl.invoke0(Native Method)
	at sun.reflect.NativeMethodAccessorImpl.invoke(NativeMethodAccessorImpl.java:62)
	at sun.reflect.DelegatingMethodAccessorImpl.invoke(DelegatingMethodAccessorImpl.java:43)
	at java.lang.reflect.Method.invoke(Method.java:498)
	at org.testng.internal.MethodInvocationHelper.invokeMethod(MethodInvocationHelper.java:124)
	at org.testng.internal.MethodInvocationHelper.invokeMethodConsideringTimeout(MethodInvocationHelper.java:59)
	at org.testng.internal.Invoker.invokeConfigurationMethod(Invoker.java:455)
	at org.testng.internal.Invoker.invokeConfigurations(Invoker.java:222)
	at org.testng.internal.Invoker.invokeConfigurations(Invoker.java:142)
	at org.testng.internal.TestMethodWorker.invokeBeforeClassMethods(TestMethodWorker.java:168)
	at org.testng.internal.TestMethodWorker.run(TestMethodWorker.java:105)
	at org.testng.TestRunner.privateRun(TestRunner.java:648)
	at org.testng.TestRunner.run(TestRunner.java:505)
	at org.testng.SuiteRunner.runTest(SuiteRunner.java:455)
	at org.testng.SuiteRunner.runSequentially(SuiteRunner.java:450)
	at org.testng.SuiteRunner.privateRun(SuiteRunner.java:415)
	at org.testng.SuiteRunner.run(SuiteRunner.java:364)
	at org.testng.SuiteRunnerWorker.runSuite(SuiteRunnerWorker.java:52)
	at org.testng.SuiteRunnerWorker.run(SuiteRunnerWorker.java:84)
	at org.testng.TestNG.runSuitesSequentially(TestNG.java:1208)
	at org.testng.TestNG.runSuitesSequentially(TestNG.java:1204)
	at org.testng.TestNG.runSuitesLocally(TestNG.java:1137)
	at org.testng.TestNG.runSuites(TestNG.java:1049)
	at org.testng.TestNG.run(TestNG.java:1017)
	at org.testng.remote.AbstractRemoteTestNG.run(AbstractRemoteTestNG.java:114)
	at org.testng.remote.RemoteTestNG.initAndRun(RemoteTestNG.java:251)
	at org.testng.remote.RemoteTestNG.main(RemoteTestNG.java:77)
</pre></div></td>
<td>0</td>
<td>com.clovedental.scripts.AppointmentListingTestCase@42b3b079</td></tr>
<tr>
<td title='com.clovedental.scripts.AppointmentListingTestCase.verifyEditBtn()'><b>verifyEditBtn</b><br>Test class: com.clovedental.scripts.AppointmentListingTestCase<br>Test method: 2: AppointmentList #65:Verified Behaviour of Edit Btn</td>
<td><div><pre>org.openqa.selenium.NoSuchSessionException: Session ID is null. Using WebDriver after calling quit()?
Build info: version: &apos;3.11.0&apos;, revision: &apos;e59cfb3&apos;, time: &apos;2018-03-11T20:33:15.31Z&apos;
System info: host: &apos;CONNSOL4&apos;, ip: &apos;192.168.1.227&apos;, os.name: &apos;Windows 8.1&apos;, os.arch: &apos;amd64&apos;, os.version: &apos;6.3&apos;, java.version: &apos;1.8.0_161&apos;
Driver info: driver.version: PCDriver
	at org.openqa.selenium.remote.HttpCommandExecutor.execute(HttpCommandExecutor.java:125)
	at org.openqa.selenium.remote.service.DriverCommandExecutor.execute(DriverCommandExecutor.java:83)
	at org.openqa.selenium.remote.RemoteWebDriver.execute(RemoteWebDriver.java:545)
	at org.openqa.selenium.remote.RemoteWebDriver.executeScript(RemoteWebDriver.java:482)
	at pageobjects.utils.PCDriver$1.apply(PCDriver.java:167)
	at pageobjects.utils.PCDriver$1.apply(PCDriver.java:1)
	at org.openqa.selenium.support.ui.FluentWait.until(FluentWait.java:248)
	at pageobjects.utils.PCDriver.waitForPageLoad(PCDriver.java:171)
	at com.clovedental.pageobject.AppointmnetAdd.LoginPage.login(LoginPage.java:30)
	at com.clovedental.scripts.AppointmentListingTestCase.setup(AppointmentListingTestCase.java:69)
... Removed 27 stack frames</pre></div><a href='#' onClick='toggleBox("stack-trace980364771", this, "Click to show all stack frames", "Click to hide stack frames")'>Click to show all stack frames</a>
<div class='stack-trace' id='stack-trace980364771'><pre>org.openqa.selenium.NoSuchSessionException: Session ID is null. Using WebDriver after calling quit()?
Build info: version: &apos;3.11.0&apos;, revision: &apos;e59cfb3&apos;, time: &apos;2018-03-11T20:33:15.31Z&apos;
System info: host: &apos;CONNSOL4&apos;, ip: &apos;192.168.1.227&apos;, os.name: &apos;Windows 8.1&apos;, os.arch: &apos;amd64&apos;, os.version: &apos;6.3&apos;, java.version: &apos;1.8.0_161&apos;
Driver info: driver.version: PCDriver
	at org.openqa.selenium.remote.HttpCommandExecutor.execute(HttpCommandExecutor.java:125)
	at org.openqa.selenium.remote.service.DriverCommandExecutor.execute(DriverCommandExecutor.java:83)
	at org.openqa.selenium.remote.RemoteWebDriver.execute(RemoteWebDriver.java:545)
	at org.openqa.selenium.remote.RemoteWebDriver.executeScript(RemoteWebDriver.java:482)
	at pageobjects.utils.PCDriver$1.apply(PCDriver.java:167)
	at pageobjects.utils.PCDriver$1.apply(PCDriver.java:1)
	at org.openqa.selenium.support.ui.FluentWait.until(FluentWait.java:248)
	at pageobjects.utils.PCDriver.waitForPageLoad(PCDriver.java:171)
	at com.clovedental.pageobject.AppointmnetAdd.LoginPage.login(LoginPage.java:30)
	at com.clovedental.scripts.AppointmentListingTestCase.setup(AppointmentListingTestCase.java:69)
	at sun.reflect.NativeMethodAccessorImpl.invoke0(Native Method)
	at sun.reflect.NativeMethodAccessorImpl.invoke(NativeMethodAccessorImpl.java:62)
	at sun.reflect.DelegatingMethodAccessorImpl.invoke(DelegatingMethodAccessorImpl.java:43)
	at java.lang.reflect.Method.invoke(Method.java:498)
	at org.testng.internal.MethodInvocationHelper.invokeMethod(MethodInvocationHelper.java:124)
	at org.testng.internal.MethodInvocationHelper.invokeMethodConsideringTimeout(MethodInvocationHelper.java:59)
	at org.testng.internal.Invoker.invokeConfigurationMethod(Invoker.java:455)
	at org.testng.internal.Invoker.invokeConfigurations(Invoker.java:222)
	at org.testng.internal.Invoker.invokeConfigurations(Invoker.java:142)
	at org.testng.internal.TestMethodWorker.invokeBeforeClassMethods(TestMethodWorker.java:168)
	at org.testng.internal.TestMethodWorker.run(TestMethodWorker.java:105)
	at org.testng.TestRunner.privateRun(TestRunner.java:648)
	at org.testng.TestRunner.run(TestRunner.java:505)
	at org.testng.SuiteRunner.runTest(SuiteRunner.java:455)
	at org.testng.SuiteRunner.runSequentially(SuiteRunner.java:450)
	at org.testng.SuiteRunner.privateRun(SuiteRunner.java:415)
	at org.testng.SuiteRunner.run(SuiteRunner.java:364)
	at org.testng.SuiteRunnerWorker.runSuite(SuiteRunnerWorker.java:52)
	at org.testng.SuiteRunnerWorker.run(SuiteRunnerWorker.java:84)
	at org.testng.TestNG.runSuitesSequentially(TestNG.java:1208)
	at org.testng.TestNG.runSuitesSequentially(TestNG.java:1204)
	at org.testng.TestNG.runSuitesLocally(TestNG.java:1137)
	at org.testng.TestNG.runSuites(TestNG.java:1049)
	at org.testng.TestNG.run(TestNG.java:1017)
	at org.testng.remote.AbstractRemoteTestNG.run(AbstractRemoteTestNG.java:114)
	at org.testng.remote.RemoteTestNG.initAndRun(RemoteTestNG.java:251)
	at org.testng.remote.RemoteTestNG.main(RemoteTestNG.java:77)
</pre></div></td>
<td>0</td>
<td>com.clovedental.scripts.AppointmentListingTestCase@42b3b079</td></tr>
<tr>
<td title='com.clovedental.scripts.AppointmentListingTestCase.verifyEditBtnOnEvent()'><b>verifyEditBtnOnEvent</b><br>Test class: com.clovedental.scripts.AppointmentListingTestCase<br>Test method: 2: Event Listing #73:Edit Btn is Working Fine</td>
<td><div><pre>java.lang.Throwable: Method AppointmentListingTestCase.verifyEditBtnOnEvent()[pri:20, instance:com.clovedental.scripts.AppointmentListingTestCase@42b3b079] depends on not successfully finished methods
... Removed 19 stack frames</pre></div><a href='#' onClick='toggleBox("stack-trace925150995", this, "Click to show all stack frames", "Click to hide stack frames")'>Click to show all stack frames</a>
<div class='stack-trace' id='stack-trace925150995'><pre>java.lang.Throwable: Method AppointmentListingTestCase.verifyEditBtnOnEvent()[pri:20, instance:com.clovedental.scripts.AppointmentListingTestCase@42b3b079] depends on not successfully finished methods
	at org.testng.internal.Invoker.invokeTestMethods(Invoker.java:887)
	at org.testng.internal.TestMethodWorker.invokeTestMethods(TestMethodWorker.java:125)
	at org.testng.internal.TestMethodWorker.run(TestMethodWorker.java:109)
	at org.testng.TestRunner.privateRun(TestRunner.java:648)
	at org.testng.TestRunner.run(TestRunner.java:505)
	at org.testng.SuiteRunner.runTest(SuiteRunner.java:455)
	at org.testng.SuiteRunner.runSequentially(SuiteRunner.java:450)
	at org.testng.SuiteRunner.privateRun(SuiteRunner.java:415)
	at org.testng.SuiteRunner.run(SuiteRunner.java:364)
	at org.testng.SuiteRunnerWorker.runSuite(SuiteRunnerWorker.java:52)
	at org.testng.SuiteRunnerWorker.run(SuiteRunnerWorker.java:84)
	at org.testng.TestNG.runSuitesSequentially(TestNG.java:1208)
	at org.testng.TestNG.runSuitesSequentially(TestNG.java:1204)
	at org.testng.TestNG.runSuitesLocally(TestNG.java:1137)
	at org.testng.TestNG.runSuites(TestNG.java:1049)
	at org.testng.TestNG.run(TestNG.java:1017)
	at org.testng.remote.AbstractRemoteTestNG.run(AbstractRemoteTestNG.java:114)
	at org.testng.remote.RemoteTestNG.initAndRun(RemoteTestNG.java:251)
	at org.testng.remote.RemoteTestNG.main(RemoteTestNG.java:77)
</pre></div></td>
<td>0</td>
<td>null</td></tr>
<tr>
<td title='com.clovedental.scripts.AppointmentListingTestCase.verifyFilterOfCategoryType()'><b>verifyFilterOfCategoryType</b><br>Test class: com.clovedental.scripts.AppointmentListingTestCase<br>Test method: 2: Event Listing #78:Category filter is working fine</td>
<td><div><pre>org.openqa.selenium.NoSuchSessionException: Session ID is null. Using WebDriver after calling quit()?
Build info: version: &apos;3.11.0&apos;, revision: &apos;e59cfb3&apos;, time: &apos;2018-03-11T20:33:15.31Z&apos;
System info: host: &apos;CONNSOL4&apos;, ip: &apos;192.168.1.227&apos;, os.name: &apos;Windows 8.1&apos;, os.arch: &apos;amd64&apos;, os.version: &apos;6.3&apos;, java.version: &apos;1.8.0_161&apos;
Driver info: driver.version: PCDriver
	at org.openqa.selenium.remote.HttpCommandExecutor.execute(HttpCommandExecutor.java:125)
	at org.openqa.selenium.remote.service.DriverCommandExecutor.execute(DriverCommandExecutor.java:83)
	at org.openqa.selenium.remote.RemoteWebDriver.execute(RemoteWebDriver.java:545)
	at org.openqa.selenium.remote.RemoteWebDriver.executeScript(RemoteWebDriver.java:482)
	at pageobjects.utils.PCDriver$1.apply(PCDriver.java:167)
	at pageobjects.utils.PCDriver$1.apply(PCDriver.java:1)
	at org.openqa.selenium.support.ui.FluentWait.until(FluentWait.java:248)
	at pageobjects.utils.PCDriver.waitForPageLoad(PCDriver.java:171)
	at com.clovedental.pageobject.AppointmnetAdd.LoginPage.login(LoginPage.java:30)
	at com.clovedental.scripts.AppointmentListingTestCase.setup(AppointmentListingTestCase.java:69)
... Removed 27 stack frames</pre></div><a href='#' onClick='toggleBox("stack-trace691691381", this, "Click to show all stack frames", "Click to hide stack frames")'>Click to show all stack frames</a>
<div class='stack-trace' id='stack-trace691691381'><pre>org.openqa.selenium.NoSuchSessionException: Session ID is null. Using WebDriver after calling quit()?
Build info: version: &apos;3.11.0&apos;, revision: &apos;e59cfb3&apos;, time: &apos;2018-03-11T20:33:15.31Z&apos;
System info: host: &apos;CONNSOL4&apos;, ip: &apos;192.168.1.227&apos;, os.name: &apos;Windows 8.1&apos;, os.arch: &apos;amd64&apos;, os.version: &apos;6.3&apos;, java.version: &apos;1.8.0_161&apos;
Driver info: driver.version: PCDriver
	at org.openqa.selenium.remote.HttpCommandExecutor.execute(HttpCommandExecutor.java:125)
	at org.openqa.selenium.remote.service.DriverCommandExecutor.execute(DriverCommandExecutor.java:83)
	at org.openqa.selenium.remote.RemoteWebDriver.execute(RemoteWebDriver.java:545)
	at org.openqa.selenium.remote.RemoteWebDriver.executeScript(RemoteWebDriver.java:482)
	at pageobjects.utils.PCDriver$1.apply(PCDriver.java:167)
	at pageobjects.utils.PCDriver$1.apply(PCDriver.java:1)
	at org.openqa.selenium.support.ui.FluentWait.until(FluentWait.java:248)
	at pageobjects.utils.PCDriver.waitForPageLoad(PCDriver.java:171)
	at com.clovedental.pageobject.AppointmnetAdd.LoginPage.login(LoginPage.java:30)
	at com.clovedental.scripts.AppointmentListingTestCase.setup(AppointmentListingTestCase.java:69)
	at sun.reflect.NativeMethodAccessorImpl.invoke0(Native Method)
	at sun.reflect.NativeMethodAccessorImpl.invoke(NativeMethodAccessorImpl.java:62)
	at sun.reflect.DelegatingMethodAccessorImpl.invoke(DelegatingMethodAccessorImpl.java:43)
	at java.lang.reflect.Method.invoke(Method.java:498)
	at org.testng.internal.MethodInvocationHelper.invokeMethod(MethodInvocationHelper.java:124)
	at org.testng.internal.MethodInvocationHelper.invokeMethodConsideringTimeout(MethodInvocationHelper.java:59)
	at org.testng.internal.Invoker.invokeConfigurationMethod(Invoker.java:455)
	at org.testng.internal.Invoker.invokeConfigurations(Invoker.java:222)
	at org.testng.internal.Invoker.invokeConfigurations(Invoker.java:142)
	at org.testng.internal.TestMethodWorker.invokeBeforeClassMethods(TestMethodWorker.java:168)
	at org.testng.internal.TestMethodWorker.run(TestMethodWorker.java:105)
	at org.testng.TestRunner.privateRun(TestRunner.java:648)
	at org.testng.TestRunner.run(TestRunner.java:505)
	at org.testng.SuiteRunner.runTest(SuiteRunner.java:455)
	at org.testng.SuiteRunner.runSequentially(SuiteRunner.java:450)
	at org.testng.SuiteRunner.privateRun(SuiteRunner.java:415)
	at org.testng.SuiteRunner.run(SuiteRunner.java:364)
	at org.testng.SuiteRunnerWorker.runSuite(SuiteRunnerWorker.java:52)
	at org.testng.SuiteRunnerWorker.run(SuiteRunnerWorker.java:84)
	at org.testng.TestNG.runSuitesSequentially(TestNG.java:1208)
	at org.testng.TestNG.runSuitesSequentially(TestNG.java:1204)
	at org.testng.TestNG.runSuitesLocally(TestNG.java:1137)
	at org.testng.TestNG.runSuites(TestNG.java:1049)
	at org.testng.TestNG.run(TestNG.java:1017)
	at org.testng.remote.AbstractRemoteTestNG.run(AbstractRemoteTestNG.java:114)
	at org.testng.remote.RemoteTestNG.initAndRun(RemoteTestNG.java:251)
	at org.testng.remote.RemoteTestNG.main(RemoteTestNG.java:77)
</pre></div></td>
<td>0</td>
<td>com.clovedental.scripts.AppointmentListingTestCase@42b3b079</td></tr>
<tr>
<td title='com.clovedental.scripts.AppointmentListingTestCase.verifyFrmAndToDateFilter()'><b>verifyFrmAndToDateFilter</b><br>Test class: com.clovedental.scripts.AppointmentListingTestCase<br>Test method: 2: Event Listing #75:All event date is b/w frm and to date</td>
<td><div><pre>org.openqa.selenium.NoSuchSessionException: Session ID is null. Using WebDriver after calling quit()?
Build info: version: &apos;3.11.0&apos;, revision: &apos;e59cfb3&apos;, time: &apos;2018-03-11T20:33:15.31Z&apos;
System info: host: &apos;CONNSOL4&apos;, ip: &apos;192.168.1.227&apos;, os.name: &apos;Windows 8.1&apos;, os.arch: &apos;amd64&apos;, os.version: &apos;6.3&apos;, java.version: &apos;1.8.0_161&apos;
Driver info: driver.version: PCDriver
	at org.openqa.selenium.remote.HttpCommandExecutor.execute(HttpCommandExecutor.java:125)
	at org.openqa.selenium.remote.service.DriverCommandExecutor.execute(DriverCommandExecutor.java:83)
	at org.openqa.selenium.remote.RemoteWebDriver.execute(RemoteWebDriver.java:545)
	at org.openqa.selenium.remote.RemoteWebDriver.executeScript(RemoteWebDriver.java:482)
	at pageobjects.utils.PCDriver$1.apply(PCDriver.java:167)
	at pageobjects.utils.PCDriver$1.apply(PCDriver.java:1)
	at org.openqa.selenium.support.ui.FluentWait.until(FluentWait.java:248)
	at pageobjects.utils.PCDriver.waitForPageLoad(PCDriver.java:171)
	at com.clovedental.pageobject.AppointmnetAdd.LoginPage.login(LoginPage.java:30)
	at com.clovedental.scripts.AppointmentListingTestCase.setup(AppointmentListingTestCase.java:69)
... Removed 27 stack frames</pre></div><a href='#' onClick='toggleBox("stack-trace923083575", this, "Click to show all stack frames", "Click to hide stack frames")'>Click to show all stack frames</a>
<div class='stack-trace' id='stack-trace923083575'><pre>org.openqa.selenium.NoSuchSessionException: Session ID is null. Using WebDriver after calling quit()?
Build info: version: &apos;3.11.0&apos;, revision: &apos;e59cfb3&apos;, time: &apos;2018-03-11T20:33:15.31Z&apos;
System info: host: &apos;CONNSOL4&apos;, ip: &apos;192.168.1.227&apos;, os.name: &apos;Windows 8.1&apos;, os.arch: &apos;amd64&apos;, os.version: &apos;6.3&apos;, java.version: &apos;1.8.0_161&apos;
Driver info: driver.version: PCDriver
	at org.openqa.selenium.remote.HttpCommandExecutor.execute(HttpCommandExecutor.java:125)
	at org.openqa.selenium.remote.service.DriverCommandExecutor.execute(DriverCommandExecutor.java:83)
	at org.openqa.selenium.remote.RemoteWebDriver.execute(RemoteWebDriver.java:545)
	at org.openqa.selenium.remote.RemoteWebDriver.executeScript(RemoteWebDriver.java:482)
	at pageobjects.utils.PCDriver$1.apply(PCDriver.java:167)
	at pageobjects.utils.PCDriver$1.apply(PCDriver.java:1)
	at org.openqa.selenium.support.ui.FluentWait.until(FluentWait.java:248)
	at pageobjects.utils.PCDriver.waitForPageLoad(PCDriver.java:171)
	at com.clovedental.pageobject.AppointmnetAdd.LoginPage.login(LoginPage.java:30)
	at com.clovedental.scripts.AppointmentListingTestCase.setup(AppointmentListingTestCase.java:69)
	at sun.reflect.NativeMethodAccessorImpl.invoke0(Native Method)
	at sun.reflect.NativeMethodAccessorImpl.invoke(NativeMethodAccessorImpl.java:62)
	at sun.reflect.DelegatingMethodAccessorImpl.invoke(DelegatingMethodAccessorImpl.java:43)
	at java.lang.reflect.Method.invoke(Method.java:498)
	at org.testng.internal.MethodInvocationHelper.invokeMethod(MethodInvocationHelper.java:124)
	at org.testng.internal.MethodInvocationHelper.invokeMethodConsideringTimeout(MethodInvocationHelper.java:59)
	at org.testng.internal.Invoker.invokeConfigurationMethod(Invoker.java:455)
	at org.testng.internal.Invoker.invokeConfigurations(Invoker.java:222)
	at org.testng.internal.Invoker.invokeConfigurations(Invoker.java:142)
	at org.testng.internal.TestMethodWorker.invokeBeforeClassMethods(TestMethodWorker.java:168)
	at org.testng.internal.TestMethodWorker.run(TestMethodWorker.java:105)
	at org.testng.TestRunner.privateRun(TestRunner.java:648)
	at org.testng.TestRunner.run(TestRunner.java:505)
	at org.testng.SuiteRunner.runTest(SuiteRunner.java:455)
	at org.testng.SuiteRunner.runSequentially(SuiteRunner.java:450)
	at org.testng.SuiteRunner.privateRun(SuiteRunner.java:415)
	at org.testng.SuiteRunner.run(SuiteRunner.java:364)
	at org.testng.SuiteRunnerWorker.runSuite(SuiteRunnerWorker.java:52)
	at org.testng.SuiteRunnerWorker.run(SuiteRunnerWorker.java:84)
	at org.testng.TestNG.runSuitesSequentially(TestNG.java:1208)
	at org.testng.TestNG.runSuitesSequentially(TestNG.java:1204)
	at org.testng.TestNG.runSuitesLocally(TestNG.java:1137)
	at org.testng.TestNG.runSuites(TestNG.java:1049)
	at org.testng.TestNG.run(TestNG.java:1017)
	at org.testng.remote.AbstractRemoteTestNG.run(AbstractRemoteTestNG.java:114)
	at org.testng.remote.RemoteTestNG.initAndRun(RemoteTestNG.java:251)
	at org.testng.remote.RemoteTestNG.main(RemoteTestNG.java:77)
</pre></div></td>
<td>0</td>
<td>com.clovedental.scripts.AppointmentListingTestCase@42b3b079</td></tr>
<tr>
<td title='com.clovedental.scripts.AppointmentListingTestCase.verifyMandatoryElementOnEventList()'><b>verifyMandatoryElementOnEventList</b><br>Test class: com.clovedental.scripts.AppointmentListingTestCase<br>Test method: 2: Event Listing #71:All Mandatory WebElement are present on event listing home page</td>
<td><div><pre>org.openqa.selenium.NoSuchSessionException: Session ID is null. Using WebDriver after calling quit()?
Build info: version: &apos;3.11.0&apos;, revision: &apos;e59cfb3&apos;, time: &apos;2018-03-11T20:33:15.31Z&apos;
System info: host: &apos;CONNSOL4&apos;, ip: &apos;192.168.1.227&apos;, os.name: &apos;Windows 8.1&apos;, os.arch: &apos;amd64&apos;, os.version: &apos;6.3&apos;, java.version: &apos;1.8.0_161&apos;
Driver info: driver.version: PCDriver
	at org.openqa.selenium.remote.HttpCommandExecutor.execute(HttpCommandExecutor.java:125)
	at org.openqa.selenium.remote.service.DriverCommandExecutor.execute(DriverCommandExecutor.java:83)
	at org.openqa.selenium.remote.RemoteWebDriver.execute(RemoteWebDriver.java:545)
	at org.openqa.selenium.remote.RemoteWebDriver.executeScript(RemoteWebDriver.java:482)
	at pageobjects.utils.PCDriver$1.apply(PCDriver.java:167)
	at pageobjects.utils.PCDriver$1.apply(PCDriver.java:1)
	at org.openqa.selenium.support.ui.FluentWait.until(FluentWait.java:248)
	at pageobjects.utils.PCDriver.waitForPageLoad(PCDriver.java:171)
	at com.clovedental.pageobject.AppointmnetAdd.LoginPage.login(LoginPage.java:30)
	at com.clovedental.scripts.AppointmentListingTestCase.setup(AppointmentListingTestCase.java:69)
... Removed 27 stack frames</pre></div><a href='#' onClick='toggleBox("stack-trace269892014", this, "Click to show all stack frames", "Click to hide stack frames")'>Click to show all stack frames</a>
<div class='stack-trace' id='stack-trace269892014'><pre>org.openqa.selenium.NoSuchSessionException: Session ID is null. Using WebDriver after calling quit()?
Build info: version: &apos;3.11.0&apos;, revision: &apos;e59cfb3&apos;, time: &apos;2018-03-11T20:33:15.31Z&apos;
System info: host: &apos;CONNSOL4&apos;, ip: &apos;192.168.1.227&apos;, os.name: &apos;Windows 8.1&apos;, os.arch: &apos;amd64&apos;, os.version: &apos;6.3&apos;, java.version: &apos;1.8.0_161&apos;
Driver info: driver.version: PCDriver
	at org.openqa.selenium.remote.HttpCommandExecutor.execute(HttpCommandExecutor.java:125)
	at org.openqa.selenium.remote.service.DriverCommandExecutor.execute(DriverCommandExecutor.java:83)
	at org.openqa.selenium.remote.RemoteWebDriver.execute(RemoteWebDriver.java:545)
	at org.openqa.selenium.remote.RemoteWebDriver.executeScript(RemoteWebDriver.java:482)
	at pageobjects.utils.PCDriver$1.apply(PCDriver.java:167)
	at pageobjects.utils.PCDriver$1.apply(PCDriver.java:1)
	at org.openqa.selenium.support.ui.FluentWait.until(FluentWait.java:248)
	at pageobjects.utils.PCDriver.waitForPageLoad(PCDriver.java:171)
	at com.clovedental.pageobject.AppointmnetAdd.LoginPage.login(LoginPage.java:30)
	at com.clovedental.scripts.AppointmentListingTestCase.setup(AppointmentListingTestCase.java:69)
	at sun.reflect.NativeMethodAccessorImpl.invoke0(Native Method)
	at sun.reflect.NativeMethodAccessorImpl.invoke(NativeMethodAccessorImpl.java:62)
	at sun.reflect.DelegatingMethodAccessorImpl.invoke(DelegatingMethodAccessorImpl.java:43)
	at java.lang.reflect.Method.invoke(Method.java:498)
	at org.testng.internal.MethodInvocationHelper.invokeMethod(MethodInvocationHelper.java:124)
	at org.testng.internal.MethodInvocationHelper.invokeMethodConsideringTimeout(MethodInvocationHelper.java:59)
	at org.testng.internal.Invoker.invokeConfigurationMethod(Invoker.java:455)
	at org.testng.internal.Invoker.invokeConfigurations(Invoker.java:222)
	at org.testng.internal.Invoker.invokeConfigurations(Invoker.java:142)
	at org.testng.internal.TestMethodWorker.invokeBeforeClassMethods(TestMethodWorker.java:168)
	at org.testng.internal.TestMethodWorker.run(TestMethodWorker.java:105)
	at org.testng.TestRunner.privateRun(TestRunner.java:648)
	at org.testng.TestRunner.run(TestRunner.java:505)
	at org.testng.SuiteRunner.runTest(SuiteRunner.java:455)
	at org.testng.SuiteRunner.runSequentially(SuiteRunner.java:450)
	at org.testng.SuiteRunner.privateRun(SuiteRunner.java:415)
	at org.testng.SuiteRunner.run(SuiteRunner.java:364)
	at org.testng.SuiteRunnerWorker.runSuite(SuiteRunnerWorker.java:52)
	at org.testng.SuiteRunnerWorker.run(SuiteRunnerWorker.java:84)
	at org.testng.TestNG.runSuitesSequentially(TestNG.java:1208)
	at org.testng.TestNG.runSuitesSequentially(TestNG.java:1204)
	at org.testng.TestNG.runSuitesLocally(TestNG.java:1137)
	at org.testng.TestNG.runSuites(TestNG.java:1049)
	at org.testng.TestNG.run(TestNG.java:1017)
	at org.testng.remote.AbstractRemoteTestNG.run(AbstractRemoteTestNG.java:114)
	at org.testng.remote.RemoteTestNG.initAndRun(RemoteTestNG.java:251)
	at org.testng.remote.RemoteTestNG.main(RemoteTestNG.java:77)
</pre></div></td>
<td>0</td>
<td>com.clovedental.scripts.AppointmentListingTestCase@42b3b079</td></tr>
<tr>
<td title='com.clovedental.scripts.AppointmentListingTestCase.verifyOnClickDeletePopUpYes()'><b>verifyOnClickDeletePopUpYes</b><br>Test class: com.clovedental.scripts.AppointmentListingTestCase<br>Test method: 2: AppointmentList #61:After clicking Delete popup has benn verified</td>
<td><div><pre>org.openqa.selenium.NoSuchSessionException: Session ID is null. Using WebDriver after calling quit()?
Build info: version: &apos;3.11.0&apos;, revision: &apos;e59cfb3&apos;, time: &apos;2018-03-11T20:33:15.31Z&apos;
System info: host: &apos;CONNSOL4&apos;, ip: &apos;192.168.1.227&apos;, os.name: &apos;Windows 8.1&apos;, os.arch: &apos;amd64&apos;, os.version: &apos;6.3&apos;, java.version: &apos;1.8.0_161&apos;
Driver info: driver.version: PCDriver
	at org.openqa.selenium.remote.HttpCommandExecutor.execute(HttpCommandExecutor.java:125)
	at org.openqa.selenium.remote.service.DriverCommandExecutor.execute(DriverCommandExecutor.java:83)
	at org.openqa.selenium.remote.RemoteWebDriver.execute(RemoteWebDriver.java:545)
	at org.openqa.selenium.remote.RemoteWebDriver.executeScript(RemoteWebDriver.java:482)
	at pageobjects.utils.PCDriver$1.apply(PCDriver.java:167)
	at pageobjects.utils.PCDriver$1.apply(PCDriver.java:1)
	at org.openqa.selenium.support.ui.FluentWait.until(FluentWait.java:248)
	at pageobjects.utils.PCDriver.waitForPageLoad(PCDriver.java:171)
	at com.clovedental.pageobject.AppointmnetAdd.LoginPage.login(LoginPage.java:30)
	at com.clovedental.scripts.AppointmentListingTestCase.setup(AppointmentListingTestCase.java:69)
... Removed 27 stack frames</pre></div><a href='#' onClick='toggleBox("stack-trace1632670136", this, "Click to show all stack frames", "Click to hide stack frames")'>Click to show all stack frames</a>
<div class='stack-trace' id='stack-trace1632670136'><pre>org.openqa.selenium.NoSuchSessionException: Session ID is null. Using WebDriver after calling quit()?
Build info: version: &apos;3.11.0&apos;, revision: &apos;e59cfb3&apos;, time: &apos;2018-03-11T20:33:15.31Z&apos;
System info: host: &apos;CONNSOL4&apos;, ip: &apos;192.168.1.227&apos;, os.name: &apos;Windows 8.1&apos;, os.arch: &apos;amd64&apos;, os.version: &apos;6.3&apos;, java.version: &apos;1.8.0_161&apos;
Driver info: driver.version: PCDriver
	at org.openqa.selenium.remote.HttpCommandExecutor.execute(HttpCommandExecutor.java:125)
	at org.openqa.selenium.remote.service.DriverCommandExecutor.execute(DriverCommandExecutor.java:83)
	at org.openqa.selenium.remote.RemoteWebDriver.execute(RemoteWebDriver.java:545)
	at org.openqa.selenium.remote.RemoteWebDriver.executeScript(RemoteWebDriver.java:482)
	at pageobjects.utils.PCDriver$1.apply(PCDriver.java:167)
	at pageobjects.utils.PCDriver$1.apply(PCDriver.java:1)
	at org.openqa.selenium.support.ui.FluentWait.until(FluentWait.java:248)
	at pageobjects.utils.PCDriver.waitForPageLoad(PCDriver.java:171)
	at com.clovedental.pageobject.AppointmnetAdd.LoginPage.login(LoginPage.java:30)
	at com.clovedental.scripts.AppointmentListingTestCase.setup(AppointmentListingTestCase.java:69)
	at sun.reflect.NativeMethodAccessorImpl.invoke0(Native Method)
	at sun.reflect.NativeMethodAccessorImpl.invoke(NativeMethodAccessorImpl.java:62)
	at sun.reflect.DelegatingMethodAccessorImpl.invoke(DelegatingMethodAccessorImpl.java:43)
	at java.lang.reflect.Method.invoke(Method.java:498)
	at org.testng.internal.MethodInvocationHelper.invokeMethod(MethodInvocationHelper.java:124)
	at org.testng.internal.MethodInvocationHelper.invokeMethodConsideringTimeout(MethodInvocationHelper.java:59)
	at org.testng.internal.Invoker.invokeConfigurationMethod(Invoker.java:455)
	at org.testng.internal.Invoker.invokeConfigurations(Invoker.java:222)
	at org.testng.internal.Invoker.invokeConfigurations(Invoker.java:142)
	at org.testng.internal.TestMethodWorker.invokeBeforeClassMethods(TestMethodWorker.java:168)
	at org.testng.internal.TestMethodWorker.run(TestMethodWorker.java:105)
	at org.testng.TestRunner.privateRun(TestRunner.java:648)
	at org.testng.TestRunner.run(TestRunner.java:505)
	at org.testng.SuiteRunner.runTest(SuiteRunner.java:455)
	at org.testng.SuiteRunner.runSequentially(SuiteRunner.java:450)
	at org.testng.SuiteRunner.privateRun(SuiteRunner.java:415)
	at org.testng.SuiteRunner.run(SuiteRunner.java:364)
	at org.testng.SuiteRunnerWorker.runSuite(SuiteRunnerWorker.java:52)
	at org.testng.SuiteRunnerWorker.run(SuiteRunnerWorker.java:84)
	at org.testng.TestNG.runSuitesSequentially(TestNG.java:1208)
	at org.testng.TestNG.runSuitesSequentially(TestNG.java:1204)
	at org.testng.TestNG.runSuitesLocally(TestNG.java:1137)
	at org.testng.TestNG.runSuites(TestNG.java:1049)
	at org.testng.TestNG.run(TestNG.java:1017)
	at org.testng.remote.AbstractRemoteTestNG.run(AbstractRemoteTestNG.java:114)
	at org.testng.remote.RemoteTestNG.initAndRun(RemoteTestNG.java:251)
	at org.testng.remote.RemoteTestNG.main(RemoteTestNG.java:77)
</pre></div></td>
<td>0</td>
<td>com.clovedental.scripts.AppointmentListingTestCase@42b3b079</td></tr>
<tr>
<td title='com.clovedental.scripts.AppointmentListingTestCase.verifyTentiveAterClickingOnEditBtn()'><b>verifyTentiveAterClickingOnEditBtn</b><br>Test class: com.clovedental.scripts.AppointmentListingTestCase<br>Test method: 2: AppointmentList #62:Verified tentative checkbox After clicking on edit it was selected</td>
<td><div><pre>org.openqa.selenium.NoSuchSessionException: Session ID is null. Using WebDriver after calling quit()?
Build info: version: &apos;3.11.0&apos;, revision: &apos;e59cfb3&apos;, time: &apos;2018-03-11T20:33:15.31Z&apos;
System info: host: &apos;CONNSOL4&apos;, ip: &apos;192.168.1.227&apos;, os.name: &apos;Windows 8.1&apos;, os.arch: &apos;amd64&apos;, os.version: &apos;6.3&apos;, java.version: &apos;1.8.0_161&apos;
Driver info: driver.version: PCDriver
	at org.openqa.selenium.remote.HttpCommandExecutor.execute(HttpCommandExecutor.java:125)
	at org.openqa.selenium.remote.service.DriverCommandExecutor.execute(DriverCommandExecutor.java:83)
	at org.openqa.selenium.remote.RemoteWebDriver.execute(RemoteWebDriver.java:545)
	at org.openqa.selenium.remote.RemoteWebDriver.executeScript(RemoteWebDriver.java:482)
	at pageobjects.utils.PCDriver$1.apply(PCDriver.java:167)
	at pageobjects.utils.PCDriver$1.apply(PCDriver.java:1)
	at org.openqa.selenium.support.ui.FluentWait.until(FluentWait.java:248)
	at pageobjects.utils.PCDriver.waitForPageLoad(PCDriver.java:171)
	at com.clovedental.pageobject.AppointmnetAdd.LoginPage.login(LoginPage.java:30)
	at com.clovedental.scripts.AppointmentListingTestCase.setup(AppointmentListingTestCase.java:69)
... Removed 27 stack frames</pre></div><a href='#' onClick='toggleBox("stack-trace638486177", this, "Click to show all stack frames", "Click to hide stack frames")'>Click to show all stack frames</a>
<div class='stack-trace' id='stack-trace638486177'><pre>org.openqa.selenium.NoSuchSessionException: Session ID is null. Using WebDriver after calling quit()?
Build info: version: &apos;3.11.0&apos;, revision: &apos;e59cfb3&apos;, time: &apos;2018-03-11T20:33:15.31Z&apos;
System info: host: &apos;CONNSOL4&apos;, ip: &apos;192.168.1.227&apos;, os.name: &apos;Windows 8.1&apos;, os.arch: &apos;amd64&apos;, os.version: &apos;6.3&apos;, java.version: &apos;1.8.0_161&apos;
Driver info: driver.version: PCDriver
	at org.openqa.selenium.remote.HttpCommandExecutor.execute(HttpCommandExecutor.java:125)
	at org.openqa.selenium.remote.service.DriverCommandExecutor.execute(DriverCommandExecutor.java:83)
	at org.openqa.selenium.remote.RemoteWebDriver.execute(RemoteWebDriver.java:545)
	at org.openqa.selenium.remote.RemoteWebDriver.executeScript(RemoteWebDriver.java:482)
	at pageobjects.utils.PCDriver$1.apply(PCDriver.java:167)
	at pageobjects.utils.PCDriver$1.apply(PCDriver.java:1)
	at org.openqa.selenium.support.ui.FluentWait.until(FluentWait.java:248)
	at pageobjects.utils.PCDriver.waitForPageLoad(PCDriver.java:171)
	at com.clovedental.pageobject.AppointmnetAdd.LoginPage.login(LoginPage.java:30)
	at com.clovedental.scripts.AppointmentListingTestCase.setup(AppointmentListingTestCase.java:69)
	at sun.reflect.NativeMethodAccessorImpl.invoke0(Native Method)
	at sun.reflect.NativeMethodAccessorImpl.invoke(NativeMethodAccessorImpl.java:62)
	at sun.reflect.DelegatingMethodAccessorImpl.invoke(DelegatingMethodAccessorImpl.java:43)
	at java.lang.reflect.Method.invoke(Method.java:498)
	at org.testng.internal.MethodInvocationHelper.invokeMethod(MethodInvocationHelper.java:124)
	at org.testng.internal.MethodInvocationHelper.invokeMethodConsideringTimeout(MethodInvocationHelper.java:59)
	at org.testng.internal.Invoker.invokeConfigurationMethod(Invoker.java:455)
	at org.testng.internal.Invoker.invokeConfigurations(Invoker.java:222)
	at org.testng.internal.Invoker.invokeConfigurations(Invoker.java:142)
	at org.testng.internal.TestMethodWorker.invokeBeforeClassMethods(TestMethodWorker.java:168)
	at org.testng.internal.TestMethodWorker.run(TestMethodWorker.java:105)
	at org.testng.TestRunner.privateRun(TestRunner.java:648)
	at org.testng.TestRunner.run(TestRunner.java:505)
	at org.testng.SuiteRunner.runTest(SuiteRunner.java:455)
	at org.testng.SuiteRunner.runSequentially(SuiteRunner.java:450)
	at org.testng.SuiteRunner.privateRun(SuiteRunner.java:415)
	at org.testng.SuiteRunner.run(SuiteRunner.java:364)
	at org.testng.SuiteRunnerWorker.runSuite(SuiteRunnerWorker.java:52)
	at org.testng.SuiteRunnerWorker.run(SuiteRunnerWorker.java:84)
	at org.testng.TestNG.runSuitesSequentially(TestNG.java:1208)
	at org.testng.TestNG.runSuitesSequentially(TestNG.java:1204)
	at org.testng.TestNG.runSuitesLocally(TestNG.java:1137)
	at org.testng.TestNG.runSuites(TestNG.java:1049)
	at org.testng.TestNG.run(TestNG.java:1017)
	at org.testng.remote.AbstractRemoteTestNG.run(AbstractRemoteTestNG.java:114)
	at org.testng.remote.RemoteTestNG.initAndRun(RemoteTestNG.java:251)
	at org.testng.remote.RemoteTestNG.main(RemoteTestNG.java:77)
</pre></div></td>
<td>0</td>
<td>com.clovedental.scripts.AppointmentListingTestCase@42b3b079</td></tr>
<tr>
<td title='com.clovedental.scripts.AppointmentListingTestCase.verifyViewBtnBehaviour()'><b>verifyViewBtnBehaviour</b><br>Test class: com.clovedental.scripts.AppointmentListingTestCase<br>Test method: 2: AppointmentList #58:Verified Behaviour of view Btn</td>
<td><div><pre>org.openqa.selenium.NoSuchSessionException: Session ID is null. Using WebDriver after calling quit()?
Build info: version: &apos;3.11.0&apos;, revision: &apos;e59cfb3&apos;, time: &apos;2018-03-11T20:33:15.31Z&apos;
System info: host: &apos;CONNSOL4&apos;, ip: &apos;192.168.1.227&apos;, os.name: &apos;Windows 8.1&apos;, os.arch: &apos;amd64&apos;, os.version: &apos;6.3&apos;, java.version: &apos;1.8.0_161&apos;
Driver info: driver.version: PCDriver
	at org.openqa.selenium.remote.HttpCommandExecutor.execute(HttpCommandExecutor.java:125)
	at org.openqa.selenium.remote.service.DriverCommandExecutor.execute(DriverCommandExecutor.java:83)
	at org.openqa.selenium.remote.RemoteWebDriver.execute(RemoteWebDriver.java:545)
	at org.openqa.selenium.remote.RemoteWebDriver.executeScript(RemoteWebDriver.java:482)
	at pageobjects.utils.PCDriver$1.apply(PCDriver.java:167)
	at pageobjects.utils.PCDriver$1.apply(PCDriver.java:1)
	at org.openqa.selenium.support.ui.FluentWait.until(FluentWait.java:248)
	at pageobjects.utils.PCDriver.waitForPageLoad(PCDriver.java:171)
	at com.clovedental.pageobject.AppointmnetAdd.LoginPage.login(LoginPage.java:30)
	at com.clovedental.scripts.AppointmentListingTestCase.setup(AppointmentListingTestCase.java:69)
... Removed 27 stack frames</pre></div><a href='#' onClick='toggleBox("stack-trace1713568869", this, "Click to show all stack frames", "Click to hide stack frames")'>Click to show all stack frames</a>
<div class='stack-trace' id='stack-trace1713568869'><pre>org.openqa.selenium.NoSuchSessionException: Session ID is null. Using WebDriver after calling quit()?
Build info: version: &apos;3.11.0&apos;, revision: &apos;e59cfb3&apos;, time: &apos;2018-03-11T20:33:15.31Z&apos;
System info: host: &apos;CONNSOL4&apos;, ip: &apos;192.168.1.227&apos;, os.name: &apos;Windows 8.1&apos;, os.arch: &apos;amd64&apos;, os.version: &apos;6.3&apos;, java.version: &apos;1.8.0_161&apos;
Driver info: driver.version: PCDriver
	at org.openqa.selenium.remote.HttpCommandExecutor.execute(HttpCommandExecutor.java:125)
	at org.openqa.selenium.remote.service.DriverCommandExecutor.execute(DriverCommandExecutor.java:83)
	at org.openqa.selenium.remote.RemoteWebDriver.execute(RemoteWebDriver.java:545)
	at org.openqa.selenium.remote.RemoteWebDriver.executeScript(RemoteWebDriver.java:482)
	at pageobjects.utils.PCDriver$1.apply(PCDriver.java:167)
	at pageobjects.utils.PCDriver$1.apply(PCDriver.java:1)
	at org.openqa.selenium.support.ui.FluentWait.until(FluentWait.java:248)
	at pageobjects.utils.PCDriver.waitForPageLoad(PCDriver.java:171)
	at com.clovedental.pageobject.AppointmnetAdd.LoginPage.login(LoginPage.java:30)
	at com.clovedental.scripts.AppointmentListingTestCase.setup(AppointmentListingTestCase.java:69)
	at sun.reflect.NativeMethodAccessorImpl.invoke0(Native Method)
	at sun.reflect.NativeMethodAccessorImpl.invoke(NativeMethodAccessorImpl.java:62)
	at sun.reflect.DelegatingMethodAccessorImpl.invoke(DelegatingMethodAccessorImpl.java:43)
	at java.lang.reflect.Method.invoke(Method.java:498)
	at org.testng.internal.MethodInvocationHelper.invokeMethod(MethodInvocationHelper.java:124)
	at org.testng.internal.MethodInvocationHelper.invokeMethodConsideringTimeout(MethodInvocationHelper.java:59)
	at org.testng.internal.Invoker.invokeConfigurationMethod(Invoker.java:455)
	at org.testng.internal.Invoker.invokeConfigurations(Invoker.java:222)
	at org.testng.internal.Invoker.invokeConfigurations(Invoker.java:142)
	at org.testng.internal.TestMethodWorker.invokeBeforeClassMethods(TestMethodWorker.java:168)
	at org.testng.internal.TestMethodWorker.run(TestMethodWorker.java:105)
	at org.testng.TestRunner.privateRun(TestRunner.java:648)
	at org.testng.TestRunner.run(TestRunner.java:505)
	at org.testng.SuiteRunner.runTest(SuiteRunner.java:455)
	at org.testng.SuiteRunner.runSequentially(SuiteRunner.java:450)
	at org.testng.SuiteRunner.privateRun(SuiteRunner.java:415)
	at org.testng.SuiteRunner.run(SuiteRunner.java:364)
	at org.testng.SuiteRunnerWorker.runSuite(SuiteRunnerWorker.java:52)
	at org.testng.SuiteRunnerWorker.run(SuiteRunnerWorker.java:84)
	at org.testng.TestNG.runSuitesSequentially(TestNG.java:1208)
	at org.testng.TestNG.runSuitesSequentially(TestNG.java:1204)
	at org.testng.TestNG.runSuitesLocally(TestNG.java:1137)
	at org.testng.TestNG.runSuites(TestNG.java:1049)
	at org.testng.TestNG.run(TestNG.java:1017)
	at org.testng.remote.AbstractRemoteTestNG.run(AbstractRemoteTestNG.java:114)
	at org.testng.remote.RemoteTestNG.initAndRun(RemoteTestNG.java:251)
	at org.testng.remote.RemoteTestNG.main(RemoteTestNG.java:77)
</pre></div></td>
<td>0</td>
<td>com.clovedental.scripts.AppointmentListingTestCase@42b3b079</td></tr>
<tr>
<td title='com.clovedental.scripts.AppointmentListingTestCase.verifydeleteBtn()'><b>verifydeleteBtn</b><br>Test class: com.clovedental.scripts.AppointmentListingTestCase<br>Test method: 2: AppointmentList #60:Verified Behaviour of Delete Button</td>
<td><div><pre>org.openqa.selenium.NoSuchSessionException: Session ID is null. Using WebDriver after calling quit()?
Build info: version: &apos;3.11.0&apos;, revision: &apos;e59cfb3&apos;, time: &apos;2018-03-11T20:33:15.31Z&apos;
System info: host: &apos;CONNSOL4&apos;, ip: &apos;192.168.1.227&apos;, os.name: &apos;Windows 8.1&apos;, os.arch: &apos;amd64&apos;, os.version: &apos;6.3&apos;, java.version: &apos;1.8.0_161&apos;
Driver info: driver.version: PCDriver
	at org.openqa.selenium.remote.HttpCommandExecutor.execute(HttpCommandExecutor.java:125)
	at org.openqa.selenium.remote.service.DriverCommandExecutor.execute(DriverCommandExecutor.java:83)
	at org.openqa.selenium.remote.RemoteWebDriver.execute(RemoteWebDriver.java:545)
	at org.openqa.selenium.remote.RemoteWebDriver.executeScript(RemoteWebDriver.java:482)
	at pageobjects.utils.PCDriver$1.apply(PCDriver.java:167)
	at pageobjects.utils.PCDriver$1.apply(PCDriver.java:1)
	at org.openqa.selenium.support.ui.FluentWait.until(FluentWait.java:248)
	at pageobjects.utils.PCDriver.waitForPageLoad(PCDriver.java:171)
	at com.clovedental.pageobject.AppointmnetAdd.LoginPage.login(LoginPage.java:30)
	at com.clovedental.scripts.AppointmentListingTestCase.setup(AppointmentListingTestCase.java:69)
... Removed 27 stack frames</pre></div><a href='#' onClick='toggleBox("stack-trace790094605", this, "Click to show all stack frames", "Click to hide stack frames")'>Click to show all stack frames</a>
<div class='stack-trace' id='stack-trace790094605'><pre>org.openqa.selenium.NoSuchSessionException: Session ID is null. Using WebDriver after calling quit()?
Build info: version: &apos;3.11.0&apos;, revision: &apos;e59cfb3&apos;, time: &apos;2018-03-11T20:33:15.31Z&apos;
System info: host: &apos;CONNSOL4&apos;, ip: &apos;192.168.1.227&apos;, os.name: &apos;Windows 8.1&apos;, os.arch: &apos;amd64&apos;, os.version: &apos;6.3&apos;, java.version: &apos;1.8.0_161&apos;
Driver info: driver.version: PCDriver
	at org.openqa.selenium.remote.HttpCommandExecutor.execute(HttpCommandExecutor.java:125)
	at org.openqa.selenium.remote.service.DriverCommandExecutor.execute(DriverCommandExecutor.java:83)
	at org.openqa.selenium.remote.RemoteWebDriver.execute(RemoteWebDriver.java:545)
	at org.openqa.selenium.remote.RemoteWebDriver.executeScript(RemoteWebDriver.java:482)
	at pageobjects.utils.PCDriver$1.apply(PCDriver.java:167)
	at pageobjects.utils.PCDriver$1.apply(PCDriver.java:1)
	at org.openqa.selenium.support.ui.FluentWait.until(FluentWait.java:248)
	at pageobjects.utils.PCDriver.waitForPageLoad(PCDriver.java:171)
	at com.clovedental.pageobject.AppointmnetAdd.LoginPage.login(LoginPage.java:30)
	at com.clovedental.scripts.AppointmentListingTestCase.setup(AppointmentListingTestCase.java:69)
	at sun.reflect.NativeMethodAccessorImpl.invoke0(Native Method)
	at sun.reflect.NativeMethodAccessorImpl.invoke(NativeMethodAccessorImpl.java:62)
	at sun.reflect.DelegatingMethodAccessorImpl.invoke(DelegatingMethodAccessorImpl.java:43)
	at java.lang.reflect.Method.invoke(Method.java:498)
	at org.testng.internal.MethodInvocationHelper.invokeMethod(MethodInvocationHelper.java:124)
	at org.testng.internal.MethodInvocationHelper.invokeMethodConsideringTimeout(MethodInvocationHelper.java:59)
	at org.testng.internal.Invoker.invokeConfigurationMethod(Invoker.java:455)
	at org.testng.internal.Invoker.invokeConfigurations(Invoker.java:222)
	at org.testng.internal.Invoker.invokeConfigurations(Invoker.java:142)
	at org.testng.internal.TestMethodWorker.invokeBeforeClassMethods(TestMethodWorker.java:168)
	at org.testng.internal.TestMethodWorker.run(TestMethodWorker.java:105)
	at org.testng.TestRunner.privateRun(TestRunner.java:648)
	at org.testng.TestRunner.run(TestRunner.java:505)
	at org.testng.SuiteRunner.runTest(SuiteRunner.java:455)
	at org.testng.SuiteRunner.runSequentially(SuiteRunner.java:450)
	at org.testng.SuiteRunner.privateRun(SuiteRunner.java:415)
	at org.testng.SuiteRunner.run(SuiteRunner.java:364)
	at org.testng.SuiteRunnerWorker.runSuite(SuiteRunnerWorker.java:52)
	at org.testng.SuiteRunnerWorker.run(SuiteRunnerWorker.java:84)
	at org.testng.TestNG.runSuitesSequentially(TestNG.java:1208)
	at org.testng.TestNG.runSuitesSequentially(TestNG.java:1204)
	at org.testng.TestNG.runSuitesLocally(TestNG.java:1137)
	at org.testng.TestNG.runSuites(TestNG.java:1049)
	at org.testng.TestNG.run(TestNG.java:1017)
	at org.testng.remote.AbstractRemoteTestNG.run(AbstractRemoteTestNG.java:114)
	at org.testng.remote.RemoteTestNG.initAndRun(RemoteTestNG.java:251)
	at org.testng.remote.RemoteTestNG.main(RemoteTestNG.java:77)
</pre></div></td>
<td>0</td>
<td>com.clovedental.scripts.AppointmentListingTestCase@42b3b079</td></tr>
<tr>
<td title='com.clovedental.scripts.AppointmentListingTestCase.verifytentativeWithViewAndEditBtn()'><b>verifytentativeWithViewAndEditBtn</b><br>Test class: com.clovedental.scripts.AppointmentListingTestCase<br>Test method: 2: AppointmentList #56:verified tentative type View And Edit Btn always with two button</td>
<td><div><pre>org.openqa.selenium.NoSuchSessionException: Session ID is null. Using WebDriver after calling quit()?
Build info: version: &apos;3.11.0&apos;, revision: &apos;e59cfb3&apos;, time: &apos;2018-03-11T20:33:15.31Z&apos;
System info: host: &apos;CONNSOL4&apos;, ip: &apos;192.168.1.227&apos;, os.name: &apos;Windows 8.1&apos;, os.arch: &apos;amd64&apos;, os.version: &apos;6.3&apos;, java.version: &apos;1.8.0_161&apos;
Driver info: driver.version: PCDriver
	at org.openqa.selenium.remote.HttpCommandExecutor.execute(HttpCommandExecutor.java:125)
	at org.openqa.selenium.remote.service.DriverCommandExecutor.execute(DriverCommandExecutor.java:83)
	at org.openqa.selenium.remote.RemoteWebDriver.execute(RemoteWebDriver.java:545)
	at org.openqa.selenium.remote.RemoteWebDriver.executeScript(RemoteWebDriver.java:482)
	at pageobjects.utils.PCDriver$1.apply(PCDriver.java:167)
	at pageobjects.utils.PCDriver$1.apply(PCDriver.java:1)
	at org.openqa.selenium.support.ui.FluentWait.until(FluentWait.java:248)
	at pageobjects.utils.PCDriver.waitForPageLoad(PCDriver.java:171)
	at com.clovedental.pageobject.AppointmnetAdd.LoginPage.login(LoginPage.java:30)
	at com.clovedental.scripts.AppointmentListingTestCase.setup(AppointmentListingTestCase.java:69)
... Removed 27 stack frames</pre></div><a href='#' onClick='toggleBox("stack-trace1914108708", this, "Click to show all stack frames", "Click to hide stack frames")'>Click to show all stack frames</a>
<div class='stack-trace' id='stack-trace1914108708'><pre>org.openqa.selenium.NoSuchSessionException: Session ID is null. Using WebDriver after calling quit()?
Build info: version: &apos;3.11.0&apos;, revision: &apos;e59cfb3&apos;, time: &apos;2018-03-11T20:33:15.31Z&apos;
System info: host: &apos;CONNSOL4&apos;, ip: &apos;192.168.1.227&apos;, os.name: &apos;Windows 8.1&apos;, os.arch: &apos;amd64&apos;, os.version: &apos;6.3&apos;, java.version: &apos;1.8.0_161&apos;
Driver info: driver.version: PCDriver
	at org.openqa.selenium.remote.HttpCommandExecutor.execute(HttpCommandExecutor.java:125)
	at org.openqa.selenium.remote.service.DriverCommandExecutor.execute(DriverCommandExecutor.java:83)
	at org.openqa.selenium.remote.RemoteWebDriver.execute(RemoteWebDriver.java:545)
	at org.openqa.selenium.remote.RemoteWebDriver.executeScript(RemoteWebDriver.java:482)
	at pageobjects.utils.PCDriver$1.apply(PCDriver.java:167)
	at pageobjects.utils.PCDriver$1.apply(PCDriver.java:1)
	at org.openqa.selenium.support.ui.FluentWait.until(FluentWait.java:248)
	at pageobjects.utils.PCDriver.waitForPageLoad(PCDriver.java:171)
	at com.clovedental.pageobject.AppointmnetAdd.LoginPage.login(LoginPage.java:30)
	at com.clovedental.scripts.AppointmentListingTestCase.setup(AppointmentListingTestCase.java:69)
	at sun.reflect.NativeMethodAccessorImpl.invoke0(Native Method)
	at sun.reflect.NativeMethodAccessorImpl.invoke(NativeMethodAccessorImpl.java:62)
	at sun.reflect.DelegatingMethodAccessorImpl.invoke(DelegatingMethodAccessorImpl.java:43)
	at java.lang.reflect.Method.invoke(Method.java:498)
	at org.testng.internal.MethodInvocationHelper.invokeMethod(MethodInvocationHelper.java:124)
	at org.testng.internal.MethodInvocationHelper.invokeMethodConsideringTimeout(MethodInvocationHelper.java:59)
	at org.testng.internal.Invoker.invokeConfigurationMethod(Invoker.java:455)
	at org.testng.internal.Invoker.invokeConfigurations(Invoker.java:222)
	at org.testng.internal.Invoker.invokeConfigurations(Invoker.java:142)
	at org.testng.internal.TestMethodWorker.invokeBeforeClassMethods(TestMethodWorker.java:168)
	at org.testng.internal.TestMethodWorker.run(TestMethodWorker.java:105)
	at org.testng.TestRunner.privateRun(TestRunner.java:648)
	at org.testng.TestRunner.run(TestRunner.java:505)
	at org.testng.SuiteRunner.runTest(SuiteRunner.java:455)
	at org.testng.SuiteRunner.runSequentially(SuiteRunner.java:450)
	at org.testng.SuiteRunner.privateRun(SuiteRunner.java:415)
	at org.testng.SuiteRunner.run(SuiteRunner.java:364)
	at org.testng.SuiteRunnerWorker.runSuite(SuiteRunnerWorker.java:52)
	at org.testng.SuiteRunnerWorker.run(SuiteRunnerWorker.java:84)
	at org.testng.TestNG.runSuitesSequentially(TestNG.java:1208)
	at org.testng.TestNG.runSuitesSequentially(TestNG.java:1204)
	at org.testng.TestNG.runSuitesLocally(TestNG.java:1137)
	at org.testng.TestNG.runSuites(TestNG.java:1049)
	at org.testng.TestNG.run(TestNG.java:1017)
	at org.testng.remote.AbstractRemoteTestNG.run(AbstractRemoteTestNG.java:114)
	at org.testng.remote.RemoteTestNG.initAndRun(RemoteTestNG.java:251)
	at org.testng.remote.RemoteTestNG.main(RemoteTestNG.java:77)
</pre></div></td>
<td>0</td>
<td>com.clovedental.scripts.AppointmentListingTestCase@42b3b079</td></tr>
</table><p>
</body>
</html>